
*** Running vivado
    with args -log Top_Student.vds -m64 -product Vivado -mode batch -messageDb vivado.pb -notrace -source Top_Student.tcl


****** Vivado v2018.2 (64-bit)
  **** SW Build 2258646 on Thu Jun 14 20:03:12 MDT 2018
  **** IP Build 2256618 on Thu Jun 14 22:10:49 MDT 2018
    ** Copyright 1986-2018 Xilinx, Inc. All Rights Reserved.

source Top_Student.tcl -notrace
Command: synth_design -top Top_Student -part xc7a35tcpg236-1
Starting synth_design
Attempting to get a license for feature 'Synthesis' and/or device 'xc7a35t'
INFO: [Common 17-349] Got license for feature 'Synthesis' and/or device 'xc7a35t'
INFO: Launching helper process for spawning children vivado processes
INFO: Helper process launched with PID 4988 
WARNING: [Synth 8-2644] root scope declaration is not allowed in verilog 95/2K mode [C:/Users/Joshua/Documents/GitHub/EE2026/MouseAudioDisplay/MouseAudioDisplay.srcs/sources_1/new/whack_a_mole.v:22]
WARNING: [Synth 8-2644] root scope declaration is not allowed in verilog 95/2K mode [C:/Users/Joshua/Documents/GitHub/EE2026/MouseAudioDisplay/MouseAudioDisplay.srcs/sources_1/new/Top_Student.v:13]
WARNING: [Synth 8-2644] root scope declaration is not allowed in verilog 95/2K mode [C:/Users/Joshua/Documents/GitHub/EE2026/MouseAudioDisplay/MouseAudioDisplay.srcs/sources_1/new/Top_Student.v:14]
WARNING: [Synth 8-2644] root scope declaration is not allowed in verilog 95/2K mode [C:/Users/Joshua/Documents/GitHub/EE2026/MouseAudioDisplay/MouseAudioDisplay.srcs/sources_1/new/Top_Student.v:15]
WARNING: [Synth 8-2644] root scope declaration is not allowed in verilog 95/2K mode [C:/Users/Joshua/Documents/GitHub/EE2026/MouseAudioDisplay/MouseAudioDisplay.srcs/sources_1/new/Top_Student.v:16]
---------------------------------------------------------------------------------
Starting RTL Elaboration : Time (s): cpu = 00:00:02 ; elapsed = 00:00:02 . Memory (MB): peak = 398.867 ; gain = 142.035
---------------------------------------------------------------------------------
INFO: [Synth 8-6157] synthesizing module 'Top_Student' [C:/Users/Joshua/Documents/GitHub/EE2026/MouseAudioDisplay/MouseAudioDisplay.srcs/sources_1/new/Top_Student.v:18]
INFO: [Synth 8-6157] synthesizing module 'clk_variable' [C:/Users/Joshua/Documents/GitHub/EE2026/MouseAudioDisplay/MouseAudioDisplay.srcs/sources_1/new/clk_variable.v:23]
INFO: [Synth 8-6155] done synthesizing module 'clk_variable' (1#1) [C:/Users/Joshua/Documents/GitHub/EE2026/MouseAudioDisplay/MouseAudioDisplay.srcs/sources_1/new/clk_variable.v:23]
INFO: [Synth 8-6157] synthesizing module 'Audio_Input' [C:/Users/Joshua/Documents/GitHub/EE2026/MouseAudioDisplay/MouseAudioDisplay.srcs/sources_1/imports/Desktop/Audio_Input.v:25]
INFO: [Synth 8-6155] done synthesizing module 'Audio_Input' (2#1) [C:/Users/Joshua/Documents/GitHub/EE2026/MouseAudioDisplay/MouseAudioDisplay.srcs/sources_1/imports/Desktop/Audio_Input.v:25]
INFO: [Synth 8-6157] synthesizing module 'audio_level_calc' [C:/Users/Joshua/Documents/GitHub/EE2026/MouseAudioDisplay/MouseAudioDisplay.srcs/sources_1/new/audio_level_calc.v:23]
INFO: [Synth 8-6155] done synthesizing module 'audio_level_calc' (3#1) [C:/Users/Joshua/Documents/GitHub/EE2026/MouseAudioDisplay/MouseAudioDisplay.srcs/sources_1/new/audio_level_calc.v:23]
INFO: [Synth 8-6157] synthesizing module 'display_led' [C:/Users/Joshua/Documents/GitHub/EE2026/MouseAudioDisplay/MouseAudioDisplay.srcs/sources_1/new/audio_intensity.v:23]
INFO: [Synth 8-155] case statement is not full and has no default [C:/Users/Joshua/Documents/GitHub/EE2026/MouseAudioDisplay/MouseAudioDisplay.srcs/sources_1/new/audio_intensity.v:33]
INFO: [Synth 8-6155] done synthesizing module 'display_led' (4#1) [C:/Users/Joshua/Documents/GitHub/EE2026/MouseAudioDisplay/MouseAudioDisplay.srcs/sources_1/new/audio_intensity.v:23]
INFO: [Synth 8-6157] synthesizing module 'mic_wave' [C:/Users/Joshua/Documents/GitHub/EE2026/MouseAudioDisplay/MouseAudioDisplay.srcs/sources_1/new/mic_wave.v:23]
WARNING: [Synth 8-567] referenced signal 'current_option' should be on the sensitivity list [C:/Users/Joshua/Documents/GitHub/EE2026/MouseAudioDisplay/MouseAudioDisplay.srcs/sources_1/new/mic_wave.v:69]
WARNING: [Synth 8-567] referenced signal 'capture' should be on the sensitivity list [C:/Users/Joshua/Documents/GitHub/EE2026/MouseAudioDisplay/MouseAudioDisplay.srcs/sources_1/new/mic_wave.v:69]
WARNING: [Synth 8-567] referenced signal 'background' should be on the sensitivity list [C:/Users/Joshua/Documents/GitHub/EE2026/MouseAudioDisplay/MouseAudioDisplay.srcs/sources_1/new/mic_wave.v:69]
WARNING: [Synth 8-567] referenced signal 'cursor' should be on the sensitivity list [C:/Users/Joshua/Documents/GitHub/EE2026/MouseAudioDisplay/MouseAudioDisplay.srcs/sources_1/new/mic_wave.v:69]
INFO: [Synth 8-6155] done synthesizing module 'mic_wave' (5#1) [C:/Users/Joshua/Documents/GitHub/EE2026/MouseAudioDisplay/MouseAudioDisplay.srcs/sources_1/new/mic_wave.v:23]
INFO: [Synth 8-638] synthesizing module 'MouseCtl' [C:/Users/Joshua/Documents/GitHub/EE2026/MouseAudioDisplay/MouseAudioDisplay.srcs/sources_1/imports/Desktop/Mouse_Control.vhd:212]
	Parameter SYSCLK_FREQUENCY_HZ bound to: 100000000 - type: integer 
	Parameter CHECK_PERIOD_MS bound to: 500 - type: integer 
	Parameter TIMEOUT_PERIOD_MS bound to: 100 - type: integer 
INFO: [Synth 8-3491] module 'Ps2Interface' declared at 'C:/Users/Joshua/Documents/GitHub/EE2026/MouseAudioDisplay/MouseAudioDisplay.srcs/sources_1/imports/Desktop/Ps2Interface.vhd:156' bound to instance 'Inst_Ps2Interface' of component 'Ps2Interface' [C:/Users/Joshua/Documents/GitHub/EE2026/MouseAudioDisplay/MouseAudioDisplay.srcs/sources_1/imports/Desktop/Mouse_Control.vhd:374]
INFO: [Synth 8-638] synthesizing module 'Ps2Interface' [C:/Users/Joshua/Documents/GitHub/EE2026/MouseAudioDisplay/MouseAudioDisplay.srcs/sources_1/imports/Desktop/Ps2Interface.vhd:184]
INFO: [Synth 8-256] done synthesizing module 'Ps2Interface' (6#1) [C:/Users/Joshua/Documents/GitHub/EE2026/MouseAudioDisplay/MouseAudioDisplay.srcs/sources_1/imports/Desktop/Ps2Interface.vhd:184]
WARNING: [Synth 8-6014] Unused sequential element inc_reg was removed.  [C:/Users/Joshua/Documents/GitHub/EE2026/MouseAudioDisplay/MouseAudioDisplay.srcs/sources_1/imports/Desktop/Mouse_Control.vhd:455]
WARNING: [Synth 8-6014] Unused sequential element x_inter_reg was removed.  [C:/Users/Joshua/Documents/GitHub/EE2026/MouseAudioDisplay/MouseAudioDisplay.srcs/sources_1/imports/Desktop/Mouse_Control.vhd:461]
WARNING: [Synth 8-6014] Unused sequential element inc_reg was removed.  [C:/Users/Joshua/Documents/GitHub/EE2026/MouseAudioDisplay/MouseAudioDisplay.srcs/sources_1/imports/Desktop/Mouse_Control.vhd:519]
WARNING: [Synth 8-6014] Unused sequential element y_inter_reg was removed.  [C:/Users/Joshua/Documents/GitHub/EE2026/MouseAudioDisplay/MouseAudioDisplay.srcs/sources_1/imports/Desktop/Mouse_Control.vhd:525]
INFO: [Synth 8-256] done synthesizing module 'MouseCtl' (7#1) [C:/Users/Joshua/Documents/GitHub/EE2026/MouseAudioDisplay/MouseAudioDisplay.srcs/sources_1/imports/Desktop/Mouse_Control.vhd:212]
INFO: [Synth 8-6157] synthesizing module 'xycoordinate' [C:/Users/Joshua/Documents/GitHub/EE2026/MouseAudioDisplay/MouseAudioDisplay.srcs/sources_1/new/xycoordinate.v:23]
INFO: [Synth 8-6155] done synthesizing module 'xycoordinate' (8#1) [C:/Users/Joshua/Documents/GitHub/EE2026/MouseAudioDisplay/MouseAudioDisplay.srcs/sources_1/new/xycoordinate.v:23]
INFO: [Synth 8-6157] synthesizing module 'mouse_task' [C:/Users/Joshua/Documents/GitHub/EE2026/MouseAudioDisplay/MouseAudioDisplay.srcs/sources_1/new/mouse_task.v:23]
	Parameter red bound to: 16'b1111100000000000 
	Parameter black bound to: 16'b0000000000000000 
INFO: [Synth 8-6155] done synthesizing module 'mouse_task' (9#1) [C:/Users/Joshua/Documents/GitHub/EE2026/MouseAudioDisplay/MouseAudioDisplay.srcs/sources_1/new/mouse_task.v:23]
INFO: [Synth 8-6157] synthesizing module 'grp_task_module' [C:/Users/Joshua/Documents/GitHub/EE2026/MouseAudioDisplay/MouseAudioDisplay.srcs/sources_1/new/grp_task.v:23]
	Parameter green bound to: 16'b0000011111100000 
	Parameter red bound to: 16'b1111100000000000 
	Parameter black bound to: 16'b0000000000000000 
	Parameter white bound to: 16'b1111111111111111 
INFO: [Synth 8-6155] done synthesizing module 'grp_task_module' (10#1) [C:/Users/Joshua/Documents/GitHub/EE2026/MouseAudioDisplay/MouseAudioDisplay.srcs/sources_1/new/grp_task.v:23]
INFO: [Synth 8-6157] synthesizing module 'display_seg' [C:/Users/Joshua/Documents/GitHub/EE2026/MouseAudioDisplay/MouseAudioDisplay.srcs/sources_1/new/display_seg.v:23]
INFO: [Synth 8-155] case statement is not full and has no default [C:/Users/Joshua/Documents/GitHub/EE2026/MouseAudioDisplay/MouseAudioDisplay.srcs/sources_1/new/display_seg.v:46]
INFO: [Synth 8-6155] done synthesizing module 'display_seg' (11#1) [C:/Users/Joshua/Documents/GitHub/EE2026/MouseAudioDisplay/MouseAudioDisplay.srcs/sources_1/new/display_seg.v:23]
WARNING: [Synth 8-689] width (3) of port connection 'reset_n' does not match port width (1) of module 'display_seg' [C:/Users/Joshua/Documents/GitHub/EE2026/MouseAudioDisplay/MouseAudioDisplay.srcs/sources_1/new/Top_Student.v:160]
WARNING: [Synth 8-350] instance 'ds' of module 'display_seg' requires 10 connections, but only 9 given [C:/Users/Joshua/Documents/GitHub/EE2026/MouseAudioDisplay/MouseAudioDisplay.srcs/sources_1/new/Top_Student.v:160]
INFO: [Synth 8-6157] synthesizing module 'Oled_Display' [C:/Users/Joshua/Documents/GitHub/EE2026/MouseAudioDisplay/MouseAudioDisplay.srcs/sources_1/imports/Desktop/Oled_Display.v:36]
	Parameter Width bound to: 96 - type: integer 
	Parameter Height bound to: 64 - type: integer 
	Parameter PixelCount bound to: 6144 - type: integer 
	Parameter PixelCountWidth bound to: 13 - type: integer 
	Parameter ClkFreq bound to: 6250000 - type: integer 
	Parameter FrameFreq bound to: 60 - type: integer 
	Parameter FrameDiv bound to: 104166 - type: integer 
	Parameter FrameDivWidth bound to: 17 - type: integer 
	Parameter PowerDelay bound to: 20 - type: integer 
	Parameter ResetDelay bound to: 3 - type: integer 
	Parameter VccEnDelay bound to: 20 - type: integer 
	Parameter StartupCompleteDelay bound to: 100 - type: integer 
	Parameter MaxDelay bound to: 100 - type: integer 
	Parameter MaxDelayCount bound to: 625000 - type: integer 
	Parameter StateCount bound to: 32 - type: integer 
	Parameter StateWidth bound to: 5 - type: integer 
	Parameter PowerUp bound to: 5'b00000 
	Parameter Reset bound to: 5'b00001 
	Parameter ReleaseReset bound to: 5'b00011 
	Parameter EnableDriver bound to: 5'b00010 
	Parameter DisplayOff bound to: 5'b00110 
	Parameter SetRemapDisplayFormat bound to: 5'b00111 
	Parameter SetStartLine bound to: 5'b00101 
	Parameter SetOffset bound to: 5'b00100 
	Parameter SetNormalDisplay bound to: 5'b01100 
	Parameter SetMultiplexRatio bound to: 5'b01101 
	Parameter SetMasterConfiguration bound to: 5'b01111 
	Parameter DisablePowerSave bound to: 5'b01110 
	Parameter SetPhaseAdjust bound to: 5'b01010 
	Parameter SetDisplayClock bound to: 5'b01011 
	Parameter SetSecondPrechargeA bound to: 5'b01001 
	Parameter SetSecondPrechargeB bound to: 5'b01000 
	Parameter SetSecondPrechargeC bound to: 5'b11000 
	Parameter SetPrechargeLevel bound to: 5'b11001 
	Parameter SetVCOMH bound to: 5'b11011 
	Parameter SetMasterCurrent bound to: 5'b11010 
	Parameter SetContrastA bound to: 5'b11110 
	Parameter SetContrastB bound to: 5'b11111 
	Parameter SetContrastC bound to: 5'b11101 
	Parameter DisableScrolling bound to: 5'b11100 
	Parameter ClearScreen bound to: 5'b10100 
	Parameter VccEn bound to: 5'b10101 
	Parameter DisplayOn bound to: 5'b10111 
	Parameter PrepareNextFrame bound to: 5'b10110 
	Parameter SetColAddress bound to: 5'b10010 
	Parameter SetRowAddress bound to: 5'b10011 
	Parameter WaitNextFrame bound to: 5'b10001 
	Parameter SendPixel bound to: 5'b10000 
	Parameter SpiCommandMaxWidth bound to: 40 - type: integer 
	Parameter SpiCommandBitCountWidth bound to: 6 - type: integer 
INFO: [Synth 8-226] default block is never used [C:/Users/Joshua/Documents/GitHub/EE2026/MouseAudioDisplay/MouseAudioDisplay.srcs/sources_1/imports/Desktop/Oled_Display.v:123]
INFO: [Synth 8-226] default block is never used [C:/Users/Joshua/Documents/GitHub/EE2026/MouseAudioDisplay/MouseAudioDisplay.srcs/sources_1/imports/Desktop/Oled_Display.v:198]
WARNING: [Synth 8-693] zero replication count - replication ignored [C:/Users/Joshua/Documents/GitHub/EE2026/MouseAudioDisplay/MouseAudioDisplay.srcs/sources_1/imports/Desktop/Oled_Display.v:346]
INFO: [Synth 8-6155] done synthesizing module 'Oled_Display' (12#1) [C:/Users/Joshua/Documents/GitHub/EE2026/MouseAudioDisplay/MouseAudioDisplay.srcs/sources_1/imports/Desktop/Oled_Display.v:36]
INFO: [Synth 8-6157] synthesizing module 'oled_indiv_task' [C:/Users/Joshua/Documents/GitHub/EE2026/MouseAudioDisplay/MouseAudioDisplay.srcs/sources_1/new/oled_indiv_task.v:23]
	Parameter green bound to: 16'b0000011111100000 
	Parameter black bound to: 16'b0000000000000000 
	Parameter white bound to: 16'b1111111111111111 
WARNING: [Synth 8-567] referenced signal 'current_option' should be on the sensitivity list [C:/Users/Joshua/Documents/GitHub/EE2026/MouseAudioDisplay/MouseAudioDisplay.srcs/sources_1/new/oled_indiv_task.v:35]
WARNING: [Synth 8-567] referenced signal 'sw' should be on the sensitivity list [C:/Users/Joshua/Documents/GitHub/EE2026/MouseAudioDisplay/MouseAudioDisplay.srcs/sources_1/new/oled_indiv_task.v:35]
WARNING: [Synth 8-567] referenced signal 'zero' should be on the sensitivity list [C:/Users/Joshua/Documents/GitHub/EE2026/MouseAudioDisplay/MouseAudioDisplay.srcs/sources_1/new/oled_indiv_task.v:35]
WARNING: [Synth 8-567] referenced signal 'one' should be on the sensitivity list [C:/Users/Joshua/Documents/GitHub/EE2026/MouseAudioDisplay/MouseAudioDisplay.srcs/sources_1/new/oled_indiv_task.v:35]
WARNING: [Synth 8-567] referenced signal 'two' should be on the sensitivity list [C:/Users/Joshua/Documents/GitHub/EE2026/MouseAudioDisplay/MouseAudioDisplay.srcs/sources_1/new/oled_indiv_task.v:35]
WARNING: [Synth 8-567] referenced signal 'lines' should be on the sensitivity list [C:/Users/Joshua/Documents/GitHub/EE2026/MouseAudioDisplay/MouseAudioDisplay.srcs/sources_1/new/oled_indiv_task.v:35]
INFO: [Synth 8-6155] done synthesizing module 'oled_indiv_task' (13#1) [C:/Users/Joshua/Documents/GitHub/EE2026/MouseAudioDisplay/MouseAudioDisplay.srcs/sources_1/new/oled_indiv_task.v:23]
WARNING: [Synth 8-689] width (16) of port connection 'sw' does not match port width (4) of module 'oled_indiv_task' [C:/Users/Joshua/Documents/GitHub/EE2026/MouseAudioDisplay/MouseAudioDisplay.srcs/sources_1/new/Top_Student.v:168]
INFO: [Synth 8-6157] synthesizing module 'menu_display' [C:/Users/Joshua/Documents/GitHub/EE2026/MouseAudioDisplay/MouseAudioDisplay.srcs/sources_1/new/menu_display.v:23]
WARNING: [Synth 8-6014] Unused sequential element char_count_reg was removed.  [C:/Users/Joshua/Documents/GitHub/EE2026/MouseAudioDisplay/MouseAudioDisplay.srcs/sources_1/new/menu_display.v:56]
INFO: [Synth 8-6155] done synthesizing module 'menu_display' (14#1) [C:/Users/Joshua/Documents/GitHub/EE2026/MouseAudioDisplay/MouseAudioDisplay.srcs/sources_1/new/menu_display.v:23]
INFO: [Synth 8-6157] synthesizing module 'menu_2' [C:/Users/Joshua/Documents/GitHub/EE2026/MouseAudioDisplay/MouseAudioDisplay.srcs/sources_1/new/menu_2.v:23]
INFO: [Synth 8-6155] done synthesizing module 'menu_2' (15#1) [C:/Users/Joshua/Documents/GitHub/EE2026/MouseAudioDisplay/MouseAudioDisplay.srcs/sources_1/new/menu_2.v:23]
INFO: [Synth 8-6157] synthesizing module 'whack_a_mole' [C:/Users/Joshua/Documents/GitHub/EE2026/MouseAudioDisplay/MouseAudioDisplay.srcs/sources_1/new/whack_a_mole.v:24]
	Parameter green bound to: 16'b0000011111100000 
	Parameter red bound to: 16'b1111100000000000 
	Parameter black bound to: 16'b0000000000000000 
	Parameter white bound to: 16'b1111111111111111 
	Parameter blue bound to: 16'b0000000000011111 
INFO: [Synth 8-6157] synthesizing module 'random_generator' [C:/Users/Joshua/Documents/GitHub/EE2026/MouseAudioDisplay/MouseAudioDisplay.srcs/sources_1/new/random_generator.v:23]
	Parameter N bound to: 3 - type: integer 
INFO: [Synth 8-6155] done synthesizing module 'random_generator' (16#1) [C:/Users/Joshua/Documents/GitHub/EE2026/MouseAudioDisplay/MouseAudioDisplay.srcs/sources_1/new/random_generator.v:23]
WARNING: [Synth 8-6090] variable 'whichmole' is written by both blocking and non-blocking assignments, entire logic could be removed [C:/Users/Joshua/Documents/GitHub/EE2026/MouseAudioDisplay/MouseAudioDisplay.srcs/sources_1/new/whack_a_mole.v:128]
WARNING: [Synth 8-6090] variable 'whichmole' is written by both blocking and non-blocking assignments, entire logic could be removed [C:/Users/Joshua/Documents/GitHub/EE2026/MouseAudioDisplay/MouseAudioDisplay.srcs/sources_1/new/whack_a_mole.v:133]
WARNING: [Synth 8-6090] variable 'whichmole' is written by both blocking and non-blocking assignments, entire logic could be removed [C:/Users/Joshua/Documents/GitHub/EE2026/MouseAudioDisplay/MouseAudioDisplay.srcs/sources_1/new/whack_a_mole.v:138]
INFO: [Synth 8-6155] done synthesizing module 'whack_a_mole' (17#1) [C:/Users/Joshua/Documents/GitHub/EE2026/MouseAudioDisplay/MouseAudioDisplay.srcs/sources_1/new/whack_a_mole.v:24]
WARNING: [Synth 8-689] width (1) of port connection 'score' does not match port width (16) of module 'whack_a_mole' [C:/Users/Joshua/Documents/GitHub/EE2026/MouseAudioDisplay/MouseAudioDisplay.srcs/sources_1/new/Top_Student.v:179]
INFO: [Synth 8-6155] done synthesizing module 'Top_Student' (18#1) [C:/Users/Joshua/Documents/GitHub/EE2026/MouseAudioDisplay/MouseAudioDisplay.srcs/sources_1/new/Top_Student.v:18]
WARNING: [Synth 8-3331] design menu_display has unconnected port main_menu_option[2]
WARNING: [Synth 8-3331] design menu_display has unconnected port main_menu_option[1]
WARNING: [Synth 8-3331] design menu_display has unconnected port main_menu_option[0]
WARNING: [Synth 8-3331] design menu_display has unconnected port btnU
WARNING: [Synth 8-3331] design display_seg has unconnected port reset_n
WARNING: [Synth 8-3331] design grp_task_module has unconnected port sw[14]
WARNING: [Synth 8-3331] design grp_task_module has unconnected port sw[13]
WARNING: [Synth 8-3331] design grp_task_module has unconnected port sw[12]
WARNING: [Synth 8-3331] design grp_task_module has unconnected port sw[11]
WARNING: [Synth 8-3331] design grp_task_module has unconnected port sw[10]
WARNING: [Synth 8-3331] design grp_task_module has unconnected port sw[9]
WARNING: [Synth 8-3331] design grp_task_module has unconnected port sw[8]
WARNING: [Synth 8-3331] design grp_task_module has unconnected port sw[7]
WARNING: [Synth 8-3331] design grp_task_module has unconnected port sw[6]
WARNING: [Synth 8-3331] design grp_task_module has unconnected port sw[5]
WARNING: [Synth 8-3331] design grp_task_module has unconnected port sw[4]
WARNING: [Synth 8-3331] design grp_task_module has unconnected port sw[2]
WARNING: [Synth 8-3331] design grp_task_module has unconnected port sw[1]
WARNING: [Synth 8-3331] design grp_task_module has unconnected port sw[0]
WARNING: [Synth 8-3331] design Top_Student has unconnected port JC[2]
---------------------------------------------------------------------------------
Finished RTL Elaboration : Time (s): cpu = 00:00:09 ; elapsed = 00:00:09 . Memory (MB): peak = 622.785 ; gain = 365.953
---------------------------------------------------------------------------------

Report Check Netlist: 
+------+------------------+-------+---------+-------+------------------+
|      |Item              |Errors |Warnings |Status |Description       |
+------+------------------+-------+---------+-------+------------------+
|1     |multi_driven_nets |      0|        0|Passed |Multi driven nets |
+------+------------------+-------+---------+-------+------------------+
WARNING: [Synth 8-3295] tying undriven pin ds:task_option[2] to constant 0 [C:/Users/Joshua/Documents/GitHub/EE2026/MouseAudioDisplay/MouseAudioDisplay.srcs/sources_1/new/Top_Student.v:160]
WARNING: [Synth 8-3295] tying undriven pin ds:task_option[1] to constant 0 [C:/Users/Joshua/Documents/GitHub/EE2026/MouseAudioDisplay/MouseAudioDisplay.srcs/sources_1/new/Top_Student.v:160]
WARNING: [Synth 8-3295] tying undriven pin ds:task_option[0] to constant 0 [C:/Users/Joshua/Documents/GitHub/EE2026/MouseAudioDisplay/MouseAudioDisplay.srcs/sources_1/new/Top_Student.v:160]
---------------------------------------------------------------------------------
Start Handling Custom Attributes
---------------------------------------------------------------------------------
---------------------------------------------------------------------------------
Finished Handling Custom Attributes : Time (s): cpu = 00:00:10 ; elapsed = 00:00:10 . Memory (MB): peak = 622.785 ; gain = 365.953
---------------------------------------------------------------------------------
---------------------------------------------------------------------------------
Finished RTL Optimization Phase 1 : Time (s): cpu = 00:00:10 ; elapsed = 00:00:10 . Memory (MB): peak = 622.785 ; gain = 365.953
---------------------------------------------------------------------------------
INFO: [Device 21-403] Loading part xc7a35tcpg236-1
INFO: [Project 1-570] Preparing netlist for logic optimization

Processing XDC Constraints
Initializing timing engine
Parsing XDC File [C:/Users/Joshua/Documents/GitHub/EE2026/MouseAudioDisplay/MouseAudioDisplay.srcs/constrs_1/new/Basys3_Master.xdc]
Finished Parsing XDC File [C:/Users/Joshua/Documents/GitHub/EE2026/MouseAudioDisplay/MouseAudioDisplay.srcs/constrs_1/new/Basys3_Master.xdc]
INFO: [Project 1-236] Implementation specific constraints were found while reading constraint file [C:/Users/Joshua/Documents/GitHub/EE2026/MouseAudioDisplay/MouseAudioDisplay.srcs/constrs_1/new/Basys3_Master.xdc]. These constraints will be ignored for synthesis but will be used in implementation. Impacted constraints are listed in the file [.Xil/Top_Student_propImpl.xdc].
Resolution: To avoid this warning, move constraints listed in [.Xil/Top_Student_propImpl.xdc] to another XDC file and exclude this new file from synthesis with the used_in_synthesis property (File Properties dialog in GUI) and re-run elaboration/synthesis.
Completed Processing XDC Constraints

INFO: [Project 1-111] Unisim Transformation Summary:
No Unisim elements were transformed.

Constraint Validation Runtime : Time (s): cpu = 00:00:00 ; elapsed = 00:00:00.003 . Memory (MB): peak = 896.699 ; gain = 0.000
---------------------------------------------------------------------------------
Finished Constraint Validation : Time (s): cpu = 00:00:20 ; elapsed = 00:00:21 . Memory (MB): peak = 896.699 ; gain = 639.867
---------------------------------------------------------------------------------
---------------------------------------------------------------------------------
Start Loading Part and Timing Information
---------------------------------------------------------------------------------
Loading part: xc7a35tcpg236-1
---------------------------------------------------------------------------------
Finished Loading Part and Timing Information : Time (s): cpu = 00:00:20 ; elapsed = 00:00:21 . Memory (MB): peak = 896.699 ; gain = 639.867
---------------------------------------------------------------------------------
---------------------------------------------------------------------------------
Start Applying 'set_property' XDC Constraints
---------------------------------------------------------------------------------
---------------------------------------------------------------------------------
Finished applying 'set_property' XDC Constraints : Time (s): cpu = 00:00:20 ; elapsed = 00:00:21 . Memory (MB): peak = 896.699 ; gain = 639.867
---------------------------------------------------------------------------------
INFO: [Synth 8-5545] ROM "clk_out0" won't be mapped to RAM because address size (32) is larger than maximum supported(25)
INFO: [Synth 8-5546] ROM "volume0" won't be mapped to RAM because it is too sparse
INFO: [Synth 8-4471] merging register 'capture_reg[23][3:0]' into 'capture_reg[22][3:0]' [C:/Users/Joshua/Documents/GitHub/EE2026/MouseAudioDisplay/MouseAudioDisplay.srcs/sources_1/new/mic_wave.v:147]
WARNING: [Synth 8-6014] Unused sequential element capture_reg[23] was removed.  [C:/Users/Joshua/Documents/GitHub/EE2026/MouseAudioDisplay/MouseAudioDisplay.srcs/sources_1/new/mic_wave.v:147]
INFO: [Synth 8-802] inferred FSM for state register 'state_reg' in module 'Ps2Interface'
INFO: [Synth 8-5546] ROM "reset_bit_count" won't be mapped to RAM because it is too sparse
INFO: [Synth 8-5546] ROM "busy" won't be mapped to RAM because it is too sparse
INFO: [Synth 8-5546] ROM "read_data" won't be mapped to RAM because it is too sparse
INFO: [Synth 8-5546] ROM "load_tx_data" won't be mapped to RAM because it is too sparse
INFO: [Synth 8-5546] ROM "ps2_clk_h" won't be mapped to RAM because it is too sparse
INFO: [Synth 8-5546] ROM "delay_100us_counter_enable" won't be mapped to RAM because it is too sparse
INFO: [Synth 8-5546] ROM "delay_20us_counter_enable" won't be mapped to RAM because it is too sparse
INFO: [Synth 8-5546] ROM "delay_63clk_counter_enable" won't be mapped to RAM because it is too sparse
INFO: [Synth 8-5544] ROM "state" won't be mapped to Block RAM because address size (1) smaller than threshold (5)
INFO: [Synth 8-5544] ROM "state" won't be mapped to Block RAM because address size (1) smaller than threshold (5)
INFO: [Synth 8-5544] ROM "state" won't be mapped to Block RAM because address size (1) smaller than threshold (5)
INFO: [Synth 8-5544] ROM "state" won't be mapped to Block RAM because address size (1) smaller than threshold (5)
INFO: [Synth 8-5544] ROM "state" won't be mapped to Block RAM because address size (1) smaller than threshold (5)
INFO: [Synth 8-5544] ROM "state" won't be mapped to Block RAM because address size (1) smaller than threshold (5)
INFO: [Synth 8-5544] ROM "state" won't be mapped to Block RAM because address size (1) smaller than threshold (5)
INFO: [Synth 8-5544] ROM "state" won't be mapped to Block RAM because address size (1) smaller than threshold (5)
INFO: [Synth 8-5544] ROM "state" won't be mapped to Block RAM because address size (1) smaller than threshold (5)
INFO: [Synth 8-5544] ROM "state" won't be mapped to Block RAM because address size (1) smaller than threshold (5)
INFO: [Synth 8-5544] ROM "state" won't be mapped to Block RAM because address size (1) smaller than threshold (5)
INFO: [Synth 8-5544] ROM "state" won't be mapped to Block RAM because address size (1) smaller than threshold (5)
INFO: [Synth 8-5544] ROM "state" won't be mapped to Block RAM because address size (1) smaller than threshold (5)
INFO: [Synth 8-802] inferred FSM for state register 'state_reg' in module 'MouseCtl'
INFO: [Synth 8-5545] ROM "periodic_check_tick" won't be mapped to RAM because address size (26) is larger than maximum supported(25)
INFO: [Synth 8-5546] ROM "timeout" won't be mapped to RAM because it is too sparse
INFO: [Synth 8-5546] ROM "reset_periodic_check_cnt" won't be mapped to RAM because it is too sparse
INFO: [Synth 8-5546] ROM "new_event" won't be mapped to RAM because it is too sparse
INFO: [Synth 8-5544] ROM "state" won't be mapped to Block RAM because address size (1) smaller than threshold (5)
INFO: [Synth 8-5544] ROM "state" won't be mapped to Block RAM because address size (1) smaller than threshold (5)
INFO: [Synth 8-5544] ROM "state" won't be mapped to Block RAM because address size (1) smaller than threshold (5)
INFO: [Synth 8-5544] ROM "state" won't be mapped to Block RAM because address size (1) smaller than threshold (5)
INFO: [Synth 8-5544] ROM "state" won't be mapped to Block RAM because address size (1) smaller than threshold (5)
INFO: [Synth 8-5544] ROM "state" won't be mapped to Block RAM because address size (1) smaller than threshold (5)
INFO: [Synth 8-5544] ROM "state" won't be mapped to Block RAM because address size (1) smaller than threshold (5)
INFO: [Synth 8-5544] ROM "state" won't be mapped to Block RAM because address size (1) smaller than threshold (5)
INFO: [Synth 8-5544] ROM "state" won't be mapped to Block RAM because address size (1) smaller than threshold (5)
INFO: [Synth 8-5544] ROM "state" won't be mapped to Block RAM because address size (1) smaller than threshold (5)
INFO: [Synth 8-5544] ROM "state" won't be mapped to Block RAM because address size (1) smaller than threshold (5)
INFO: [Synth 8-5544] ROM "state" won't be mapped to Block RAM because address size (1) smaller than threshold (5)
INFO: [Synth 8-5544] ROM "state" won't be mapped to Block RAM because address size (1) smaller than threshold (5)
INFO: [Synth 8-5544] ROM "state" won't be mapped to Block RAM because address size (1) smaller than threshold (5)
INFO: [Synth 8-5544] ROM "state" won't be mapped to Block RAM because address size (1) smaller than threshold (5)
INFO: [Synth 8-5544] ROM "state" won't be mapped to Block RAM because address size (1) smaller than threshold (5)
INFO: [Synth 8-5544] ROM "state" won't be mapped to Block RAM because address size (1) smaller than threshold (5)
INFO: [Synth 8-5544] ROM "state" won't be mapped to Block RAM because address size (1) smaller than threshold (5)
INFO: [Synth 8-5544] ROM "state" won't be mapped to Block RAM because address size (1) smaller than threshold (5)
INFO: [Synth 8-5544] ROM "state" won't be mapped to Block RAM because address size (1) smaller than threshold (5)
INFO: [Synth 8-5544] ROM "state" won't be mapped to Block RAM because address size (1) smaller than threshold (5)
INFO: [Synth 8-5544] ROM "state" won't be mapped to Block RAM because address size (1) smaller than threshold (5)
INFO: [Synth 8-5544] ROM "state" won't be mapped to Block RAM because address size (1) smaller than threshold (5)
INFO: [Synth 8-5544] ROM "state" won't be mapped to Block RAM because address size (1) smaller than threshold (5)
INFO: [Synth 8-5544] ROM "state" won't be mapped to Block RAM because address size (1) smaller than threshold (5)
INFO: [Synth 8-5544] ROM "state" won't be mapped to Block RAM because address size (1) smaller than threshold (5)
INFO: [Synth 8-5544] ROM "state" won't be mapped to Block RAM because address size (1) smaller than threshold (5)
INFO: [Synth 8-5544] ROM "state" won't be mapped to Block RAM because address size (1) smaller than threshold (5)
INFO: [Synth 8-5544] ROM "state" won't be mapped to Block RAM because address size (1) smaller than threshold (5)
INFO: [Synth 8-5544] ROM "state" won't be mapped to Block RAM because address size (1) smaller than threshold (5)
INFO: [Synth 8-5544] ROM "state" won't be mapped to Block RAM because address size (1) smaller than threshold (5)
INFO: [Synth 8-5544] ROM "state" won't be mapped to Block RAM because address size (1) smaller than threshold (5)
INFO: [Synth 8-5544] ROM "state" won't be mapped to Block RAM because address size (1) smaller than threshold (5)
INFO: [Synth 8-5544] ROM "state" won't be mapped to Block RAM because address size (1) smaller than threshold (5)
INFO: [Synth 8-5544] ROM "state" won't be mapped to Block RAM because address size (1) smaller than threshold (5)
INFO: [Synth 8-5544] ROM "state" won't be mapped to Block RAM because address size (1) smaller than threshold (5)
INFO: [Synth 8-5544] ROM "state" won't be mapped to Block RAM because address size (1) smaller than threshold (5)
INFO: [Synth 8-5544] ROM "state" won't be mapped to Block RAM because address size (1) smaller than threshold (5)
INFO: [Synth 8-5544] ROM "state" won't be mapped to Block RAM because address size (1) smaller than threshold (5)
INFO: [Synth 8-5544] ROM "pixel_color" won't be mapped to Block RAM because address size (3) smaller than threshold (5)
INFO: [Synth 8-5544] ROM "led15" won't be mapped to Block RAM because address size (3) smaller than threshold (5)
INFO: [Synth 8-5544] ROM "led15" won't be mapped to Block RAM because address size (3) smaller than threshold (5)
INFO: [Synth 8-5544] ROM "pixel_color0" won't be mapped to Block RAM because address size (1) smaller than threshold (5)
INFO: [Synth 8-5544] ROM "led150" won't be mapped to Block RAM because address size (1) smaller than threshold (5)
INFO: [Synth 8-5544] ROM "seg_num2" won't be mapped to Block RAM because address size (1) smaller than threshold (5)
INFO: [Synth 8-5544] ROM "dp0" won't be mapped to Block RAM because address size (2) smaller than threshold (5)
INFO: [Synth 8-802] inferred FSM for state register 'state_reg' in module 'Oled_Display'
INFO: [Synth 8-5546] ROM "fsm_next_state0" won't be mapped to RAM because it is too sparse
INFO: [Synth 8-5544] ROM "fsm_next_state0" won't be mapped to Block RAM because address size (1) smaller than threshold (5)
INFO: [Synth 8-5546] ROM "fsm_next_state0" won't be mapped to RAM because it is too sparse
INFO: [Synth 8-5544] ROM "pixel_color" won't be mapped to Block RAM because address size (3) smaller than threshold (5)
INFO: [Synth 8-5545] ROM "rgb" won't be mapped to RAM because address size (32) is larger than maximum supported(25)
INFO: [Synth 8-5545] ROM "rgb" won't be mapped to RAM because address size (32) is larger than maximum supported(25)
INFO: [Synth 8-5545] ROM "rgb" won't be mapped to RAM because address size (32) is larger than maximum supported(25)
INFO: [Synth 8-5545] ROM "rgb" won't be mapped to RAM because address size (32) is larger than maximum supported(25)
INFO: [Synth 8-5544] ROM "rgb" won't be mapped to Block RAM because address size (3) smaller than threshold (5)
INFO: [Synth 8-5545] ROM "rgb" won't be mapped to RAM because address size (32) is larger than maximum supported(25)
INFO: [Synth 8-5545] ROM "rgb" won't be mapped to RAM because address size (32) is larger than maximum supported(25)
INFO: [Synth 8-5545] ROM "rgb" won't be mapped to RAM because address size (32) is larger than maximum supported(25)
INFO: [Synth 8-5545] ROM "mole_down1" won't be mapped to RAM because address size (32) is larger than maximum supported(25)
INFO: [Synth 8-5544] ROM "mole_down1" won't be mapped to Block RAM because address size (3) smaller than threshold (5)
INFO: [Synth 8-5545] ROM "mole_down2" won't be mapped to RAM because address size (32) is larger than maximum supported(25)
INFO: [Synth 8-5545] ROM "mole_down3" won't be mapped to RAM because address size (32) is larger than maximum supported(25)
INFO: [Synth 8-5545] ROM "mole_down1" won't be mapped to RAM because address size (32) is larger than maximum supported(25)
INFO: [Synth 8-5544] ROM "mole_down1" won't be mapped to Block RAM because address size (3) smaller than threshold (5)
INFO: [Synth 8-5545] ROM "mole_down2" won't be mapped to RAM because address size (32) is larger than maximum supported(25)
INFO: [Synth 8-5545] ROM "mole_down3" won't be mapped to RAM because address size (32) is larger than maximum supported(25)
INFO: [Synth 8-5545] ROM "scroll_count0" won't be mapped to RAM because address size (32) is larger than maximum supported(25)
INFO: [Synth 8-5545] ROM "scroll_count0" won't be mapped to RAM because address size (32) is larger than maximum supported(25)
WARNING: [Synth 8-327] inferring latch for variable 'led_reg' [C:/Users/Joshua/Documents/GitHub/EE2026/MouseAudioDisplay/MouseAudioDisplay.srcs/sources_1/new/audio_intensity.v:34]
WARNING: [Synth 8-327] inferring latch for variable 'oled_data_reg' [C:/Users/Joshua/Documents/GitHub/EE2026/MouseAudioDisplay/MouseAudioDisplay.srcs/sources_1/new/mic_wave.v:55]
---------------------------------------------------------------------------------------------------
                   State |                     New Encoding |                Previous Encoding 
---------------------------------------------------------------------------------------------------
                    idle |                00000000000000001 |                            00000
            rx_down_edge |                00000000000000010 |                            00011
                rx_clk_l |                00000000000000100 |                            00010
                rx_clk_h |                00000000000001000 |                            00001
         rx_error_parity |                00000000000010000 |                            00100
           rx_data_ready |                00000000000100000 |                            00101
          tx_force_clk_l |                00000000001000000 |                            00110
      tx_bring_data_down |                00000000010000000 |                            00111
          tx_release_clk |                00000000100000000 |                            01000
 tx_first_wait_down_edge |                00000001000000000 |                            01001
                tx_clk_l |                00000010000000000 |                            01010
         tx_wait_up_edge |                00000100000000000 |                            01011
tx_wait_up_edge_before_ack |                00001000000000000 |                            01101
             tx_wait_ack |                00010000000000000 |                            01110
         tx_received_ack |                00100000000000000 |                            01111
         tx_error_no_ack |                01000000000000000 |                            10000
                tx_clk_h |                10000000000000000 |                            01100
---------------------------------------------------------------------------------------------------
INFO: [Synth 8-3354] encoded FSM with state register 'state_reg' using encoding 'one-hot' in module 'Ps2Interface'
---------------------------------------------------------------------------------------------------
                   State |                     New Encoding |                Previous Encoding 
---------------------------------------------------------------------------------------------------
                   reset | 0000000000000000000000000000000000001 |                           000000
          reset_wait_ack | 0000000000000000000000000000000000010 |                           000001
reset_wait_bat_completion | 0000000000000000000000000000000000100 |                           000010
           reset_wait_id | 0000000000000000000000000000000001000 |                           000011
reset_set_sample_rate_200 | 0000000000000000000000000000000010000 |                           000100
reset_set_sample_rate_200_wait_ack | 0000000000000000000000000000000100000 |                           000101
reset_send_sample_rate_200 | 0000000000000000000000000000001000000 |                           000110
reset_send_sample_rate_200_wait_ack | 0000000000000000000000000000010000000 |                           000111
reset_set_sample_rate_100 | 0000000000000000000000000000100000000 |                           001000
reset_set_sample_rate_100_wait_ack | 0000000000000000000000000001000000000 |                           001001
reset_send_sample_rate_100 | 0000000000000000000000000010000000000 |                           001010
reset_send_sample_rate_100_wait_ack | 0000000000000000000000000100000000000 |                           001011
reset_set_sample_rate_80 | 0000000000000000000000001000000000000 |                           001100
reset_set_sample_rate_80_wait_ack | 0000000000000000000000010000000000000 |                           001101
reset_send_sample_rate_80 | 0000000000000000000000100000000000000 |                           001110
reset_send_sample_rate_80_wait_ack | 0000000000000000000001000000000000000 |                           001111
           reset_read_id | 0000000000000000000010000000000000000 |                           010000
  reset_read_id_wait_ack | 0000000000000000000100000000000000000 |                           010001
   reset_read_id_wait_id | 0000000000000000001000000000000000000 |                           010010
    reset_set_resolution | 0000000000000000010000000000000000000 |                           010011
reset_set_resolution_wait_ack | 0000000000000000100000000000000000000 |                           010100
   reset_send_resolution | 0000000000000001000000000000000000000 |                           010101
reset_send_resolution_wait_ack | 0000000000000010000000000000000000000 |                           010110
reset_set_sample_rate_40 | 0000000000000100000000000000000000000 |                           010111
reset_set_sample_rate_40_wait_ack | 0000000000001000000000000000000000000 |                           011000
reset_send_sample_rate_40 | 0000000000010000000000000000000000000 |                           011001
reset_send_sample_rate_40_wait_ack | 0000000000100000000000000000000000000 |                           011010
  reset_enable_reporting | 0000000001000000000000000000000000000 |                           011011
reset_enable_reporting_wait_ack | 0000000010000000000000000000000000000 |                           011100
             read_byte_1 | 0000000100000000000000000000000000000 |                           011101
             read_byte_2 | 0000001000000000000000000000000000000 |                           011110
             read_byte_3 | 0000010000000000000000000000000000000 |                           011111
             read_byte_4 | 0000100000000000000000000000000000000 |                           100000
          mark_new_event | 0001000000000000000000000000000000000 |                           100100
           check_read_id | 0010000000000000000000000000000000000 |                           100001
  check_read_id_wait_ack | 0100000000000000000000000000000000000 |                           100010
   check_read_id_wait_id | 1000000000000000000000000000000000000 |                           100011
---------------------------------------------------------------------------------------------------
INFO: [Synth 8-3354] encoded FSM with state register 'state_reg' using encoding 'one-hot' in module 'MouseCtl'
WARNING: [Synth 8-327] inferring latch for variable 'pixel_color_reg' [C:/Users/Joshua/Documents/GitHub/EE2026/MouseAudioDisplay/MouseAudioDisplay.srcs/sources_1/new/mouse_task.v:35]
WARNING: [Synth 8-327] inferring latch for variable 'pixel_color_reg' [C:/Users/Joshua/Documents/GitHub/EE2026/MouseAudioDisplay/MouseAudioDisplay.srcs/sources_1/new/grp_task.v:83]
WARNING: [Synth 8-327] inferring latch for variable 'led15_reg' [C:/Users/Joshua/Documents/GitHub/EE2026/MouseAudioDisplay/MouseAudioDisplay.srcs/sources_1/new/grp_task.v:105]
WARNING: [Synth 8-327] inferring latch for variable 'seg_num1_reg' [C:/Users/Joshua/Documents/GitHub/EE2026/MouseAudioDisplay/MouseAudioDisplay.srcs/sources_1/new/grp_task.v:106]
WARNING: [Synth 8-327] inferring latch for variable 'seg_num2_reg' [C:/Users/Joshua/Documents/GitHub/EE2026/MouseAudioDisplay/MouseAudioDisplay.srcs/sources_1/new/grp_task.v:106]
WARNING: [Synth 8-327] inferring latch for variable 'a_on_reg' [C:/Users/Joshua/Documents/GitHub/EE2026/MouseAudioDisplay/MouseAudioDisplay.srcs/sources_1/new/grp_task.v:61]
WARNING: [Synth 8-327] inferring latch for variable 'b_on_reg' [C:/Users/Joshua/Documents/GitHub/EE2026/MouseAudioDisplay/MouseAudioDisplay.srcs/sources_1/new/grp_task.v:61]
WARNING: [Synth 8-327] inferring latch for variable 'c_on_reg' [C:/Users/Joshua/Documents/GitHub/EE2026/MouseAudioDisplay/MouseAudioDisplay.srcs/sources_1/new/grp_task.v:61]
WARNING: [Synth 8-327] inferring latch for variable 'd_on_reg' [C:/Users/Joshua/Documents/GitHub/EE2026/MouseAudioDisplay/MouseAudioDisplay.srcs/sources_1/new/grp_task.v:61]
WARNING: [Synth 8-327] inferring latch for variable 'e_on_reg' [C:/Users/Joshua/Documents/GitHub/EE2026/MouseAudioDisplay/MouseAudioDisplay.srcs/sources_1/new/grp_task.v:61]
WARNING: [Synth 8-327] inferring latch for variable 'f_on_reg' [C:/Users/Joshua/Documents/GitHub/EE2026/MouseAudioDisplay/MouseAudioDisplay.srcs/sources_1/new/grp_task.v:61]
WARNING: [Synth 8-327] inferring latch for variable 'g_on_reg' [C:/Users/Joshua/Documents/GitHub/EE2026/MouseAudioDisplay/MouseAudioDisplay.srcs/sources_1/new/grp_task.v:61]
WARNING: [Synth 8-327] inferring latch for variable 'seg_reg' [C:/Users/Joshua/Documents/GitHub/EE2026/MouseAudioDisplay/MouseAudioDisplay.srcs/sources_1/new/display_seg.v:47]
WARNING: [Synth 8-327] inferring latch for variable 'an_reg' [C:/Users/Joshua/Documents/GitHub/EE2026/MouseAudioDisplay/MouseAudioDisplay.srcs/sources_1/new/display_seg.v:43]
WARNING: [Synth 8-327] inferring latch for variable 'dp_reg' [C:/Users/Joshua/Documents/GitHub/EE2026/MouseAudioDisplay/MouseAudioDisplay.srcs/sources_1/new/display_seg.v:45]
---------------------------------------------------------------------------------------------------
                   State |                     New Encoding |                Previous Encoding 
---------------------------------------------------------------------------------------------------
                 PowerUp | 00000000100000000000000000000000 |                            00000
                   Reset | 00000000000100000000000000000000 |                            00001
            ReleaseReset | 00000000000000000000100000000000 |                            00011
            EnableDriver | 00000000000000000001000000000000 |                            00010
              DisplayOff | 00000000000000000100000000000000 |                            00110
   SetRemapDisplayFormat | 00000100000000000000000000000000 |                            00111
            SetStartLine | 00001000000000000000000000000000 |                            00101
               SetOffset | 10000000000000000000000000000000 |                            00100
        SetNormalDisplay | 00000000000000000000000010000000 |                            01100
       SetMultiplexRatio | 00000000000000000000000000100000 |                            01101
  SetMasterConfiguration | 00000000000000000000000001000000 |                            01111
        DisablePowerSave | 00000000000000000000000000000100 |                            01110
          SetPhaseAdjust | 00000000000000000000000000001000 |                            01010
         SetDisplayClock | 00000000001000000000000000000000 |                            01011
     SetSecondPrechargeA | 00000000010000000000000000000000 |                            01001
     SetSecondPrechargeB | 01000000000000000000000000000000 |                            01000
     SetSecondPrechargeC | 00000010000000000000000000000000 |                            11000
       SetPrechargeLevel | 00000001000000000000000000000000 |                            11001
                SetVCOMH | 00000000000000010000000000000000 |                            11011
        SetMasterCurrent | 00000000000000100000000000000000 |                            11010
            SetContrastA | 00000000000001000000000000000000 |                            11110
            SetContrastB | 00100000000000000000000000000000 |                            11111
            SetContrastC | 00000000000000000000000000000001 |                            11101
        DisableScrolling | 00000000000000000000000000000010 |                            11100
             ClearScreen | 00000000000000000000000000010000 |                            10100
                   VccEn | 00010000000000000000000000000000 |                            10101
               DisplayOn | 00000000000010000000000000000000 |                            10111
        PrepareNextFrame | 00000000000000001000000000000000 |                            10110
           SetColAddress | 00000000000000000000010000000000 |                            10010
           SetRowAddress | 00000000000000000000000100000000 |                            10011
           WaitNextFrame | 00000000000000000000001000000000 |                            10001
               SendPixel | 00000000000000000010000000000000 |                            10000
---------------------------------------------------------------------------------------------------
INFO: [Synth 8-3354] encoded FSM with state register 'state_reg' using encoding 'one-hot' in module 'Oled_Display'
WARNING: [Synth 8-327] inferring latch for variable 'pixel_color_reg' [C:/Users/Joshua/Documents/GitHub/EE2026/MouseAudioDisplay/MouseAudioDisplay.srcs/sources_1/new/oled_indiv_task.v:38]
WARNING: [Synth 8-327] inferring latch for variable 'pixel_color_reg' [C:/Users/Joshua/Documents/GitHub/EE2026/MouseAudioDisplay/MouseAudioDisplay.srcs/sources_1/new/whack_a_mole.v:143]
WARNING: [Synth 8-327] inferring latch for variable 'score_reg' [C:/Users/Joshua/Documents/GitHub/EE2026/MouseAudioDisplay/MouseAudioDisplay.srcs/sources_1/new/whack_a_mole.v:127]
WARNING: [Synth 8-327] inferring latch for variable 'mole_down1_reg' [C:/Users/Joshua/Documents/GitHub/EE2026/MouseAudioDisplay/MouseAudioDisplay.srcs/sources_1/new/whack_a_mole.v:83]
WARNING: [Synth 8-327] inferring latch for variable 'mole_down2_reg' [C:/Users/Joshua/Documents/GitHub/EE2026/MouseAudioDisplay/MouseAudioDisplay.srcs/sources_1/new/whack_a_mole.v:84]
WARNING: [Synth 8-327] inferring latch for variable 'mole_down3_reg' [C:/Users/Joshua/Documents/GitHub/EE2026/MouseAudioDisplay/MouseAudioDisplay.srcs/sources_1/new/whack_a_mole.v:85]
---------------------------------------------------------------------------------
Finished RTL Optimization Phase 2 : Time (s): cpu = 00:01:14 ; elapsed = 00:01:16 . Memory (MB): peak = 930.805 ; gain = 673.973
---------------------------------------------------------------------------------

Report RTL Partitions: 
+------+-----------------+------------+----------+
|      |RTL Partition    |Replication |Instances |
+------+-----------------+------------+----------+
|1     |Top_Student__GB0 |           1|     45235|
|2     |Top_Student__GB1 |           1|      8738|
|3     |Top_Student__GB2 |           1|     32795|
+------+-----------------+------------+----------+
---------------------------------------------------------------------------------
Start RTL Component Statistics 
---------------------------------------------------------------------------------
Detailed RTL Component Info : 
+---Adders : 
	   2 Input     32 Bit       Adders := 25    
	   2 Input     26 Bit       Adders := 1     
	   2 Input     24 Bit       Adders := 1     
	   2 Input     17 Bit       Adders := 1     
	   2 Input     16 Bit       Adders := 1     
	   2 Input     13 Bit       Adders := 25    
	   2 Input     12 Bit       Adders := 4     
	   2 Input     11 Bit       Adders := 1     
	   2 Input      8 Bit       Adders := 13    
	   2 Input      7 Bit       Adders := 1     
	   2 Input      6 Bit       Adders := 1     
	   2 Input      4 Bit       Adders := 3     
	   2 Input      2 Bit       Adders := 2     
	   2 Input      1 Bit       Adders := 2     
+---XORs : 
	   2 Input      1 Bit         XORs := 1     
+---Registers : 
	               40 Bit    Registers := 1     
	               32 Bit    Registers := 1     
	               26 Bit    Registers := 1     
	               24 Bit    Registers := 1     
	               17 Bit    Registers := 1     
	               16 Bit    Registers := 2     
	               13 Bit    Registers := 2     
	               12 Bit    Registers := 9     
	               11 Bit    Registers := 2     
	                8 Bit    Registers := 4     
	                7 Bit    Registers := 1     
	                6 Bit    Registers := 1     
	                4 Bit    Registers := 29    
	                3 Bit    Registers := 4     
	                2 Bit    Registers := 2     
	                1 Bit    Registers := 47    
+---Multipliers : 
	                 7x32  Multipliers := 1     
+---Muxes : 
	   2 Input     40 Bit        Muxes := 3     
	  37 Input     37 Bit        Muxes := 1     
	   2 Input     37 Bit        Muxes := 69    
	   2 Input     32 Bit        Muxes := 5     
	  32 Input     32 Bit        Muxes := 1     
	   2 Input     26 Bit        Muxes := 1     
	   2 Input     24 Bit        Muxes := 1     
	  32 Input     20 Bit        Muxes := 1     
	   2 Input     17 Bit        Muxes := 19    
	  17 Input     17 Bit        Muxes := 1     
	   3 Input     16 Bit        Muxes := 1     
	   5 Input     16 Bit        Muxes := 2     
	   2 Input     16 Bit        Muxes := 419   
	   6 Input     16 Bit        Muxes := 3     
	12292 Input     16 Bit        Muxes := 1     
	   9 Input     16 Bit        Muxes := 1     
	   4 Input     16 Bit        Muxes := 2     
	6147 Input     16 Bit        Muxes := 1     
	   2 Input     13 Bit        Muxes := 3     
	   2 Input     12 Bit        Muxes := 12    
	   2 Input     11 Bit        Muxes := 3     
	   2 Input      9 Bit        Muxes := 2     
	  37 Input      8 Bit        Muxes := 3     
	   2 Input      7 Bit        Muxes := 3     
	   4 Input      7 Bit        Muxes := 1     
	  32 Input      6 Bit        Muxes := 1     
	   2 Input      6 Bit        Muxes := 1     
	   2 Input      5 Bit        Muxes := 2     
	  32 Input      5 Bit        Muxes := 1     
	   2 Input      4 Bit        Muxes := 1     
	  11 Input      4 Bit        Muxes := 1     
	  37 Input      4 Bit        Muxes := 1     
	   2 Input      3 Bit        Muxes := 37    
	   5 Input      3 Bit        Muxes := 1     
	12289 Input      3 Bit        Muxes := 3     
	   4 Input      3 Bit        Muxes := 1     
	6145 Input      3 Bit        Muxes := 2     
	   2 Input      2 Bit        Muxes := 4     
	   2 Input      1 Bit        Muxes := 158   
	  11 Input      1 Bit        Muxes := 1     
	  12 Input      1 Bit        Muxes := 1     
	   4 Input      1 Bit        Muxes := 1     
	   3 Input      1 Bit        Muxes := 1     
	   6 Input      1 Bit        Muxes := 1     
	   8 Input      1 Bit        Muxes := 3     
	   5 Input      1 Bit        Muxes := 1     
	  17 Input      1 Bit        Muxes := 4     
	  37 Input      1 Bit        Muxes := 20    
---------------------------------------------------------------------------------
Finished RTL Component Statistics 
---------------------------------------------------------------------------------
---------------------------------------------------------------------------------
Start RTL Hierarchical Component Statistics 
---------------------------------------------------------------------------------
Hierarchical RTL Component report 
Module Top_Student 
Detailed RTL Component Info : 
+---Adders : 
	   2 Input     32 Bit       Adders := 12    
+---Registers : 
	               32 Bit    Registers := 1     
	                3 Bit    Registers := 3     
+---Muxes : 
	   2 Input     32 Bit        Muxes := 3     
	   2 Input     16 Bit        Muxes := 2     
	   2 Input      3 Bit        Muxes := 37    
	   5 Input      3 Bit        Muxes := 1     
	   4 Input      3 Bit        Muxes := 1     
	   2 Input      1 Bit        Muxes := 1     
	   6 Input      1 Bit        Muxes := 1     
Module clk_variable__2 
Detailed RTL Component Info : 
+---Registers : 
	                1 Bit    Registers := 1     
+---Muxes : 
	   2 Input      1 Bit        Muxes := 1     
Module clk_variable__3 
Detailed RTL Component Info : 
+---Registers : 
	                1 Bit    Registers := 1     
+---Muxes : 
	   2 Input      1 Bit        Muxes := 1     
Module clk_variable__4 
Detailed RTL Component Info : 
+---Registers : 
	                1 Bit    Registers := 1     
+---Muxes : 
	   2 Input      1 Bit        Muxes := 1     
Module display_led 
Detailed RTL Component Info : 
+---Muxes : 
	  11 Input      1 Bit        Muxes := 1     
Module clk_variable__1 
Detailed RTL Component Info : 
+---Registers : 
	                1 Bit    Registers := 1     
+---Muxes : 
	   2 Input      1 Bit        Muxes := 1     
Module display_seg 
Detailed RTL Component Info : 
+---Registers : 
	                4 Bit    Registers := 1     
+---Muxes : 
	   2 Input      7 Bit        Muxes := 3     
	   4 Input      7 Bit        Muxes := 1     
	   2 Input      4 Bit        Muxes := 1     
	   2 Input      2 Bit        Muxes := 1     
	  12 Input      1 Bit        Muxes := 1     
	   2 Input      1 Bit        Muxes := 1     
	   4 Input      1 Bit        Muxes := 1     
Module menu_display 
Detailed RTL Component Info : 
+---Adders : 
	   2 Input     32 Bit       Adders := 1     
	   2 Input     13 Bit       Adders := 8     
	   2 Input      2 Bit       Adders := 1     
	   2 Input      1 Bit       Adders := 1     
+---Registers : 
	               16 Bit    Registers := 1     
	                2 Bit    Registers := 1     
	                1 Bit    Registers := 1     
+---Multipliers : 
	                 7x32  Multipliers := 1     
+---Muxes : 
	   3 Input     16 Bit        Muxes := 1     
	   5 Input     16 Bit        Muxes := 1     
	   2 Input     16 Bit        Muxes := 3     
	   6 Input     16 Bit        Muxes := 2     
	12292 Input     16 Bit        Muxes := 1     
	12289 Input      3 Bit        Muxes := 3     
	   2 Input      2 Bit        Muxes := 1     
	   3 Input      1 Bit        Muxes := 1     
Module clk_variable__6 
Detailed RTL Component Info : 
+---Registers : 
	                1 Bit    Registers := 1     
+---Muxes : 
	   2 Input      1 Bit        Muxes := 1     
Module random_generator 
Detailed RTL Component Info : 
+---XORs : 
	   2 Input      1 Bit         XORs := 1     
+---Registers : 
	                3 Bit    Registers := 1     
Module whack_a_mole 
Detailed RTL Component Info : 
+---Adders : 
	   2 Input     32 Bit       Adders := 9     
	   2 Input     16 Bit       Adders := 1     
	   2 Input      8 Bit       Adders := 9     
+---Muxes : 
	   9 Input     16 Bit        Muxes := 1     
	   2 Input      1 Bit        Muxes := 22    
	   8 Input      1 Bit        Muxes := 3     
Module oled_indiv_task 
Detailed RTL Component Info : 
+---Muxes : 
	   2 Input     16 Bit        Muxes := 4     
	   2 Input     11 Bit        Muxes := 1     
	   2 Input      1 Bit        Muxes := 1     
Module grp_task_module 
Detailed RTL Component Info : 
+---Adders : 
	   2 Input     32 Bit       Adders := 1     
	   2 Input      8 Bit       Adders := 1     
+---Muxes : 
	   2 Input     16 Bit        Muxes := 22    
	   2 Input     11 Bit        Muxes := 1     
	  11 Input      4 Bit        Muxes := 1     
	   2 Input      2 Bit        Muxes := 1     
	   2 Input      1 Bit        Muxes := 86    
Module mouse_task 
Detailed RTL Component Info : 
+---Adders : 
	   2 Input     32 Bit       Adders := 2     
	   2 Input      8 Bit       Adders := 2     
+---Muxes : 
	   4 Input     16 Bit        Muxes := 1     
	   2 Input      1 Bit        Muxes := 1     
Module clk_variable__5 
Detailed RTL Component Info : 
+---Registers : 
	                1 Bit    Registers := 1     
+---Muxes : 
	   2 Input      1 Bit        Muxes := 1     
Module audio_level_calc 
Detailed RTL Component Info : 
+---Adders : 
	   2 Input     13 Bit       Adders := 1     
+---Registers : 
	               13 Bit    Registers := 1     
	               12 Bit    Registers := 1     
	                4 Bit    Registers := 1     
+---Muxes : 
	   2 Input     13 Bit        Muxes := 1     
	   2 Input      1 Bit        Muxes := 2     
Module Audio_Input 
Detailed RTL Component Info : 
+---Registers : 
	               12 Bit    Registers := 2     
	                1 Bit    Registers := 1     
Module clk_variable__7 
Detailed RTL Component Info : 
+---Registers : 
	                1 Bit    Registers := 1     
+---Muxes : 
	   2 Input      1 Bit        Muxes := 1     
Module clk_variable 
Detailed RTL Component Info : 
+---Registers : 
	                1 Bit    Registers := 1     
+---Muxes : 
	   2 Input      1 Bit        Muxes := 1     
Module menu_2 
Detailed RTL Component Info : 
+---Adders : 
	   2 Input     13 Bit       Adders := 8     
	   2 Input      2 Bit       Adders := 1     
	   2 Input      1 Bit       Adders := 1     
+---Registers : 
	               16 Bit    Registers := 1     
	               13 Bit    Registers := 1     
	                2 Bit    Registers := 1     
	                1 Bit    Registers := 1     
+---Muxes : 
	   5 Input     16 Bit        Muxes := 1     
	   6 Input     16 Bit        Muxes := 1     
	6147 Input     16 Bit        Muxes := 1     
	   2 Input     13 Bit        Muxes := 2     
	6145 Input      3 Bit        Muxes := 2     
	   2 Input      2 Bit        Muxes := 1     
	   5 Input      1 Bit        Muxes := 1     
Module Oled_Display 
Detailed RTL Component Info : 
+---Adders : 
	   2 Input     17 Bit       Adders := 1     
	   2 Input      6 Bit       Adders := 1     
+---Registers : 
	               40 Bit    Registers := 1     
	               17 Bit    Registers := 1     
	                6 Bit    Registers := 1     
+---Muxes : 
	   2 Input     40 Bit        Muxes := 3     
	  32 Input     32 Bit        Muxes := 1     
	   2 Input     32 Bit        Muxes := 2     
	  32 Input     20 Bit        Muxes := 1     
	   2 Input     17 Bit        Muxes := 1     
	  32 Input      6 Bit        Muxes := 1     
	   2 Input      6 Bit        Muxes := 1     
	   2 Input      5 Bit        Muxes := 2     
	  32 Input      5 Bit        Muxes := 1     
	   2 Input      1 Bit        Muxes := 2     
Module xycoordinate 
Detailed RTL Component Info : 
+---Muxes : 
	   2 Input     12 Bit        Muxes := 2     
Module Ps2Interface 
Detailed RTL Component Info : 
+---Adders : 
	   2 Input     11 Bit       Adders := 1     
	   2 Input      7 Bit       Adders := 1     
	   2 Input      4 Bit       Adders := 3     
+---Registers : 
	               11 Bit    Registers := 2     
	                8 Bit    Registers := 1     
	                7 Bit    Registers := 1     
	                4 Bit    Registers := 3     
	                1 Bit    Registers := 17    
+---Muxes : 
	  17 Input     17 Bit        Muxes := 1     
	   2 Input     17 Bit        Muxes := 18    
	   2 Input     11 Bit        Muxes := 1     
	   2 Input      1 Bit        Muxes := 3     
	  17 Input      1 Bit        Muxes := 4     
Module MouseCtl 
Detailed RTL Component Info : 
+---Adders : 
	   2 Input     26 Bit       Adders := 1     
	   2 Input     24 Bit       Adders := 1     
	   2 Input     12 Bit       Adders := 4     
	   2 Input      8 Bit       Adders := 1     
+---Registers : 
	               26 Bit    Registers := 1     
	               24 Bit    Registers := 1     
	               12 Bit    Registers := 6     
	                8 Bit    Registers := 3     
	                4 Bit    Registers := 1     
	                1 Bit    Registers := 17    
+---Muxes : 
	  37 Input     37 Bit        Muxes := 1     
	   2 Input     37 Bit        Muxes := 69    
	   2 Input     26 Bit        Muxes := 1     
	   2 Input     24 Bit        Muxes := 1     
	   2 Input     12 Bit        Muxes := 10    
	   2 Input      9 Bit        Muxes := 2     
	  37 Input      8 Bit        Muxes := 3     
	  37 Input      4 Bit        Muxes := 1     
	   2 Input      1 Bit        Muxes := 5     
	  37 Input      1 Bit        Muxes := 20    
Module clk_variable__8 
Detailed RTL Component Info : 
+---Registers : 
	                1 Bit    Registers := 1     
+---Muxes : 
	   2 Input      1 Bit        Muxes := 1     
Module mic_wave 
Detailed RTL Component Info : 
+---Adders : 
	   2 Input     13 Bit       Adders := 8     
+---Registers : 
	                4 Bit    Registers := 23    
	                1 Bit    Registers := 1     
+---Muxes : 
	   4 Input     16 Bit        Muxes := 1     
	   2 Input     16 Bit        Muxes := 388   
	   2 Input      1 Bit        Muxes := 25    
---------------------------------------------------------------------------------
Finished RTL Hierarchical Component Statistics
---------------------------------------------------------------------------------
---------------------------------------------------------------------------------
Start Part Resource Summary
---------------------------------------------------------------------------------
Part Resources:
DSPs: 90 (col length:60)
BRAMs: 100 (col length: RAMB18 60 RAMB36 30)
---------------------------------------------------------------------------------
Finished Part Resource Summary
---------------------------------------------------------------------------------
---------------------------------------------------------------------------------
Start Cross Boundary and Area Optimization
---------------------------------------------------------------------------------
Warning: Parallel synthesis criteria is not met 
INFO: [Synth 8-5545] ROM "clk2/clk_out0" won't be mapped to RAM because address size (32) is larger than maximum supported(25)
INFO: [Synth 8-5545] ROM "clk3/clk_out0" won't be mapped to RAM because address size (32) is larger than maximum supported(25)
INFO: [Synth 8-5545] ROM "clk100/clk_out0" won't be mapped to RAM because address size (32) is larger than maximum supported(25)
INFO: [Synth 8-5545] ROM "scroll_count0" won't be mapped to RAM because address size (32) is larger than maximum supported(25)
INFO: [Synth 8-5545] ROM "scroll_count0" won't be mapped to RAM because address size (32) is larger than maximum supported(25)
INFO: [Synth 8-5545] ROM "clk200hz/clk_out0" won't be mapped to RAM because address size (32) is larger than maximum supported(25)
INFO: [Synth 8-5545] ROM "clk100/clk_out0" won't be mapped to RAM because address size (32) is larger than maximum supported(25)
INFO: [Synth 8-5545] ROM "scroll_count0" won't be mapped to RAM because address size (32) is larger than maximum supported(25)
INFO: [Synth 8-5545] ROM "scroll_count0" won't be mapped to RAM because address size (32) is larger than maximum supported(25)
INFO: [Synth 8-5545] ROM "clk2/clk_out0" won't be mapped to RAM because address size (32) is larger than maximum supported(25)
INFO: [Synth 8-5545] ROM "clk3/clk_out0" won't be mapped to RAM because address size (32) is larger than maximum supported(25)
INFO: [Synth 8-5545] ROM "clk_out0" won't be mapped to RAM because address size (32) is larger than maximum supported(25)
INFO: [Synth 8-5545] ROM "clk1/clk_out0" won't be mapped to RAM because address size (32) is larger than maximum supported(25)
INFO: [Synth 8-5546] ROM "volume0" won't be mapped to RAM because it is too sparse
INFO: [Synth 8-5545] ROM "clk_out0" won't be mapped to RAM because address size (32) is larger than maximum supported(25)
INFO: [Synth 8-5545] ROM "nolabel_line41/clk_out0" won't be mapped to RAM because address size (32) is larger than maximum supported(25)
WARNING: [Synth 8-6040] Register char_count_reg_rep driving address of a ROM cannot be packed in BRAM/URAM because of presence of initial value.
WARNING: [Synth 8-6040] Register char_count_reg_rep driving address of a ROM cannot be packed in BRAM/URAM because of presence of initial value.
INFO: [Synth 8-5546] ROM "fsm_next_state0" won't be mapped to RAM because it is too sparse
INFO: [Synth 8-5546] ROM "fsm_next_state0" won't be mapped to RAM because it is too sparse
INFO: [Synth 8-5545] ROM "periodic_check_tick" won't be mapped to RAM because address size (26) is larger than maximum supported(25)
INFO: [Synth 8-5546] ROM "timeout" won't be mapped to RAM because it is too sparse
INFO: [Synth 8-5545] ROM "clk_out0" won't be mapped to RAM because address size (32) is larger than maximum supported(25)
WARNING: [Synth 8-3331] design Top_Student has unconnected port JC[2]
INFO: [Synth 8-3333] propagating constant 0 across sequential element (i_0/\task_option_reg[2] )
INFO: [Synth 8-3886] merging instance 'i_0/dl/led_reg[9]' (LD) to 'i_0/dl/led_reg[15]'
INFO: [Synth 8-3886] merging instance 'i_0/dl/led_reg[10]' (LD) to 'i_0/dl/led_reg[15]'
INFO: [Synth 8-3886] merging instance 'i_0/dl/led_reg[11]' (LD) to 'i_0/dl/led_reg[15]'
INFO: [Synth 8-3886] merging instance 'i_0/dl/led_reg[12]' (LD) to 'i_0/dl/led_reg[15]'
INFO: [Synth 8-3886] merging instance 'i_0/dl/led_reg[13]' (LD) to 'i_0/dl/led_reg[15]'
INFO: [Synth 8-3886] merging instance 'i_0/dl/led_reg[14]' (LD) to 'i_0/dl/led_reg[15]'
INFO: [Synth 8-3333] propagating constant 0 across sequential element (i_0/\dl/led_reg[15] )
INFO: [Synth 8-3886] merging instance 'i_1/wm/pixel_color_reg[0]' (LD) to 'i_1/wm/pixel_color_reg[1]'
INFO: [Synth 8-3886] merging instance 'i_1/oledGrpTask/pixel_color_reg[0]' (LD) to 'i_1/oledGrpTask/pixel_color_reg[1]'
INFO: [Synth 8-3886] merging instance 'i_1/oledTask/pixel_color_reg[0]' (LD) to 'i_1/oledTask/pixel_color_reg[1]'
INFO: [Synth 8-3886] merging instance 'i_1/mouseTask/pixel_color_reg[0]' (LD) to 'i_1/mouseTask/pixel_color_reg[10]'
INFO: [Synth 8-3886] merging instance 'i_1/wm/pixel_color_reg[1]' (LD) to 'i_1/wm/pixel_color_reg[2]'
INFO: [Synth 8-3886] merging instance 'i_1/oledGrpTask/pixel_color_reg[1]' (LD) to 'i_1/oledGrpTask/pixel_color_reg[2]'
INFO: [Synth 8-3886] merging instance 'i_1/oledTask/pixel_color_reg[1]' (LD) to 'i_1/oledTask/pixel_color_reg[2]'
INFO: [Synth 8-3886] merging instance 'i_1/mouseTask/pixel_color_reg[1]' (LD) to 'i_1/mouseTask/pixel_color_reg[10]'
INFO: [Synth 8-3886] merging instance 'i_1/wm/pixel_color_reg[2]' (LD) to 'i_1/wm/pixel_color_reg[3]'
INFO: [Synth 8-3886] merging instance 'i_1/oledGrpTask/pixel_color_reg[2]' (LD) to 'i_1/oledGrpTask/pixel_color_reg[3]'
INFO: [Synth 8-3886] merging instance 'i_1/oledTask/pixel_color_reg[2]' (LD) to 'i_1/oledTask/pixel_color_reg[3]'
INFO: [Synth 8-3886] merging instance 'i_1/mouseTask/pixel_color_reg[2]' (LD) to 'i_1/mouseTask/pixel_color_reg[10]'
INFO: [Synth 8-3886] merging instance 'i_1/wm/pixel_color_reg[3]' (LD) to 'i_1/wm/pixel_color_reg[4]'
INFO: [Synth 8-3886] merging instance 'i_1/oledGrpTask/pixel_color_reg[3]' (LD) to 'i_1/oledGrpTask/pixel_color_reg[4]'
INFO: [Synth 8-3886] merging instance 'i_1/oledTask/pixel_color_reg[3]' (LD) to 'i_1/oledTask/pixel_color_reg[4]'
INFO: [Synth 8-3886] merging instance 'i_1/mouseTask/pixel_color_reg[3]' (LD) to 'i_1/mouseTask/pixel_color_reg[10]'
INFO: [Synth 8-3886] merging instance 'i_1/oledTask/pixel_color_reg[4]' (LD) to 'i_1/oledTask/pixel_color_reg[11]'
INFO: [Synth 8-3886] merging instance 'i_1/mouseTask/pixel_color_reg[4]' (LD) to 'i_1/mouseTask/pixel_color_reg[10]'
INFO: [Synth 8-3886] merging instance 'i_1/wm/pixel_color_reg[5]' (LD) to 'i_1/wm/pixel_color_reg[6]'
INFO: [Synth 8-3886] merging instance 'i_1/oledGrpTask/pixel_color_reg[5]' (LD) to 'i_1/oledGrpTask/pixel_color_reg[6]'
INFO: [Synth 8-3886] merging instance 'i_1/oledTask/pixel_color_reg[5]' (LD) to 'i_1/oledTask/pixel_color_reg[6]'
INFO: [Synth 8-3886] merging instance 'i_1/mouseTask/pixel_color_reg[5]' (LD) to 'i_1/mouseTask/pixel_color_reg[10]'
INFO: [Synth 8-3886] merging instance 'i_1/wm/pixel_color_reg[6]' (LD) to 'i_1/wm/pixel_color_reg[7]'
INFO: [Synth 8-3886] merging instance 'i_1/oledGrpTask/pixel_color_reg[6]' (LD) to 'i_1/oledGrpTask/pixel_color_reg[7]'
INFO: [Synth 8-3886] merging instance 'i_1/oledTask/pixel_color_reg[6]' (LD) to 'i_1/oledTask/pixel_color_reg[7]'
INFO: [Synth 8-3886] merging instance 'i_1/mouseTask/pixel_color_reg[6]' (LD) to 'i_1/mouseTask/pixel_color_reg[10]'
INFO: [Synth 8-3886] merging instance 'i_1/wm/pixel_color_reg[7]' (LD) to 'i_1/wm/pixel_color_reg[8]'
INFO: [Synth 8-3886] merging instance 'i_1/oledGrpTask/pixel_color_reg[7]' (LD) to 'i_1/oledGrpTask/pixel_color_reg[8]'
INFO: [Synth 8-3886] merging instance 'i_1/oledTask/pixel_color_reg[7]' (LD) to 'i_1/oledTask/pixel_color_reg[8]'
INFO: [Synth 8-3886] merging instance 'i_1/mouseTask/pixel_color_reg[7]' (LD) to 'i_1/mouseTask/pixel_color_reg[10]'
INFO: [Synth 8-3886] merging instance 'i_1/wm/pixel_color_reg[8]' (LD) to 'i_1/wm/pixel_color_reg[9]'
INFO: [Synth 8-3886] merging instance 'i_1/oledGrpTask/pixel_color_reg[8]' (LD) to 'i_1/oledGrpTask/pixel_color_reg[9]'
INFO: [Synth 8-3886] merging instance 'i_1/oledTask/pixel_color_reg[8]' (LD) to 'i_1/oledTask/pixel_color_reg[9]'
INFO: [Synth 8-3886] merging instance 'i_1/mouseTask/pixel_color_reg[8]' (LD) to 'i_1/mouseTask/pixel_color_reg[10]'
INFO: [Synth 8-3886] merging instance 'i_1/wm/pixel_color_reg[9]' (LD) to 'i_1/wm/pixel_color_reg[10]'
INFO: [Synth 8-3886] merging instance 'i_1/oledGrpTask/pixel_color_reg[9]' (LD) to 'i_1/oledGrpTask/pixel_color_reg[10]'
INFO: [Synth 8-3886] merging instance 'i_1/oledTask/pixel_color_reg[9]' (LD) to 'i_1/oledTask/pixel_color_reg[10]'
INFO: [Synth 8-3886] merging instance 'i_1/mouseTask/pixel_color_reg[9]' (LD) to 'i_1/mouseTask/pixel_color_reg[10]'
INFO: [Synth 8-3333] propagating constant 0 across sequential element (i_1/\mouseTask/pixel_color_reg[10] )
INFO: [Synth 8-3886] merging instance 'i_1/wm/pixel_color_reg[11]' (LD) to 'i_1/wm/pixel_color_reg[12]'
INFO: [Synth 8-3886] merging instance 'i_1/oledGrpTask/pixel_color_reg[11]' (LD) to 'i_1/oledGrpTask/pixel_color_reg[12]'
INFO: [Synth 8-3886] merging instance 'i_1/oledTask/pixel_color_reg[11]' (LD) to 'i_1/oledTask/pixel_color_reg[12]'
INFO: [Synth 8-3886] merging instance 'i_1/mouseTask/pixel_color_reg[11]' (LD) to 'i_1/mouseTask/pixel_color_reg[12]'
INFO: [Synth 8-3886] merging instance 'i_1/wm/pixel_color_reg[12]' (LD) to 'i_1/wm/pixel_color_reg[13]'
INFO: [Synth 8-3886] merging instance 'i_1/oledGrpTask/pixel_color_reg[12]' (LD) to 'i_1/oledGrpTask/pixel_color_reg[13]'
INFO: [Synth 8-3886] merging instance 'i_1/oledTask/pixel_color_reg[12]' (LD) to 'i_1/oledTask/pixel_color_reg[13]'
INFO: [Synth 8-3886] merging instance 'i_1/mouseTask/pixel_color_reg[12]' (LD) to 'i_1/mouseTask/pixel_color_reg[13]'
INFO: [Synth 8-3886] merging instance 'i_1/wm/pixel_color_reg[13]' (LD) to 'i_1/wm/pixel_color_reg[14]'
INFO: [Synth 8-3886] merging instance 'i_1/oledGrpTask/pixel_color_reg[13]' (LD) to 'i_1/oledGrpTask/pixel_color_reg[14]'
INFO: [Synth 8-3886] merging instance 'i_1/oledTask/pixel_color_reg[13]' (LD) to 'i_1/oledTask/pixel_color_reg[14]'
INFO: [Synth 8-3886] merging instance 'i_1/mouseTask/pixel_color_reg[13]' (LD) to 'i_1/mouseTask/pixel_color_reg[14]'
INFO: [Synth 8-3886] merging instance 'i_1/wm/pixel_color_reg[14]' (LD) to 'i_1/wm/pixel_color_reg[15]'
INFO: [Synth 8-3886] merging instance 'i_1/oledGrpTask/pixel_color_reg[14]' (LD) to 'i_1/oledGrpTask/pixel_color_reg[15]'
INFO: [Synth 8-3886] merging instance 'i_1/oledTask/pixel_color_reg[14]' (LD) to 'i_1/oledTask/pixel_color_reg[15]'
INFO: [Synth 8-3886] merging instance 'i_1/mouseTask/pixel_color_reg[14]' (LD) to 'i_1/mouseTask/pixel_color_reg[15]'
INFO: [Synth 8-3886] merging instance 'i_2/mw/oled_data_reg[0]' (LD) to 'i_2/mw/oled_data_reg[1]'
INFO: [Synth 8-3886] merging instance 'i_2/mw/oled_data_reg[1]' (LD) to 'i_2/mw/oled_data_reg[2]'
INFO: [Synth 8-3886] merging instance 'i_2/mw/oled_data_reg[3]' (LD) to 'i_2/mw/oled_data_reg[4]'
INFO: [Synth 8-3886] merging instance 'i_2/mw/oled_data_reg[5]' (LD) to 'i_2/mw/oled_data_reg[10]'
INFO: [Synth 8-3886] merging instance 'i_2/mouse/y_max_reg[0]' (FDRE) to 'i_2/mouse/y_max_reg[11]'
INFO: [Synth 8-3886] merging instance 'i_2/mouse/y_max_reg[1]' (FDRE) to 'i_2/mouse/y_max_reg[11]'
INFO: [Synth 8-3886] merging instance 'i_2/mouse/y_max_reg[2]' (FDRE) to 'i_2/mouse/y_max_reg[11]'
INFO: [Synth 8-3886] merging instance 'i_2/mouse/y_max_reg[3]' (FDRE) to 'i_2/mouse/y_max_reg[11]'
INFO: [Synth 8-3886] merging instance 'i_2/mouse/y_max_reg[4]' (FDRE) to 'i_2/mouse/y_max_reg[11]'
INFO: [Synth 8-3886] merging instance 'i_2/mouse/y_max_reg[5]' (FDRE) to 'i_2/mouse/y_max_reg[11]'
INFO: [Synth 8-3886] merging instance 'i_2/mouse/y_max_reg[6]' (FDRE) to 'i_2/mouse/y_max_reg[11]'
INFO: [Synth 8-3886] merging instance 'i_2/mouse/y_max_reg[7]' (FDSE) to 'i_2/mouse/y_max_reg[9]'
INFO: [Synth 8-3886] merging instance 'i_2/mouse/y_max_reg[8]' (FDRE) to 'i_2/mouse/y_max_reg[11]'
INFO: [Synth 8-3886] merging instance 'i_2/mouse/y_max_reg[9]' (FDSE) to 'i_2/mouse/x_max_reg[6]'
INFO: [Synth 8-3886] merging instance 'i_2/mouse/y_max_reg[10]' (FDRE) to 'i_2/mouse/y_max_reg[11]'
INFO: [Synth 8-3886] merging instance 'i_2/mouse/y_max_reg[11]' (FDRE) to 'i_2/mouse/x_max_reg[0]'
INFO: [Synth 8-3886] merging instance 'i_2/mouse/x_max_reg[0]' (FDRE) to 'i_2/mouse/x_max_reg[1]'
INFO: [Synth 8-3886] merging instance 'i_2/mouse/x_max_reg[1]' (FDRE) to 'i_2/mouse/x_max_reg[2]'
INFO: [Synth 8-3886] merging instance 'i_2/mouse/x_max_reg[2]' (FDRE) to 'i_2/mouse/x_max_reg[3]'
INFO: [Synth 8-3886] merging instance 'i_2/mouse/x_max_reg[3]' (FDRE) to 'i_2/mouse/x_max_reg[4]'
INFO: [Synth 8-3886] merging instance 'i_2/mouse/x_max_reg[4]' (FDRE) to 'i_2/mouse/x_max_reg[5]'
INFO: [Synth 8-3886] merging instance 'i_2/mouse/x_max_reg[5]' (FDRE) to 'i_2/mouse/x_max_reg[10]'
INFO: [Synth 8-3886] merging instance 'i_2/mouse/x_max_reg[6]' (FDSE) to 'i_2/mouse/x_max_reg[7]'
INFO: [Synth 8-3886] merging instance 'i_2/mouse/x_max_reg[7]' (FDSE) to 'i_2/mouse/x_max_reg[8]'
INFO: [Synth 8-3886] merging instance 'i_2/mouse/x_max_reg[8]' (FDSE) to 'i_2/mouse/x_max_reg[9]'
INFO: [Synth 8-3886] merging instance 'i_2/mouse/x_max_reg[10]' (FDRE) to 'i_2/mouse/x_max_reg[11]'
INFO: [Synth 8-3333] propagating constant 0 across sequential element (i_2/mouse/\x_max_reg[11] )
INFO: [Synth 8-3886] merging instance 'i_2/nolabel_line174/rgb_reg[0]' (FDRE) to 'i_2/nolabel_line174/rgb_reg[10]'
WARNING: [Synth 8-3332] Sequential element (zpos_reg[3]) is unused and will be removed from module MouseCtl.
WARNING: [Synth 8-3332] Sequential element (zpos_reg[2]) is unused and will be removed from module MouseCtl.
WARNING: [Synth 8-3332] Sequential element (zpos_reg[1]) is unused and will be removed from module MouseCtl.
WARNING: [Synth 8-3332] Sequential element (zpos_reg[0]) is unused and will be removed from module MouseCtl.
WARNING: [Synth 8-3332] Sequential element (new_event_reg) is unused and will be removed from module MouseCtl.
WARNING: [Synth 8-3332] Sequential element (x_max_reg[11]) is unused and will be removed from module MouseCtl.
WARNING: [Synth 8-3332] Sequential element (x_max_reg[9]) is unused and will be removed from module MouseCtl.
INFO: [Synth 8-3886] merging instance 'i_0/nolabel_line173/rgb_reg[11]' (FDRE) to 'i_0/nolabel_line173/rgb_reg[12]'
INFO: [Synth 8-3886] merging instance 'i_2/mw/oled_data_reg[6]' (LD) to 'i_2/mw/oled_data_reg[8]'
---------------------------------------------------------------------------------
Finished Cross Boundary and Area Optimization : Time (s): cpu = 00:03:22 ; elapsed = 00:03:31 . Memory (MB): peak = 1078.711 ; gain = 821.879
---------------------------------------------------------------------------------
---------------------------------------------------------------------------------
Start ROM, RAM, DSP and Shift Register Reporting
---------------------------------------------------------------------------------

ROM:
+-------------+------------+---------------+----------------+
|Module Name  | RTL Object | Depth x Width | Implemented As | 
+-------------+------------+---------------+----------------+
|menu_display | rgb        | 16384x16      | LUT            | 
|menu_display | rgb        | 16384x16      | LUT            | 
|menu_display | rgb        | 16384x16      | LUT            | 
|menu_2       | rgb        | 8192x16       | LUT            | 
|menu_2       | rgb        | 8192x16       | LUT            | 
+-------------+------------+---------------+----------------+

---------------------------------------------------------------------------------
Finished ROM, RAM, DSP and Shift Register Reporting
---------------------------------------------------------------------------------

Report RTL Partitions: 
+------+-----------------+------------+----------+
|      |RTL Partition    |Replication |Instances |
+------+-----------------+------------+----------+
|1     |Top_Student__GB0 |           1|     14119|
|2     |Top_Student__GB1 |           1|      1733|
|3     |Top_Student__GB2 |           1|      7051|
+------+-----------------+------------+----------+
---------------------------------------------------------------------------------
Start Applying XDC Timing Constraints
---------------------------------------------------------------------------------
---------------------------------------------------------------------------------
Finished Applying XDC Timing Constraints : Time (s): cpu = 00:03:29 ; elapsed = 00:03:39 . Memory (MB): peak = 1078.711 ; gain = 821.879
---------------------------------------------------------------------------------
---------------------------------------------------------------------------------
Start Timing Optimization
---------------------------------------------------------------------------------
---------------------------------------------------------------------------------
Finished Timing Optimization : Time (s): cpu = 00:03:43 ; elapsed = 00:03:53 . Memory (MB): peak = 1078.711 ; gain = 821.879
---------------------------------------------------------------------------------

Report RTL Partitions: 
+------+-----------------+------------+----------+
|      |RTL Partition    |Replication |Instances |
+------+-----------------+------------+----------+
|1     |Top_Student__GB1 |           1|      1679|
|2     |Top_Student_GT0  |           1|     20973|
+------+-----------------+------------+----------+
---------------------------------------------------------------------------------
Start Technology Mapping
---------------------------------------------------------------------------------
WARNING: [Synth 8-3332] Sequential element (oledGrpTask/seg_num1_reg[3]) is unused and will be removed from module Top_Student.
WARNING: [Synth 8-3332] Sequential element (oledGrpTask/seg_num1_reg[2]) is unused and will be removed from module Top_Student.
WARNING: [Synth 8-3332] Sequential element (oledGrpTask/seg_num1_reg[1]) is unused and will be removed from module Top_Student.
WARNING: [Synth 8-3332] Sequential element (oledGrpTask/seg_num1_reg[0]) is unused and will be removed from module Top_Student.
WARNING: [Synth 8-3332] Sequential element (oledGrpTask/seg_num2_reg[1]) is unused and will be removed from module Top_Student.
WARNING: [Synth 8-3332] Sequential element (oledGrpTask/seg_num2_reg[0]) is unused and will be removed from module Top_Student.
WARNING: [Synth 8-3332] Sequential element (ds/dp_reg) is unused and will be removed from module Top_Student.
WARNING: [Synth 8-3332] Sequential element (ds/clk200hz/clk_out_reg) is unused and will be removed from module Top_Student.
WARNING: [Synth 8-3332] Sequential element (ds/an_on_reg[3]) is unused and will be removed from module Top_Student.
WARNING: [Synth 8-3332] Sequential element (ds/an_on_reg[2]) is unused and will be removed from module Top_Student.
WARNING: [Synth 8-3332] Sequential element (ds/an_on_reg[1]) is unused and will be removed from module Top_Student.
WARNING: [Synth 8-3332] Sequential element (ds/an_on_reg[0]) is unused and will be removed from module Top_Student.
WARNING: [Synth 8-3332] Sequential element (ds/an_reg[3]) is unused and will be removed from module Top_Student.
WARNING: [Synth 8-3332] Sequential element (ds/an_reg[2]) is unused and will be removed from module Top_Student.
WARNING: [Synth 8-3332] Sequential element (ds/an_reg[1]) is unused and will be removed from module Top_Student.
WARNING: [Synth 8-3332] Sequential element (ds/an_reg[0]) is unused and will be removed from module Top_Student.
WARNING: [Synth 8-3332] Sequential element (ds/seg_reg[6]) is unused and will be removed from module Top_Student.
WARNING: [Synth 8-3332] Sequential element (ds/seg_reg[5]) is unused and will be removed from module Top_Student.
WARNING: [Synth 8-3332] Sequential element (ds/seg_reg[4]) is unused and will be removed from module Top_Student.
WARNING: [Synth 8-3332] Sequential element (ds/seg_reg[3]) is unused and will be removed from module Top_Student.
WARNING: [Synth 8-3332] Sequential element (ds/seg_reg[2]) is unused and will be removed from module Top_Student.
WARNING: [Synth 8-3332] Sequential element (ds/seg_reg[1]) is unused and will be removed from module Top_Student.
WARNING: [Synth 8-3332] Sequential element (ds/seg_reg[0]) is unused and will be removed from module Top_Student.
INFO: [Synth 8-3886] merging instance 'nolabel_line174/rgb_reg[11]' (FDSE) to 'nolabel_line174/rgb_reg[15]'
---------------------------------------------------------------------------------
Finished Technology Mapping : Time (s): cpu = 00:03:48 ; elapsed = 00:03:58 . Memory (MB): peak = 1137.914 ; gain = 881.082
---------------------------------------------------------------------------------

Report RTL Partitions: 
+-+--------------+------------+----------+
| |RTL Partition |Replication |Instances |
+-+--------------+------------+----------+
+-+--------------+------------+----------+
---------------------------------------------------------------------------------
Start IO Insertion
---------------------------------------------------------------------------------
---------------------------------------------------------------------------------
Start Flattening Before IO Insertion
---------------------------------------------------------------------------------
---------------------------------------------------------------------------------
Finished Flattening Before IO Insertion
---------------------------------------------------------------------------------
---------------------------------------------------------------------------------
Start Final Netlist Cleanup
---------------------------------------------------------------------------------
INFO: [Synth 8-5365] Flop mouse/Inst_Ps2Interface/ps2_clk_h_reg is being inverted and renamed to mouse/Inst_Ps2Interface/ps2_clk_h_reg_inv.
INFO: [Synth 8-5365] Flop mouse/Inst_Ps2Interface/ps2_data_h_reg is being inverted and renamed to mouse/Inst_Ps2Interface/ps2_data_h_reg_inv.
---------------------------------------------------------------------------------
Finished Final Netlist Cleanup
---------------------------------------------------------------------------------
---------------------------------------------------------------------------------
Finished IO Insertion : Time (s): cpu = 00:03:49 ; elapsed = 00:03:59 . Memory (MB): peak = 1137.914 ; gain = 881.082
---------------------------------------------------------------------------------

Report Check Netlist: 
+------+------------------+-------+---------+-------+------------------+
|      |Item              |Errors |Warnings |Status |Description       |
+------+------------------+-------+---------+-------+------------------+
|1     |multi_driven_nets |      0|        0|Passed |Multi driven nets |
+------+------------------+-------+---------+-------+------------------+
---------------------------------------------------------------------------------
Start Renaming Generated Instances
---------------------------------------------------------------------------------
---------------------------------------------------------------------------------
Finished Renaming Generated Instances : Time (s): cpu = 00:03:49 ; elapsed = 00:03:59 . Memory (MB): peak = 1137.914 ; gain = 881.082
---------------------------------------------------------------------------------

Report RTL Partitions: 
+-+--------------+------------+----------+
| |RTL Partition |Replication |Instances |
+-+--------------+------------+----------+
+-+--------------+------------+----------+
---------------------------------------------------------------------------------
Start Rebuilding User Hierarchy
---------------------------------------------------------------------------------
---------------------------------------------------------------------------------
Finished Rebuilding User Hierarchy : Time (s): cpu = 00:03:50 ; elapsed = 00:03:59 . Memory (MB): peak = 1137.914 ; gain = 881.082
---------------------------------------------------------------------------------
---------------------------------------------------------------------------------
Start Renaming Generated Ports
---------------------------------------------------------------------------------
---------------------------------------------------------------------------------
Finished Renaming Generated Ports : Time (s): cpu = 00:03:50 ; elapsed = 00:03:59 . Memory (MB): peak = 1137.914 ; gain = 881.082
---------------------------------------------------------------------------------
---------------------------------------------------------------------------------
Start Handling Custom Attributes
---------------------------------------------------------------------------------
---------------------------------------------------------------------------------
Finished Handling Custom Attributes : Time (s): cpu = 00:03:51 ; elapsed = 00:04:01 . Memory (MB): peak = 1137.914 ; gain = 881.082
---------------------------------------------------------------------------------
---------------------------------------------------------------------------------
Start Renaming Generated Nets
---------------------------------------------------------------------------------
---------------------------------------------------------------------------------
Finished Renaming Generated Nets : Time (s): cpu = 00:03:51 ; elapsed = 00:04:01 . Memory (MB): peak = 1137.914 ; gain = 881.082
---------------------------------------------------------------------------------
---------------------------------------------------------------------------------
Start Writing Synthesis Report
---------------------------------------------------------------------------------

Report BlackBoxes: 
+-+--------------+----------+
| |BlackBox name |Instances |
+-+--------------+----------+
+-+--------------+----------+

Report Cell Usage: 
+------+-------+------+
|      |Cell   |Count |
+------+-------+------+
|1     |BUFG   |     4|
|2     |CARRY4 |   434|
|3     |LUT1   |   421|
|4     |LUT2   |  1011|
|5     |LUT3   |   612|
|6     |LUT4   |   646|
|7     |LUT5   |   838|
|8     |LUT6   |  3408|
|9     |MUXF7  |   100|
|10    |MUXF8  |    10|
|11    |FDE_1  |    32|
|12    |FDRE   |   884|
|13    |FDSE   |     9|
|14    |LD     |    39|
|15    |IBUF   |    10|
|16    |IOBUF  |     2|
|17    |OBUF   |    37|
|18    |OBUFT  |     1|
+------+-------+------+

Report Instance Areas: 
+------+----------------------+-----------------+------+
|      |Instance              |Module           |Cells |
+------+----------------------+-----------------+------+
|1     |top                   |                 |  8498|
|2     |  ai                  |Audio_Input      |    71|
|3     |  clk100              |clk_variable     |    56|
|4     |  clk2                |clk_variable_0   |    53|
|5     |  clk20k              |clk_variable_1   |    84|
|6     |  clk3                |clk_variable_2   |    58|
|7     |  dl                  |display_led      |    10|
|8     |  lvl                 |audio_level_calc |   152|
|9     |    clk1              |clk_variable_6   |    56|
|10    |  mouse               |MouseCtl         |  1258|
|11    |    Inst_Ps2Interface |Ps2Interface     |   283|
|12    |  mouseTask           |mouse_task       |    19|
|13    |  mw                  |mic_wave         |   804|
|14    |    clk1              |clk_variable_5   |    80|
|15    |  nolabel_line173     |menu_display     |   550|
|16    |  nolabel_line174     |menu_2           |   789|
|17    |    nolabel_line41    |clk_variable_4   |    57|
|18    |  oled                |Oled_Display     |  3655|
|19    |  oledGrpTask         |grp_task_module  |    26|
|20    |  oledTask            |oled_indiv_task  |    14|
|21    |  wm                  |whack_a_mole     |   113|
|22    |    clk1hz            |clk_variable_3   |    82|
|23    |    test_rand         |random_generator |     6|
+------+----------------------+-----------------+------+
---------------------------------------------------------------------------------
Finished Writing Synthesis Report : Time (s): cpu = 00:03:51 ; elapsed = 00:04:01 . Memory (MB): peak = 1137.914 ; gain = 881.082
---------------------------------------------------------------------------------
Synthesis finished with 0 errors, 0 critical warnings and 57 warnings.
Synthesis Optimization Runtime : Time (s): cpu = 00:03:34 ; elapsed = 00:03:52 . Memory (MB): peak = 1137.914 ; gain = 607.168
Synthesis Optimization Complete : Time (s): cpu = 00:03:51 ; elapsed = 00:04:01 . Memory (MB): peak = 1137.914 ; gain = 881.082
INFO: [Project 1-571] Translating synthesized netlist
INFO: [Netlist 29-17] Analyzing 627 Unisim elements for replacement
INFO: [Netlist 29-28] Unisim Transformation completed in 0 CPU seconds
INFO: [Project 1-570] Preparing netlist for logic optimization
INFO: [Opt 31-138] Pushed 0 inverter(s) to 0 load pin(s).
INFO: [Project 1-111] Unisim Transformation Summary:
  A total of 73 instances were transformed.
  FDE_1 => FDRE (inverted pins: C): 32 instances
  IOBUF => IOBUF (IBUF, OBUFT): 2 instances
  LD => LDCE: 39 instances

INFO: [Common 17-83] Releasing license: Synthesis
272 Infos, 108 Warnings, 0 Critical Warnings and 0 Errors encountered.
synth_design completed successfully
synth_design: Time (s): cpu = 00:03:55 ; elapsed = 00:04:04 . Memory (MB): peak = 1137.914 ; gain = 893.828
WARNING: [Constraints 18-5210] No constraint will be written out.
INFO: [Common 17-1381] The checkpoint 'C:/Users/Joshua/Documents/GitHub/EE2026/MouseAudioDisplay/MouseAudioDisplay.runs/synth_1/Top_Student.dcp' has been generated.
INFO: [runtcl-4] Executing : report_utilization -file Top_Student_utilization_synth.rpt -pb Top_Student_utilization_synth.pb
report_utilization: Time (s): cpu = 00:00:00 ; elapsed = 00:00:00.066 . Memory (MB): peak = 1137.914 ; gain = 0.000
INFO: [Common 17-206] Exiting Vivado at Tue Mar 28 23:17:20 2023...
