#-----------------------------------------------------------
# Vivado v2018.2 (64-bit)
# SW Build 2258646 on Thu Jun 14 20:03:12 MDT 2018
# IP Build 2256618 on Thu Jun 14 22:10:49 MDT 2018
# Start of session at: Wed Mar 29 09:12:31 2023
# Process ID: 11500
# Current directory: C:/Users/tangs/OneDrive/Documents/GitHub/EE2026/MouseAudioDisplay
# Command line: vivado.exe -gui_launcher_event rodinguilauncherevent14636 C:\Users\tangs\OneDrive\Documents\GitHub\EE2026\MouseAudioDisplay\MouseAudioDisplay.xpr
# Log file: C:/Users/tangs/OneDrive/Documents/GitHub/EE2026/MouseAudioDisplay/vivado.log
# Journal file: C:/Users/tangs/OneDrive/Documents/GitHub/EE2026/MouseAudioDisplay\vivado.jou
#-----------------------------------------------------------
start_gui
open_project C:/Users/tangs/OneDrive/Documents/GitHub/EE2026/MouseAudioDisplay/MouseAudioDisplay.xpr
INFO: [Project 1-313] Project file moved from 'C:/Users/Joshua/Documents/GitHub/EE2026/MouseAudioDisplay' since last save.
Scanning sources...
Finished scanning sources
INFO: [IP_Flow 19-234] Refreshing IP repositories
INFO: [IP_Flow 19-1704] No user IP repositories specified
INFO: [IP_Flow 19-2313] Loaded Vivado IP repository 'C:/Xilinx/Vivado/2018.2/data/ip'.
update_compile_order -fileset sources_1
update_compile_order -fileset sources_1
reset_run synth_1
launch_runs impl_1 -to_step write_bitstream -jobs 6
[Wed Mar 29 09:13:36 2023] Launched synth_1...
Run output will be captured here: C:/Users/tangs/OneDrive/Documents/GitHub/EE2026/MouseAudioDisplay/MouseAudioDisplay.runs/synth_1/runme.log
[Wed Mar 29 09:13:36 2023] Launched impl_1...
Run output will be captured here: C:/Users/tangs/OneDrive/Documents/GitHub/EE2026/MouseAudioDisplay/MouseAudioDisplay.runs/impl_1/runme.log
open_hw
connect_hw_server
INFO: [Labtools 27-2285] Connecting to hw_server url TCP:localhost:3121
INFO: [Labtools 27-2222] Launching hw_server...
INFO: [Labtools 27-2221] Launch Output:

****** Xilinx hw_server v2018.2
  **** Build date : Jun 14 2018-20:42:52
    ** Copyright 1986-2018 Xilinx, Inc. All Rights Reserved.


open_hw_target
INFO: [Labtoolstcl 44-466] Opening hw_target localhost:3121/xilinx_tcf/Digilent/210183ACA93AA
set_property PROGRAM.FILE {C:/Users/tangs/OneDrive/Documents/GitHub/EE2026/MouseAudioDisplay/MouseAudioDisplay.runs/impl_1/Top_Student.bit} [get_hw_devices xc7a35t_0]
current_hw_device [get_hw_devices xc7a35t_0]
refresh_hw_device -update_hw_probes false [lindex [get_hw_devices xc7a35t_0] 0]
INFO: [Labtools 27-1434] Device xc7a35t (JTAG device index = 0) is programmed with a design that has no supported debug core(s) in it.
WARNING: [Labtools 27-3361] The debug hub core was not detected.
Resolution: 
1. Make sure the clock connected to the debug hub (dbg_hub) core is a free running clock and is active.
2. Make sure the BSCAN_SWITCH_USER_MASK device property in Vivado Hardware Manager reflects the user scan chain setting in the design and refresh the device.  To determine the user scan chain setting in the design, open the implemented design and use 'get_property C_USER_SCAN_CHAIN [get_debug_cores dbg_hub]'.
For more details on setting the scan chain property, consult the Vivado Debug and Programming User Guide (UG908).
set_property PROBES.FILE {} [get_hw_devices xc7a35t_0]
set_property FULL_PROBES.FILE {} [get_hw_devices xc7a35t_0]
set_property PROGRAM.FILE {C:/Users/tangs/OneDrive/Documents/GitHub/EE2026/MouseAudioDisplay/MouseAudioDisplay.runs/impl_1/Top_Student.bit} [get_hw_devices xc7a35t_0]
program_hw_devices [get_hw_devices xc7a35t_0]
INFO: [Labtools 27-3164] End of startup status: HIGH
refresh_hw_device [lindex [get_hw_devices xc7a35t_0] 0]
INFO: [Labtools 27-1434] Device xc7a35t (JTAG device index = 0) is programmed with a design that has no supported debug core(s) in it.
WARNING: [Labtools 27-3361] The debug hub core was not detected.
Resolution: 
1. Make sure the clock connected to the debug hub (dbg_hub) core is a free running clock and is active.
2. Make sure the BSCAN_SWITCH_USER_MASK device property in Vivado Hardware Manager reflects the user scan chain setting in the design and refresh the device.  To determine the user scan chain setting in the design, open the implemented design and use 'get_property C_USER_SCAN_CHAIN [get_debug_cores dbg_hub]'.
For more details on setting the scan chain property, consult the Vivado Debug and Programming User Guide (UG908).
reset_run synth_1
launch_runs impl_1 -to_step write_bitstream -jobs 6
[Wed Mar 29 09:18:07 2023] Launched synth_1...
Run output will be captured here: C:/Users/tangs/OneDrive/Documents/GitHub/EE2026/MouseAudioDisplay/MouseAudioDisplay.runs/synth_1/runme.log
[Wed Mar 29 09:18:07 2023] Launched impl_1...
Run output will be captured here: C:/Users/tangs/OneDrive/Documents/GitHub/EE2026/MouseAudioDisplay/MouseAudioDisplay.runs/impl_1/runme.log
set_property PROBES.FILE {} [get_hw_devices xc7a35t_0]
set_property FULL_PROBES.FILE {} [get_hw_devices xc7a35t_0]
set_property PROGRAM.FILE {C:/Users/tangs/OneDrive/Documents/GitHub/EE2026/MouseAudioDisplay/MouseAudioDisplay.runs/impl_1/Top_Student.bit} [get_hw_devices xc7a35t_0]
program_hw_devices [get_hw_devices xc7a35t_0]
INFO: [Labtools 27-3164] End of startup status: HIGH
refresh_hw_device [lindex [get_hw_devices xc7a35t_0] 0]
INFO: [Labtools 27-1434] Device xc7a35t (JTAG device index = 0) is programmed with a design that has no supported debug core(s) in it.
WARNING: [Labtools 27-3361] The debug hub core was not detected.
Resolution: 
1. Make sure the clock connected to the debug hub (dbg_hub) core is a free running clock and is active.
2. Make sure the BSCAN_SWITCH_USER_MASK device property in Vivado Hardware Manager reflects the user scan chain setting in the design and refresh the device.  To determine the user scan chain setting in the design, open the implemented design and use 'get_property C_USER_SCAN_CHAIN [get_debug_cores dbg_hub]'.
For more details on setting the scan chain property, consult the Vivado Debug and Programming User Guide (UG908).
reset_run synth_1
launch_runs impl_1 -to_step write_bitstream -jobs 6
[Wed Mar 29 09:46:30 2023] Launched synth_1...
Run output will be captured here: C:/Users/tangs/OneDrive/Documents/GitHub/EE2026/MouseAudioDisplay/MouseAudioDisplay.runs/synth_1/runme.log
[Wed Mar 29 09:46:30 2023] Launched impl_1...
Run output will be captured here: C:/Users/tangs/OneDrive/Documents/GitHub/EE2026/MouseAudioDisplay/MouseAudioDisplay.runs/impl_1/runme.log
reset_run synth_1
launch_runs impl_1 -to_step write_bitstream -jobs 6
[Wed Mar 29 09:49:10 2023] Launched synth_1...
Run output will be captured here: C:/Users/tangs/OneDrive/Documents/GitHub/EE2026/MouseAudioDisplay/MouseAudioDisplay.runs/synth_1/runme.log
[Wed Mar 29 09:49:10 2023] Launched impl_1...
Run output will be captured here: C:/Users/tangs/OneDrive/Documents/GitHub/EE2026/MouseAudioDisplay/MouseAudioDisplay.runs/impl_1/runme.log
set_property PROBES.FILE {} [get_hw_devices xc7a35t_0]
set_property FULL_PROBES.FILE {} [get_hw_devices xc7a35t_0]
set_property PROGRAM.FILE {C:/Users/tangs/OneDrive/Documents/GitHub/EE2026/MouseAudioDisplay/MouseAudioDisplay.runs/impl_1/Top_Student.bit} [get_hw_devices xc7a35t_0]
program_hw_devices [get_hw_devices xc7a35t_0]
INFO: [Labtools 27-3164] End of startup status: HIGH
refresh_hw_device [lindex [get_hw_devices xc7a35t_0] 0]
INFO: [Labtools 27-1434] Device xc7a35t (JTAG device index = 0) is programmed with a design that has no supported debug core(s) in it.
WARNING: [Labtools 27-3361] The debug hub core was not detected.
Resolution: 
1. Make sure the clock connected to the debug hub (dbg_hub) core is a free running clock and is active.
2. Make sure the BSCAN_SWITCH_USER_MASK device property in Vivado Hardware Manager reflects the user scan chain setting in the design and refresh the device.  To determine the user scan chain setting in the design, open the implemented design and use 'get_property C_USER_SCAN_CHAIN [get_debug_cores dbg_hub]'.
For more details on setting the scan chain property, consult the Vivado Debug and Programming User Guide (UG908).
set_property PROBES.FILE {} [get_hw_devices xc7a35t_0]
set_property FULL_PROBES.FILE {} [get_hw_devices xc7a35t_0]
set_property PROGRAM.FILE {C:/Users/tangs/OneDrive/Documents/GitHub/EE2026/MouseAudioDisplay/MouseAudioDisplay.runs/impl_1/Top_Student.bit} [get_hw_devices xc7a35t_0]
program_hw_devices [get_hw_devices xc7a35t_0]
INFO: [Labtools 27-3164] End of startup status: HIGH
refresh_hw_device [lindex [get_hw_devices xc7a35t_0] 0]
INFO: [Labtools 27-1434] Device xc7a35t (JTAG device index = 0) is programmed with a design that has no supported debug core(s) in it.
WARNING: [Labtools 27-3361] The debug hub core was not detected.
Resolution: 
1. Make sure the clock connected to the debug hub (dbg_hub) core is a free running clock and is active.
2. Make sure the BSCAN_SWITCH_USER_MASK device property in Vivado Hardware Manager reflects the user scan chain setting in the design and refresh the device.  To determine the user scan chain setting in the design, open the implemented design and use 'get_property C_USER_SCAN_CHAIN [get_debug_cores dbg_hub]'.
For more details on setting the scan chain property, consult the Vivado Debug and Programming User Guide (UG908).
reset_run synth_1
launch_runs impl_1 -to_step write_bitstream -jobs 6
[Wed Mar 29 09:52:42 2023] Launched synth_1...
Run output will be captured here: C:/Users/tangs/OneDrive/Documents/GitHub/EE2026/MouseAudioDisplay/MouseAudioDisplay.runs/synth_1/runme.log
[Wed Mar 29 09:52:42 2023] Launched impl_1...
Run output will be captured here: C:/Users/tangs/OneDrive/Documents/GitHub/EE2026/MouseAudioDisplay/MouseAudioDisplay.runs/impl_1/runme.log
synth_design -rtl -name rtl_1
Command: synth_design -rtl -name rtl_1
Starting synth_design
Using part: xc7a35tcpg236-1
Top: Top_Student
WARNING: [Synth 8-2644] root scope declaration is not allowed in verilog 95/2K mode [C:/Users/tangs/OneDrive/Documents/GitHub/EE2026/MouseAudioDisplay/MouseAudioDisplay.srcs/sources_1/new/Top_Student.v:13]
WARNING: [Synth 8-2644] root scope declaration is not allowed in verilog 95/2K mode [C:/Users/tangs/OneDrive/Documents/GitHub/EE2026/MouseAudioDisplay/MouseAudioDisplay.srcs/sources_1/new/Top_Student.v:14]
WARNING: [Synth 8-2644] root scope declaration is not allowed in verilog 95/2K mode [C:/Users/tangs/OneDrive/Documents/GitHub/EE2026/MouseAudioDisplay/MouseAudioDisplay.srcs/sources_1/new/Top_Student.v:15]
WARNING: [Synth 8-2644] root scope declaration is not allowed in verilog 95/2K mode [C:/Users/tangs/OneDrive/Documents/GitHub/EE2026/MouseAudioDisplay/MouseAudioDisplay.srcs/sources_1/new/Top_Student.v:16]
---------------------------------------------------------------------------------
Starting RTL Elaboration : Time (s): cpu = 00:00:02 ; elapsed = 00:00:02 . Memory (MB): peak = 1740.953 ; gain = 110.555
---------------------------------------------------------------------------------
INFO: [Synth 8-6157] synthesizing module 'Top_Student' [C:/Users/tangs/OneDrive/Documents/GitHub/EE2026/MouseAudioDisplay/MouseAudioDisplay.srcs/sources_1/new/Top_Student.v:18]
INFO: [Synth 8-6157] synthesizing module 'clk_variable' [C:/Users/tangs/OneDrive/Documents/GitHub/EE2026/MouseAudioDisplay/MouseAudioDisplay.srcs/sources_1/new/clk_variable.v:23]
INFO: [Synth 8-6155] done synthesizing module 'clk_variable' (1#1) [C:/Users/tangs/OneDrive/Documents/GitHub/EE2026/MouseAudioDisplay/MouseAudioDisplay.srcs/sources_1/new/clk_variable.v:23]
INFO: [Synth 8-6157] synthesizing module 'Audio_Input' [C:/Users/tangs/OneDrive/Documents/GitHub/EE2026/MouseAudioDisplay/MouseAudioDisplay.srcs/sources_1/imports/Desktop/Audio_Input.v:25]
INFO: [Synth 8-6155] done synthesizing module 'Audio_Input' (2#1) [C:/Users/tangs/OneDrive/Documents/GitHub/EE2026/MouseAudioDisplay/MouseAudioDisplay.srcs/sources_1/imports/Desktop/Audio_Input.v:25]
INFO: [Synth 8-6157] synthesizing module 'audio_level_calc' [C:/Users/tangs/OneDrive/Documents/GitHub/EE2026/MouseAudioDisplay/MouseAudioDisplay.srcs/sources_1/new/audio_level_calc.v:23]
INFO: [Synth 8-6155] done synthesizing module 'audio_level_calc' (3#1) [C:/Users/tangs/OneDrive/Documents/GitHub/EE2026/MouseAudioDisplay/MouseAudioDisplay.srcs/sources_1/new/audio_level_calc.v:23]
INFO: [Synth 8-6157] synthesizing module 'display_led' [C:/Users/tangs/OneDrive/Documents/GitHub/EE2026/MouseAudioDisplay/MouseAudioDisplay.srcs/sources_1/new/audio_intensity.v:23]
INFO: [Synth 8-155] case statement is not full and has no default [C:/Users/tangs/OneDrive/Documents/GitHub/EE2026/MouseAudioDisplay/MouseAudioDisplay.srcs/sources_1/new/audio_intensity.v:33]
INFO: [Synth 8-6155] done synthesizing module 'display_led' (4#1) [C:/Users/tangs/OneDrive/Documents/GitHub/EE2026/MouseAudioDisplay/MouseAudioDisplay.srcs/sources_1/new/audio_intensity.v:23]
INFO: [Synth 8-638] synthesizing module 'MouseCtl' [C:/Users/tangs/OneDrive/Documents/GitHub/EE2026/MouseAudioDisplay/MouseAudioDisplay.srcs/sources_1/imports/Desktop/Mouse_Control.vhd:212]
	Parameter SYSCLK_FREQUENCY_HZ bound to: 100000000 - type: integer 
	Parameter CHECK_PERIOD_MS bound to: 500 - type: integer 
	Parameter TIMEOUT_PERIOD_MS bound to: 100 - type: integer 
INFO: [Synth 8-3491] module 'Ps2Interface' declared at 'C:/Users/tangs/OneDrive/Documents/GitHub/EE2026/MouseAudioDisplay/MouseAudioDisplay.srcs/sources_1/imports/Desktop/Ps2Interface.vhd:156' bound to instance 'Inst_Ps2Interface' of component 'Ps2Interface' [C:/Users/tangs/OneDrive/Documents/GitHub/EE2026/MouseAudioDisplay/MouseAudioDisplay.srcs/sources_1/imports/Desktop/Mouse_Control.vhd:374]
INFO: [Synth 8-638] synthesizing module 'Ps2Interface' [C:/Users/tangs/OneDrive/Documents/GitHub/EE2026/MouseAudioDisplay/MouseAudioDisplay.srcs/sources_1/imports/Desktop/Ps2Interface.vhd:184]
INFO: [Synth 8-256] done synthesizing module 'Ps2Interface' (5#1) [C:/Users/tangs/OneDrive/Documents/GitHub/EE2026/MouseAudioDisplay/MouseAudioDisplay.srcs/sources_1/imports/Desktop/Ps2Interface.vhd:184]
WARNING: [Synth 8-6014] Unused sequential element inc_reg was removed.  [C:/Users/tangs/OneDrive/Documents/GitHub/EE2026/MouseAudioDisplay/MouseAudioDisplay.srcs/sources_1/imports/Desktop/Mouse_Control.vhd:455]
WARNING: [Synth 8-6014] Unused sequential element x_inter_reg was removed.  [C:/Users/tangs/OneDrive/Documents/GitHub/EE2026/MouseAudioDisplay/MouseAudioDisplay.srcs/sources_1/imports/Desktop/Mouse_Control.vhd:461]
WARNING: [Synth 8-6014] Unused sequential element inc_reg was removed.  [C:/Users/tangs/OneDrive/Documents/GitHub/EE2026/MouseAudioDisplay/MouseAudioDisplay.srcs/sources_1/imports/Desktop/Mouse_Control.vhd:519]
WARNING: [Synth 8-6014] Unused sequential element y_inter_reg was removed.  [C:/Users/tangs/OneDrive/Documents/GitHub/EE2026/MouseAudioDisplay/MouseAudioDisplay.srcs/sources_1/imports/Desktop/Mouse_Control.vhd:525]
INFO: [Synth 8-256] done synthesizing module 'MouseCtl' (6#1) [C:/Users/tangs/OneDrive/Documents/GitHub/EE2026/MouseAudioDisplay/MouseAudioDisplay.srcs/sources_1/imports/Desktop/Mouse_Control.vhd:212]
INFO: [Synth 8-6157] synthesizing module 'xycoordinate' [C:/Users/tangs/OneDrive/Documents/GitHub/EE2026/MouseAudioDisplay/MouseAudioDisplay.srcs/sources_1/new/xycoordinate.v:23]
INFO: [Synth 8-6155] done synthesizing module 'xycoordinate' (7#1) [C:/Users/tangs/OneDrive/Documents/GitHub/EE2026/MouseAudioDisplay/MouseAudioDisplay.srcs/sources_1/new/xycoordinate.v:23]
INFO: [Synth 8-6157] synthesizing module 'grp_task_module' [C:/Users/tangs/OneDrive/Documents/GitHub/EE2026/MouseAudioDisplay/MouseAudioDisplay.srcs/sources_1/new/grp_task.v:23]
	Parameter green bound to: 16'b0000011111100000 
	Parameter red bound to: 16'b1111100000000000 
	Parameter black bound to: 16'b0000000000000000 
	Parameter white bound to: 16'b1111111111111111 
INFO: [Synth 8-6155] done synthesizing module 'grp_task_module' (8#1) [C:/Users/tangs/OneDrive/Documents/GitHub/EE2026/MouseAudioDisplay/MouseAudioDisplay.srcs/sources_1/new/grp_task.v:23]
WARNING: [Synth 8-689] width (4) of port connection 'seg_num1' does not match port width (7) of module 'grp_task_module' [C:/Users/tangs/OneDrive/Documents/GitHub/EE2026/MouseAudioDisplay/MouseAudioDisplay.srcs/sources_1/new/Top_Student.v:160]
INFO: [Synth 8-6157] synthesizing module 'display_seg' [C:/Users/tangs/OneDrive/Documents/GitHub/EE2026/MouseAudioDisplay/MouseAudioDisplay.srcs/sources_1/new/display_seg.v:23]
INFO: [Synth 8-155] case statement is not full and has no default [C:/Users/tangs/OneDrive/Documents/GitHub/EE2026/MouseAudioDisplay/MouseAudioDisplay.srcs/sources_1/new/display_seg.v:46]
INFO: [Synth 8-6155] done synthesizing module 'display_seg' (9#1) [C:/Users/tangs/OneDrive/Documents/GitHub/EE2026/MouseAudioDisplay/MouseAudioDisplay.srcs/sources_1/new/display_seg.v:23]
WARNING: [Synth 8-689] width (4) of port connection 'seg_num1' does not match port width (7) of module 'display_seg' [C:/Users/tangs/OneDrive/Documents/GitHub/EE2026/MouseAudioDisplay/MouseAudioDisplay.srcs/sources_1/new/Top_Student.v:161]
WARNING: [Synth 8-689] width (3) of port connection 'reset_n' does not match port width (1) of module 'display_seg' [C:/Users/tangs/OneDrive/Documents/GitHub/EE2026/MouseAudioDisplay/MouseAudioDisplay.srcs/sources_1/new/Top_Student.v:161]
WARNING: [Synth 8-350] instance 'ds' of module 'display_seg' requires 10 connections, but only 9 given [C:/Users/tangs/OneDrive/Documents/GitHub/EE2026/MouseAudioDisplay/MouseAudioDisplay.srcs/sources_1/new/Top_Student.v:161]
INFO: [Synth 8-6157] synthesizing module 'Oled_Display' [C:/Users/tangs/OneDrive/Documents/GitHub/EE2026/MouseAudioDisplay/MouseAudioDisplay.srcs/sources_1/imports/Desktop/Oled_Display.v:36]
	Parameter Width bound to: 96 - type: integer 
	Parameter Height bound to: 64 - type: integer 
	Parameter PixelCount bound to: 6144 - type: integer 
	Parameter PixelCountWidth bound to: 13 - type: integer 
	Parameter ClkFreq bound to: 6250000 - type: integer 
	Parameter FrameFreq bound to: 60 - type: integer 
	Parameter FrameDiv bound to: 104166 - type: integer 
	Parameter FrameDivWidth bound to: 17 - type: integer 
	Parameter PowerDelay bound to: 20 - type: integer 
	Parameter ResetDelay bound to: 3 - type: integer 
	Parameter VccEnDelay bound to: 20 - type: integer 
	Parameter StartupCompleteDelay bound to: 100 - type: integer 
	Parameter MaxDelay bound to: 100 - type: integer 
	Parameter MaxDelayCount bound to: 625000 - type: integer 
	Parameter StateCount bound to: 32 - type: integer 
	Parameter StateWidth bound to: 5 - type: integer 
	Parameter PowerUp bound to: 5'b00000 
	Parameter Reset bound to: 5'b00001 
	Parameter ReleaseReset bound to: 5'b00011 
	Parameter EnableDriver bound to: 5'b00010 
	Parameter DisplayOff bound to: 5'b00110 
	Parameter SetRemapDisplayFormat bound to: 5'b00111 
	Parameter SetStartLine bound to: 5'b00101 
	Parameter SetOffset bound to: 5'b00100 
	Parameter SetNormalDisplay bound to: 5'b01100 
	Parameter SetMultiplexRatio bound to: 5'b01101 
	Parameter SetMasterConfiguration bound to: 5'b01111 
	Parameter DisablePowerSave bound to: 5'b01110 
	Parameter SetPhaseAdjust bound to: 5'b01010 
	Parameter SetDisplayClock bound to: 5'b01011 
	Parameter SetSecondPrechargeA bound to: 5'b01001 
	Parameter SetSecondPrechargeB bound to: 5'b01000 
	Parameter SetSecondPrechargeC bound to: 5'b11000 
	Parameter SetPrechargeLevel bound to: 5'b11001 
	Parameter SetVCOMH bound to: 5'b11011 
	Parameter SetMasterCurrent bound to: 5'b11010 
	Parameter SetContrastA bound to: 5'b11110 
	Parameter SetContrastB bound to: 5'b11111 
	Parameter SetContrastC bound to: 5'b11101 
	Parameter DisableScrolling bound to: 5'b11100 
	Parameter ClearScreen bound to: 5'b10100 
	Parameter VccEn bound to: 5'b10101 
	Parameter DisplayOn bound to: 5'b10111 
	Parameter PrepareNextFrame bound to: 5'b10110 
	Parameter SetColAddress bound to: 5'b10010 
	Parameter SetRowAddress bound to: 5'b10011 
	Parameter WaitNextFrame bound to: 5'b10001 
	Parameter SendPixel bound to: 5'b10000 
	Parameter SpiCommandMaxWidth bound to: 40 - type: integer 
	Parameter SpiCommandBitCountWidth bound to: 6 - type: integer 
INFO: [Synth 8-226] default block is never used [C:/Users/tangs/OneDrive/Documents/GitHub/EE2026/MouseAudioDisplay/MouseAudioDisplay.srcs/sources_1/imports/Desktop/Oled_Display.v:123]
INFO: [Synth 8-226] default block is never used [C:/Users/tangs/OneDrive/Documents/GitHub/EE2026/MouseAudioDisplay/MouseAudioDisplay.srcs/sources_1/imports/Desktop/Oled_Display.v:198]
WARNING: [Synth 8-693] zero replication count - replication ignored [C:/Users/tangs/OneDrive/Documents/GitHub/EE2026/MouseAudioDisplay/MouseAudioDisplay.srcs/sources_1/imports/Desktop/Oled_Display.v:346]
INFO: [Synth 8-6155] done synthesizing module 'Oled_Display' (10#1) [C:/Users/tangs/OneDrive/Documents/GitHub/EE2026/MouseAudioDisplay/MouseAudioDisplay.srcs/sources_1/imports/Desktop/Oled_Display.v:36]
WARNING: [Synth 8-3848] Net oled_data3 in module/entity Top_Student does not have driver. [C:/Users/tangs/OneDrive/Documents/GitHub/EE2026/MouseAudioDisplay/MouseAudioDisplay.srcs/sources_1/new/Top_Student.v:56]
WARNING: [Synth 8-3848] Net oled_data2 in module/entity Top_Student does not have driver. [C:/Users/tangs/OneDrive/Documents/GitHub/EE2026/MouseAudioDisplay/MouseAudioDisplay.srcs/sources_1/new/Top_Student.v:55]
WARNING: [Synth 8-3848] Net oled_data4 in module/entity Top_Student does not have driver. [C:/Users/tangs/OneDrive/Documents/GitHub/EE2026/MouseAudioDisplay/MouseAudioDisplay.srcs/sources_1/new/Top_Student.v:57]
WARNING: [Synth 8-3848] Net oled_data5 in module/entity Top_Student does not have driver. [C:/Users/tangs/OneDrive/Documents/GitHub/EE2026/MouseAudioDisplay/MouseAudioDisplay.srcs/sources_1/new/Top_Student.v:58]
WARNING: [Synth 8-3848] Net oled_data7 in module/entity Top_Student does not have driver. [C:/Users/tangs/OneDrive/Documents/GitHub/EE2026/MouseAudioDisplay/MouseAudioDisplay.srcs/sources_1/new/Top_Student.v:60]
WARNING: [Synth 8-3848] Net oled_data1 in module/entity Top_Student does not have driver. [C:/Users/tangs/OneDrive/Documents/GitHub/EE2026/MouseAudioDisplay/MouseAudioDisplay.srcs/sources_1/new/Top_Student.v:54]
INFO: [Synth 8-6155] done synthesizing module 'Top_Student' (11#1) [C:/Users/tangs/OneDrive/Documents/GitHub/EE2026/MouseAudioDisplay/MouseAudioDisplay.srcs/sources_1/new/Top_Student.v:18]
WARNING: [Synth 8-3331] design display_seg has unconnected port reset_n
WARNING: [Synth 8-3331] design display_seg has unconnected port current_option[2]
WARNING: [Synth 8-3331] design display_seg has unconnected port current_option[1]
WARNING: [Synth 8-3331] design display_seg has unconnected port current_option[0]
WARNING: [Synth 8-3331] design display_seg has unconnected port task_option[2]
WARNING: [Synth 8-3331] design display_seg has unconnected port task_option[1]
WARNING: [Synth 8-3331] design display_seg has unconnected port task_option[0]
WARNING: [Synth 8-3331] design grp_task_module has unconnected port sw[14]
WARNING: [Synth 8-3331] design grp_task_module has unconnected port sw[13]
WARNING: [Synth 8-3331] design grp_task_module has unconnected port sw[12]
WARNING: [Synth 8-3331] design grp_task_module has unconnected port sw[11]
WARNING: [Synth 8-3331] design grp_task_module has unconnected port sw[10]
WARNING: [Synth 8-3331] design grp_task_module has unconnected port sw[9]
WARNING: [Synth 8-3331] design grp_task_module has unconnected port sw[8]
WARNING: [Synth 8-3331] design grp_task_module has unconnected port sw[7]
WARNING: [Synth 8-3331] design grp_task_module has unconnected port sw[6]
WARNING: [Synth 8-3331] design grp_task_module has unconnected port sw[5]
WARNING: [Synth 8-3331] design grp_task_module has unconnected port sw[4]
WARNING: [Synth 8-3331] design grp_task_module has unconnected port sw[2]
WARNING: [Synth 8-3331] design grp_task_module has unconnected port sw[1]
WARNING: [Synth 8-3331] design grp_task_module has unconnected port sw[0]
WARNING: [Synth 8-3331] design grp_task_module has unconnected port current_option[2]
WARNING: [Synth 8-3331] design grp_task_module has unconnected port current_option[1]
WARNING: [Synth 8-3331] design grp_task_module has unconnected port current_option[0]
WARNING: [Synth 8-3331] design Top_Student has unconnected port JC[2]
WARNING: [Synth 8-3331] design Top_Student has unconnected port btnC
---------------------------------------------------------------------------------
Finished RTL Elaboration : Time (s): cpu = 00:00:03 ; elapsed = 00:00:03 . Memory (MB): peak = 1798.648 ; gain = 168.250
---------------------------------------------------------------------------------

Report Check Netlist: 
+------+------------------+-------+---------+-------+------------------+
|      |Item              |Errors |Warnings |Status |Description       |
+------+------------------+-------+---------+-------+------------------+
|1     |multi_driven_nets |      0|        0|Passed |Multi driven nets |
+------+------------------+-------+---------+-------+------------------+
---------------------------------------------------------------------------------
Start Handling Custom Attributes
---------------------------------------------------------------------------------
---------------------------------------------------------------------------------
Finished Handling Custom Attributes : Time (s): cpu = 00:00:03 ; elapsed = 00:00:04 . Memory (MB): peak = 1798.648 ; gain = 168.250
---------------------------------------------------------------------------------
---------------------------------------------------------------------------------
Finished RTL Optimization Phase 1 : Time (s): cpu = 00:00:03 ; elapsed = 00:00:04 . Memory (MB): peak = 1798.648 ; gain = 168.250
---------------------------------------------------------------------------------
INFO: [Device 21-403] Loading part xc7a35tcpg236-1
INFO: [Project 1-570] Preparing netlist for logic optimization

Processing XDC Constraints
Initializing timing engine
Parsing XDC File [C:/Users/tangs/OneDrive/Documents/GitHub/EE2026/MouseAudioDisplay/MouseAudioDisplay.srcs/constrs_1/new/Basys3_Master.xdc]
Finished Parsing XDC File [C:/Users/tangs/OneDrive/Documents/GitHub/EE2026/MouseAudioDisplay/MouseAudioDisplay.srcs/constrs_1/new/Basys3_Master.xdc]
Completed Processing XDC Constraints

INFO: [Opt 31-138] Pushed 0 inverter(s) to 0 load pin(s).
INFO: [Project 1-111] Unisim Transformation Summary:
No Unisim elements were transformed.

RTL Elaboration Complete:  : Time (s): cpu = 00:00:12 ; elapsed = 00:00:18 . Memory (MB): peak = 2142.484 ; gain = 512.086
31 Infos, 45 Warnings, 0 Critical Warnings and 0 Errors encountered.
synth_design completed successfully
synth_design: Time (s): cpu = 00:00:12 ; elapsed = 00:00:18 . Memory (MB): peak = 2142.484 ; gain = 512.086
set_property PROBES.FILE {} [get_hw_devices xc7a35t_0]
set_property FULL_PROBES.FILE {} [get_hw_devices xc7a35t_0]
set_property PROGRAM.FILE {C:/Users/tangs/OneDrive/Documents/GitHub/EE2026/MouseAudioDisplay/MouseAudioDisplay.runs/impl_1/Top_Student.bit} [get_hw_devices xc7a35t_0]
program_hw_devices [get_hw_devices xc7a35t_0]
INFO: [Labtools 27-3164] End of startup status: HIGH
refresh_hw_device [lindex [get_hw_devices xc7a35t_0] 0]
INFO: [Labtools 27-1434] Device xc7a35t (JTAG device index = 0) is programmed with a design that has no supported debug core(s) in it.
WARNING: [Labtools 27-3361] The debug hub core was not detected.
Resolution: 
1. Make sure the clock connected to the debug hub (dbg_hub) core is a free running clock and is active.
2. Make sure the BSCAN_SWITCH_USER_MASK device property in Vivado Hardware Manager reflects the user scan chain setting in the design and refresh the device.  To determine the user scan chain setting in the design, open the implemented design and use 'get_property C_USER_SCAN_CHAIN [get_debug_cores dbg_hub]'.
For more details on setting the scan chain property, consult the Vivado Debug and Programming User Guide (UG908).
reset_run synth_1
launch_runs impl_1 -to_step write_bitstream -jobs 6
[Wed Mar 29 09:56:32 2023] Launched synth_1...
Run output will be captured here: C:/Users/tangs/OneDrive/Documents/GitHub/EE2026/MouseAudioDisplay/MouseAudioDisplay.runs/synth_1/runme.log
[Wed Mar 29 09:56:32 2023] Launched impl_1...
Run output will be captured here: C:/Users/tangs/OneDrive/Documents/GitHub/EE2026/MouseAudioDisplay/MouseAudioDisplay.runs/impl_1/runme.log
set_property PROBES.FILE {} [get_hw_devices xc7a35t_0]
set_property FULL_PROBES.FILE {} [get_hw_devices xc7a35t_0]
set_property PROGRAM.FILE {C:/Users/tangs/OneDrive/Documents/GitHub/EE2026/MouseAudioDisplay/MouseAudioDisplay.runs/impl_1/Top_Student.bit} [get_hw_devices xc7a35t_0]
program_hw_devices [get_hw_devices xc7a35t_0]
INFO: [Labtools 27-3164] End of startup status: HIGH
refresh_hw_device [lindex [get_hw_devices xc7a35t_0] 0]
INFO: [Labtools 27-1434] Device xc7a35t (JTAG device index = 0) is programmed with a design that has no supported debug core(s) in it.
WARNING: [Labtools 27-3361] The debug hub core was not detected.
Resolution: 
1. Make sure the clock connected to the debug hub (dbg_hub) core is a free running clock and is active.
2. Make sure the BSCAN_SWITCH_USER_MASK device property in Vivado Hardware Manager reflects the user scan chain setting in the design and refresh the device.  To determine the user scan chain setting in the design, open the implemented design and use 'get_property C_USER_SCAN_CHAIN [get_debug_cores dbg_hub]'.
For more details on setting the scan chain property, consult the Vivado Debug and Programming User Guide (UG908).
set_property PROBES.FILE {} [get_hw_devices xc7a35t_0]
set_property FULL_PROBES.FILE {} [get_hw_devices xc7a35t_0]
set_property PROGRAM.FILE {C:/Users/tangs/OneDrive/Documents/GitHub/EE2026/MouseAudioDisplay/MouseAudioDisplay.runs/impl_1/Top_Student.bit} [get_hw_devices xc7a35t_0]
program_hw_devices [get_hw_devices xc7a35t_0]
INFO: [Labtools 27-3164] End of startup status: HIGH
refresh_hw_device [lindex [get_hw_devices xc7a35t_0] 0]
INFO: [Labtools 27-1434] Device xc7a35t (JTAG device index = 0) is programmed with a design that has no supported debug core(s) in it.
WARNING: [Labtools 27-3361] The debug hub core was not detected.
Resolution: 
1. Make sure the clock connected to the debug hub (dbg_hub) core is a free running clock and is active.
2. Make sure the BSCAN_SWITCH_USER_MASK device property in Vivado Hardware Manager reflects the user scan chain setting in the design and refresh the device.  To determine the user scan chain setting in the design, open the implemented design and use 'get_property C_USER_SCAN_CHAIN [get_debug_cores dbg_hub]'.
For more details on setting the scan chain property, consult the Vivado Debug and Programming User Guide (UG908).
reset_run synth_1
launch_runs impl_1 -to_step write_bitstream -jobs 6
[Wed Mar 29 10:03:19 2023] Launched synth_1...
Run output will be captured here: C:/Users/tangs/OneDrive/Documents/GitHub/EE2026/MouseAudioDisplay/MouseAudioDisplay.runs/synth_1/runme.log
[Wed Mar 29 10:03:19 2023] Launched impl_1...
Run output will be captured here: C:/Users/tangs/OneDrive/Documents/GitHub/EE2026/MouseAudioDisplay/MouseAudioDisplay.runs/impl_1/runme.log
set_property PROBES.FILE {} [get_hw_devices xc7a35t_0]
set_property FULL_PROBES.FILE {} [get_hw_devices xc7a35t_0]
set_property PROGRAM.FILE {C:/Users/tangs/OneDrive/Documents/GitHub/EE2026/MouseAudioDisplay/MouseAudioDisplay.runs/impl_1/Top_Student.bit} [get_hw_devices xc7a35t_0]
program_hw_devices [get_hw_devices xc7a35t_0]
INFO: [Labtools 27-3164] End of startup status: HIGH
refresh_hw_device [lindex [get_hw_devices xc7a35t_0] 0]
INFO: [Labtools 27-1434] Device xc7a35t (JTAG device index = 0) is programmed with a design that has no supported debug core(s) in it.
WARNING: [Labtools 27-3361] The debug hub core was not detected.
Resolution: 
1. Make sure the clock connected to the debug hub (dbg_hub) core is a free running clock and is active.
2. Make sure the BSCAN_SWITCH_USER_MASK device property in Vivado Hardware Manager reflects the user scan chain setting in the design and refresh the device.  To determine the user scan chain setting in the design, open the implemented design and use 'get_property C_USER_SCAN_CHAIN [get_debug_cores dbg_hub]'.
For more details on setting the scan chain property, consult the Vivado Debug and Programming User Guide (UG908).
reset_run synth_1
launch_runs impl_1 -to_step write_bitstream -jobs 6
[Wed Mar 29 10:06:14 2023] Launched synth_1...
Run output will be captured here: C:/Users/tangs/OneDrive/Documents/GitHub/EE2026/MouseAudioDisplay/MouseAudioDisplay.runs/synth_1/runme.log
[Wed Mar 29 10:06:14 2023] Launched impl_1...
Run output will be captured here: C:/Users/tangs/OneDrive/Documents/GitHub/EE2026/MouseAudioDisplay/MouseAudioDisplay.runs/impl_1/runme.log
set_property PROBES.FILE {} [get_hw_devices xc7a35t_0]
set_property FULL_PROBES.FILE {} [get_hw_devices xc7a35t_0]
set_property PROGRAM.FILE {C:/Users/tangs/OneDrive/Documents/GitHub/EE2026/MouseAudioDisplay/MouseAudioDisplay.runs/impl_1/Top_Student.bit} [get_hw_devices xc7a35t_0]
program_hw_devices [get_hw_devices xc7a35t_0]
INFO: [Labtools 27-3164] End of startup status: HIGH
refresh_hw_device [lindex [get_hw_devices xc7a35t_0] 0]
INFO: [Labtools 27-1434] Device xc7a35t (JTAG device index = 0) is programmed with a design that has no supported debug core(s) in it.
WARNING: [Labtools 27-3361] The debug hub core was not detected.
Resolution: 
1. Make sure the clock connected to the debug hub (dbg_hub) core is a free running clock and is active.
2. Make sure the BSCAN_SWITCH_USER_MASK device property in Vivado Hardware Manager reflects the user scan chain setting in the design and refresh the device.  To determine the user scan chain setting in the design, open the implemented design and use 'get_property C_USER_SCAN_CHAIN [get_debug_cores dbg_hub]'.
For more details on setting the scan chain property, consult the Vivado Debug and Programming User Guide (UG908).
reset_run synth_1
launch_runs impl_1 -to_step write_bitstream -jobs 6
[Wed Mar 29 10:10:30 2023] Launched synth_1...
Run output will be captured here: C:/Users/tangs/OneDrive/Documents/GitHub/EE2026/MouseAudioDisplay/MouseAudioDisplay.runs/synth_1/runme.log
[Wed Mar 29 10:10:30 2023] Launched impl_1...
Run output will be captured here: C:/Users/tangs/OneDrive/Documents/GitHub/EE2026/MouseAudioDisplay/MouseAudioDisplay.runs/impl_1/runme.log
reset_run synth_1
launch_runs impl_1 -to_step write_bitstream -jobs 6
[Wed Mar 29 10:11:58 2023] Launched synth_1...
Run output will be captured here: C:/Users/tangs/OneDrive/Documents/GitHub/EE2026/MouseAudioDisplay/MouseAudioDisplay.runs/synth_1/runme.log
[Wed Mar 29 10:11:58 2023] Launched impl_1...
Run output will be captured here: C:/Users/tangs/OneDrive/Documents/GitHub/EE2026/MouseAudioDisplay/MouseAudioDisplay.runs/impl_1/runme.log
set_property PROBES.FILE {} [get_hw_devices xc7a35t_0]
set_property FULL_PROBES.FILE {} [get_hw_devices xc7a35t_0]
set_property PROGRAM.FILE {C:/Users/tangs/OneDrive/Documents/GitHub/EE2026/MouseAudioDisplay/MouseAudioDisplay.runs/impl_1/Top_Student.bit} [get_hw_devices xc7a35t_0]
program_hw_devices [get_hw_devices xc7a35t_0]
INFO: [Labtools 27-3164] End of startup status: HIGH
refresh_hw_device [lindex [get_hw_devices xc7a35t_0] 0]
INFO: [Labtools 27-1434] Device xc7a35t (JTAG device index = 0) is programmed with a design that has no supported debug core(s) in it.
WARNING: [Labtools 27-3361] The debug hub core was not detected.
Resolution: 
1. Make sure the clock connected to the debug hub (dbg_hub) core is a free running clock and is active.
2. Make sure the BSCAN_SWITCH_USER_MASK device property in Vivado Hardware Manager reflects the user scan chain setting in the design and refresh the device.  To determine the user scan chain setting in the design, open the implemented design and use 'get_property C_USER_SCAN_CHAIN [get_debug_cores dbg_hub]'.
For more details on setting the scan chain property, consult the Vivado Debug and Programming User Guide (UG908).
reset_run synth_1
launch_runs impl_1 -to_step write_bitstream -jobs 6
[Wed Mar 29 10:16:43 2023] Launched synth_1...
Run output will be captured here: C:/Users/tangs/OneDrive/Documents/GitHub/EE2026/MouseAudioDisplay/MouseAudioDisplay.runs/synth_1/runme.log
[Wed Mar 29 10:16:43 2023] Launched impl_1...
Run output will be captured here: C:/Users/tangs/OneDrive/Documents/GitHub/EE2026/MouseAudioDisplay/MouseAudioDisplay.runs/impl_1/runme.log
reset_run synth_1
launch_runs impl_1 -to_step write_bitstream -jobs 6
[Wed Mar 29 10:22:46 2023] Launched synth_1...
Run output will be captured here: C:/Users/tangs/OneDrive/Documents/GitHub/EE2026/MouseAudioDisplay/MouseAudioDisplay.runs/synth_1/runme.log
[Wed Mar 29 10:22:46 2023] Launched impl_1...
Run output will be captured here: C:/Users/tangs/OneDrive/Documents/GitHub/EE2026/MouseAudioDisplay/MouseAudioDisplay.runs/impl_1/runme.log
set_property PROBES.FILE {} [get_hw_devices xc7a35t_0]
set_property FULL_PROBES.FILE {} [get_hw_devices xc7a35t_0]
set_property PROGRAM.FILE {C:/Users/tangs/OneDrive/Documents/GitHub/EE2026/MouseAudioDisplay/MouseAudioDisplay.runs/impl_1/Top_Student.bit} [get_hw_devices xc7a35t_0]
program_hw_devices [get_hw_devices xc7a35t_0]
INFO: [Labtools 27-3164] End of startup status: HIGH
refresh_hw_device [lindex [get_hw_devices xc7a35t_0] 0]
INFO: [Labtools 27-1434] Device xc7a35t (JTAG device index = 0) is programmed with a design that has no supported debug core(s) in it.
WARNING: [Labtools 27-3361] The debug hub core was not detected.
Resolution: 
1. Make sure the clock connected to the debug hub (dbg_hub) core is a free running clock and is active.
2. Make sure the BSCAN_SWITCH_USER_MASK device property in Vivado Hardware Manager reflects the user scan chain setting in the design and refresh the device.  To determine the user scan chain setting in the design, open the implemented design and use 'get_property C_USER_SCAN_CHAIN [get_debug_cores dbg_hub]'.
For more details on setting the scan chain property, consult the Vivado Debug and Programming User Guide (UG908).
reset_run synth_1
launch_runs impl_1 -to_step write_bitstream -jobs 6
[Wed Mar 29 10:28:27 2023] Launched synth_1...
Run output will be captured here: C:/Users/tangs/OneDrive/Documents/GitHub/EE2026/MouseAudioDisplay/MouseAudioDisplay.runs/synth_1/runme.log
[Wed Mar 29 10:28:27 2023] Launched impl_1...
Run output will be captured here: C:/Users/tangs/OneDrive/Documents/GitHub/EE2026/MouseAudioDisplay/MouseAudioDisplay.runs/impl_1/runme.log
refresh_design
WARNING: [Synth 8-2644] root scope declaration is not allowed in verilog 95/2K mode [C:/Users/tangs/OneDrive/Documents/GitHub/EE2026/MouseAudioDisplay/MouseAudioDisplay.srcs/sources_1/new/Top_Student.v:13]
WARNING: [Synth 8-2644] root scope declaration is not allowed in verilog 95/2K mode [C:/Users/tangs/OneDrive/Documents/GitHub/EE2026/MouseAudioDisplay/MouseAudioDisplay.srcs/sources_1/new/Top_Student.v:14]
WARNING: [Synth 8-2644] root scope declaration is not allowed in verilog 95/2K mode [C:/Users/tangs/OneDrive/Documents/GitHub/EE2026/MouseAudioDisplay/MouseAudioDisplay.srcs/sources_1/new/Top_Student.v:15]
WARNING: [Synth 8-2644] root scope declaration is not allowed in verilog 95/2K mode [C:/Users/tangs/OneDrive/Documents/GitHub/EE2026/MouseAudioDisplay/MouseAudioDisplay.srcs/sources_1/new/Top_Student.v:16]
---------------------------------------------------------------------------------
Starting RTL Elaboration : Time (s): cpu = 00:00:01 ; elapsed = 00:00:02 . Memory (MB): peak = 2152.465 ; gain = 0.000
---------------------------------------------------------------------------------
INFO: [Synth 8-6157] synthesizing module 'Top_Student' [C:/Users/tangs/OneDrive/Documents/GitHub/EE2026/MouseAudioDisplay/MouseAudioDisplay.srcs/sources_1/new/Top_Student.v:18]
INFO: [Synth 8-6157] synthesizing module 'clk_variable' [C:/Users/tangs/OneDrive/Documents/GitHub/EE2026/MouseAudioDisplay/MouseAudioDisplay.srcs/sources_1/new/clk_variable.v:23]
INFO: [Synth 8-6155] done synthesizing module 'clk_variable' (1#1) [C:/Users/tangs/OneDrive/Documents/GitHub/EE2026/MouseAudioDisplay/MouseAudioDisplay.srcs/sources_1/new/clk_variable.v:23]
INFO: [Synth 8-6157] synthesizing module 'Audio_Input' [C:/Users/tangs/OneDrive/Documents/GitHub/EE2026/MouseAudioDisplay/MouseAudioDisplay.srcs/sources_1/imports/Desktop/Audio_Input.v:25]
INFO: [Synth 8-6155] done synthesizing module 'Audio_Input' (2#1) [C:/Users/tangs/OneDrive/Documents/GitHub/EE2026/MouseAudioDisplay/MouseAudioDisplay.srcs/sources_1/imports/Desktop/Audio_Input.v:25]
INFO: [Synth 8-6157] synthesizing module 'audio_level_calc' [C:/Users/tangs/OneDrive/Documents/GitHub/EE2026/MouseAudioDisplay/MouseAudioDisplay.srcs/sources_1/new/audio_level_calc.v:23]
INFO: [Synth 8-6155] done synthesizing module 'audio_level_calc' (3#1) [C:/Users/tangs/OneDrive/Documents/GitHub/EE2026/MouseAudioDisplay/MouseAudioDisplay.srcs/sources_1/new/audio_level_calc.v:23]
INFO: [Synth 8-6157] synthesizing module 'display_led' [C:/Users/tangs/OneDrive/Documents/GitHub/EE2026/MouseAudioDisplay/MouseAudioDisplay.srcs/sources_1/new/audio_intensity.v:23]
INFO: [Synth 8-155] case statement is not full and has no default [C:/Users/tangs/OneDrive/Documents/GitHub/EE2026/MouseAudioDisplay/MouseAudioDisplay.srcs/sources_1/new/audio_intensity.v:33]
INFO: [Synth 8-6155] done synthesizing module 'display_led' (4#1) [C:/Users/tangs/OneDrive/Documents/GitHub/EE2026/MouseAudioDisplay/MouseAudioDisplay.srcs/sources_1/new/audio_intensity.v:23]
WARNING: [Synth 8-689] width (16) of port connection 'led' does not match port width (9) of module 'display_led' [C:/Users/tangs/OneDrive/Documents/GitHub/EE2026/MouseAudioDisplay/MouseAudioDisplay.srcs/sources_1/new/Top_Student.v:145]
INFO: [Synth 8-638] synthesizing module 'MouseCtl' [C:/Users/tangs/OneDrive/Documents/GitHub/EE2026/MouseAudioDisplay/MouseAudioDisplay.srcs/sources_1/imports/Desktop/Mouse_Control.vhd:212]
	Parameter SYSCLK_FREQUENCY_HZ bound to: 100000000 - type: integer 
	Parameter CHECK_PERIOD_MS bound to: 500 - type: integer 
	Parameter TIMEOUT_PERIOD_MS bound to: 100 - type: integer 
INFO: [Synth 8-3491] module 'Ps2Interface' declared at 'C:/Users/tangs/OneDrive/Documents/GitHub/EE2026/MouseAudioDisplay/MouseAudioDisplay.srcs/sources_1/imports/Desktop/Ps2Interface.vhd:156' bound to instance 'Inst_Ps2Interface' of component 'Ps2Interface' [C:/Users/tangs/OneDrive/Documents/GitHub/EE2026/MouseAudioDisplay/MouseAudioDisplay.srcs/sources_1/imports/Desktop/Mouse_Control.vhd:374]
INFO: [Synth 8-638] synthesizing module 'Ps2Interface' [C:/Users/tangs/OneDrive/Documents/GitHub/EE2026/MouseAudioDisplay/MouseAudioDisplay.srcs/sources_1/imports/Desktop/Ps2Interface.vhd:184]
INFO: [Synth 8-256] done synthesizing module 'Ps2Interface' (5#1) [C:/Users/tangs/OneDrive/Documents/GitHub/EE2026/MouseAudioDisplay/MouseAudioDisplay.srcs/sources_1/imports/Desktop/Ps2Interface.vhd:184]
WARNING: [Synth 8-6014] Unused sequential element inc_reg was removed.  [C:/Users/tangs/OneDrive/Documents/GitHub/EE2026/MouseAudioDisplay/MouseAudioDisplay.srcs/sources_1/imports/Desktop/Mouse_Control.vhd:455]
WARNING: [Synth 8-6014] Unused sequential element x_inter_reg was removed.  [C:/Users/tangs/OneDrive/Documents/GitHub/EE2026/MouseAudioDisplay/MouseAudioDisplay.srcs/sources_1/imports/Desktop/Mouse_Control.vhd:461]
WARNING: [Synth 8-6014] Unused sequential element inc_reg was removed.  [C:/Users/tangs/OneDrive/Documents/GitHub/EE2026/MouseAudioDisplay/MouseAudioDisplay.srcs/sources_1/imports/Desktop/Mouse_Control.vhd:519]
WARNING: [Synth 8-6014] Unused sequential element y_inter_reg was removed.  [C:/Users/tangs/OneDrive/Documents/GitHub/EE2026/MouseAudioDisplay/MouseAudioDisplay.srcs/sources_1/imports/Desktop/Mouse_Control.vhd:525]
INFO: [Synth 8-256] done synthesizing module 'MouseCtl' (6#1) [C:/Users/tangs/OneDrive/Documents/GitHub/EE2026/MouseAudioDisplay/MouseAudioDisplay.srcs/sources_1/imports/Desktop/Mouse_Control.vhd:212]
INFO: [Synth 8-6157] synthesizing module 'xycoordinate' [C:/Users/tangs/OneDrive/Documents/GitHub/EE2026/MouseAudioDisplay/MouseAudioDisplay.srcs/sources_1/new/xycoordinate.v:23]
INFO: [Synth 8-6155] done synthesizing module 'xycoordinate' (7#1) [C:/Users/tangs/OneDrive/Documents/GitHub/EE2026/MouseAudioDisplay/MouseAudioDisplay.srcs/sources_1/new/xycoordinate.v:23]
INFO: [Synth 8-6157] synthesizing module 'grp_task_module' [C:/Users/tangs/OneDrive/Documents/GitHub/EE2026/MouseAudioDisplay/MouseAudioDisplay.srcs/sources_1/new/grp_task.v:23]
	Parameter green bound to: 16'b0000011111100000 
	Parameter red bound to: 16'b1111100000000000 
	Parameter black bound to: 16'b0000000000000000 
	Parameter white bound to: 16'b1111111111111111 
INFO: [Synth 8-6155] done synthesizing module 'grp_task_module' (8#1) [C:/Users/tangs/OneDrive/Documents/GitHub/EE2026/MouseAudioDisplay/MouseAudioDisplay.srcs/sources_1/new/grp_task.v:23]
WARNING: [Synth 8-689] width (4) of port connection 'seg_num1' does not match port width (7) of module 'grp_task_module' [C:/Users/tangs/OneDrive/Documents/GitHub/EE2026/MouseAudioDisplay/MouseAudioDisplay.srcs/sources_1/new/Top_Student.v:163]
INFO: [Synth 8-6157] synthesizing module 'display_seg' [C:/Users/tangs/OneDrive/Documents/GitHub/EE2026/MouseAudioDisplay/MouseAudioDisplay.srcs/sources_1/new/display_seg.v:23]
INFO: [Synth 8-155] case statement is not full and has no default [C:/Users/tangs/OneDrive/Documents/GitHub/EE2026/MouseAudioDisplay/MouseAudioDisplay.srcs/sources_1/new/display_seg.v:46]
INFO: [Synth 8-6155] done synthesizing module 'display_seg' (9#1) [C:/Users/tangs/OneDrive/Documents/GitHub/EE2026/MouseAudioDisplay/MouseAudioDisplay.srcs/sources_1/new/display_seg.v:23]
WARNING: [Synth 8-689] width (4) of port connection 'seg_num1' does not match port width (7) of module 'display_seg' [C:/Users/tangs/OneDrive/Documents/GitHub/EE2026/MouseAudioDisplay/MouseAudioDisplay.srcs/sources_1/new/Top_Student.v:164]
WARNING: [Synth 8-689] width (3) of port connection 'reset_n' does not match port width (1) of module 'display_seg' [C:/Users/tangs/OneDrive/Documents/GitHub/EE2026/MouseAudioDisplay/MouseAudioDisplay.srcs/sources_1/new/Top_Student.v:164]
WARNING: [Synth 8-350] instance 'ds' of module 'display_seg' requires 10 connections, but only 9 given [C:/Users/tangs/OneDrive/Documents/GitHub/EE2026/MouseAudioDisplay/MouseAudioDisplay.srcs/sources_1/new/Top_Student.v:164]
INFO: [Synth 8-6157] synthesizing module 'Oled_Display' [C:/Users/tangs/OneDrive/Documents/GitHub/EE2026/MouseAudioDisplay/MouseAudioDisplay.srcs/sources_1/imports/Desktop/Oled_Display.v:36]
	Parameter Width bound to: 96 - type: integer 
	Parameter Height bound to: 64 - type: integer 
	Parameter PixelCount bound to: 6144 - type: integer 
	Parameter PixelCountWidth bound to: 13 - type: integer 
	Parameter ClkFreq bound to: 6250000 - type: integer 
	Parameter FrameFreq bound to: 60 - type: integer 
	Parameter FrameDiv bound to: 104166 - type: integer 
	Parameter FrameDivWidth bound to: 17 - type: integer 
	Parameter PowerDelay bound to: 20 - type: integer 
	Parameter ResetDelay bound to: 3 - type: integer 
	Parameter VccEnDelay bound to: 20 - type: integer 
	Parameter StartupCompleteDelay bound to: 100 - type: integer 
	Parameter MaxDelay bound to: 100 - type: integer 
	Parameter MaxDelayCount bound to: 625000 - type: integer 
	Parameter StateCount bound to: 32 - type: integer 
	Parameter StateWidth bound to: 5 - type: integer 
	Parameter PowerUp bound to: 5'b00000 
	Parameter Reset bound to: 5'b00001 
	Parameter ReleaseReset bound to: 5'b00011 
	Parameter EnableDriver bound to: 5'b00010 
	Parameter DisplayOff bound to: 5'b00110 
	Parameter SetRemapDisplayFormat bound to: 5'b00111 
	Parameter SetStartLine bound to: 5'b00101 
	Parameter SetOffset bound to: 5'b00100 
	Parameter SetNormalDisplay bound to: 5'b01100 
	Parameter SetMultiplexRatio bound to: 5'b01101 
	Parameter SetMasterConfiguration bound to: 5'b01111 
	Parameter DisablePowerSave bound to: 5'b01110 
	Parameter SetPhaseAdjust bound to: 5'b01010 
	Parameter SetDisplayClock bound to: 5'b01011 
	Parameter SetSecondPrechargeA bound to: 5'b01001 
	Parameter SetSecondPrechargeB bound to: 5'b01000 
	Parameter SetSecondPrechargeC bound to: 5'b11000 
	Parameter SetPrechargeLevel bound to: 5'b11001 
	Parameter SetVCOMH bound to: 5'b11011 
	Parameter SetMasterCurrent bound to: 5'b11010 
	Parameter SetContrastA bound to: 5'b11110 
	Parameter SetContrastB bound to: 5'b11111 
	Parameter SetContrastC bound to: 5'b11101 
	Parameter DisableScrolling bound to: 5'b11100 
	Parameter ClearScreen bound to: 5'b10100 
	Parameter VccEn bound to: 5'b10101 
	Parameter DisplayOn bound to: 5'b10111 
	Parameter PrepareNextFrame bound to: 5'b10110 
	Parameter SetColAddress bound to: 5'b10010 
	Parameter SetRowAddress bound to: 5'b10011 
	Parameter WaitNextFrame bound to: 5'b10001 
	Parameter SendPixel bound to: 5'b10000 
	Parameter SpiCommandMaxWidth bound to: 40 - type: integer 
	Parameter SpiCommandBitCountWidth bound to: 6 - type: integer 
INFO: [Synth 8-226] default block is never used [C:/Users/tangs/OneDrive/Documents/GitHub/EE2026/MouseAudioDisplay/MouseAudioDisplay.srcs/sources_1/imports/Desktop/Oled_Display.v:123]
INFO: [Synth 8-226] default block is never used [C:/Users/tangs/OneDrive/Documents/GitHub/EE2026/MouseAudioDisplay/MouseAudioDisplay.srcs/sources_1/imports/Desktop/Oled_Display.v:198]
WARNING: [Synth 8-693] zero replication count - replication ignored [C:/Users/tangs/OneDrive/Documents/GitHub/EE2026/MouseAudioDisplay/MouseAudioDisplay.srcs/sources_1/imports/Desktop/Oled_Display.v:346]
INFO: [Synth 8-6155] done synthesizing module 'Oled_Display' (10#1) [C:/Users/tangs/OneDrive/Documents/GitHub/EE2026/MouseAudioDisplay/MouseAudioDisplay.srcs/sources_1/imports/Desktop/Oled_Display.v:36]
WARNING: [Synth 8-3848] Net oled_data3 in module/entity Top_Student does not have driver. [C:/Users/tangs/OneDrive/Documents/GitHub/EE2026/MouseAudioDisplay/MouseAudioDisplay.srcs/sources_1/new/Top_Student.v:57]
WARNING: [Synth 8-3848] Net oled_data2 in module/entity Top_Student does not have driver. [C:/Users/tangs/OneDrive/Documents/GitHub/EE2026/MouseAudioDisplay/MouseAudioDisplay.srcs/sources_1/new/Top_Student.v:56]
WARNING: [Synth 8-3848] Net oled_data4 in module/entity Top_Student does not have driver. [C:/Users/tangs/OneDrive/Documents/GitHub/EE2026/MouseAudioDisplay/MouseAudioDisplay.srcs/sources_1/new/Top_Student.v:58]
WARNING: [Synth 8-3848] Net oled_data5 in module/entity Top_Student does not have driver. [C:/Users/tangs/OneDrive/Documents/GitHub/EE2026/MouseAudioDisplay/MouseAudioDisplay.srcs/sources_1/new/Top_Student.v:59]
WARNING: [Synth 8-3848] Net oled_data7 in module/entity Top_Student does not have driver. [C:/Users/tangs/OneDrive/Documents/GitHub/EE2026/MouseAudioDisplay/MouseAudioDisplay.srcs/sources_1/new/Top_Student.v:61]
WARNING: [Synth 8-3848] Net oled_data1 in module/entity Top_Student does not have driver. [C:/Users/tangs/OneDrive/Documents/GitHub/EE2026/MouseAudioDisplay/MouseAudioDisplay.srcs/sources_1/new/Top_Student.v:55]
WARNING: [Synth 8-3848] Net sw115 in module/entity Top_Student does not have driver. [C:/Users/tangs/OneDrive/Documents/GitHub/EE2026/MouseAudioDisplay/MouseAudioDisplay.srcs/sources_1/new/Top_Student.v:160]
INFO: [Synth 8-6155] done synthesizing module 'Top_Student' (11#1) [C:/Users/tangs/OneDrive/Documents/GitHub/EE2026/MouseAudioDisplay/MouseAudioDisplay.srcs/sources_1/new/Top_Student.v:18]
WARNING: [Synth 8-3917] design Top_Student has port led[15] driven by constant 0
WARNING: [Synth 8-3917] design Top_Student has port led[14] driven by constant 0
WARNING: [Synth 8-3917] design Top_Student has port led[13] driven by constant 0
WARNING: [Synth 8-3917] design Top_Student has port led[12] driven by constant 0
WARNING: [Synth 8-3917] design Top_Student has port led[11] driven by constant 0
WARNING: [Synth 8-3917] design Top_Student has port led[10] driven by constant 0
WARNING: [Synth 8-3917] design Top_Student has port led[9] driven by constant 0
WARNING: [Synth 8-3331] design display_seg has unconnected port reset_n
WARNING: [Synth 8-3331] design display_seg has unconnected port current_option[2]
WARNING: [Synth 8-3331] design display_seg has unconnected port current_option[1]
WARNING: [Synth 8-3331] design display_seg has unconnected port current_option[0]
WARNING: [Synth 8-3331] design display_seg has unconnected port task_option[2]
WARNING: [Synth 8-3331] design display_seg has unconnected port task_option[1]
WARNING: [Synth 8-3331] design display_seg has unconnected port task_option[0]
WARNING: [Synth 8-3331] design grp_task_module has unconnected port current_option[2]
WARNING: [Synth 8-3331] design grp_task_module has unconnected port current_option[1]
WARNING: [Synth 8-3331] design grp_task_module has unconnected port current_option[0]
WARNING: [Synth 8-3331] design Top_Student has unconnected port JC[2]
WARNING: [Synth 8-3331] design Top_Student has unconnected port sw[13]
WARNING: [Synth 8-3331] design Top_Student has unconnected port sw[12]
WARNING: [Synth 8-3331] design Top_Student has unconnected port sw[11]
WARNING: [Synth 8-3331] design Top_Student has unconnected port sw[10]
WARNING: [Synth 8-3331] design Top_Student has unconnected port sw[9]
WARNING: [Synth 8-3331] design Top_Student has unconnected port sw[8]
WARNING: [Synth 8-3331] design Top_Student has unconnected port sw[7]
WARNING: [Synth 8-3331] design Top_Student has unconnected port sw[6]
WARNING: [Synth 8-3331] design Top_Student has unconnected port sw[5]
WARNING: [Synth 8-3331] design Top_Student has unconnected port sw[4]
WARNING: [Synth 8-3331] design Top_Student has unconnected port sw[2]
WARNING: [Synth 8-3331] design Top_Student has unconnected port sw[1]
WARNING: [Synth 8-3331] design Top_Student has unconnected port sw[0]
WARNING: [Synth 8-3331] design Top_Student has unconnected port btnC
---------------------------------------------------------------------------------
Finished RTL Elaboration : Time (s): cpu = 00:00:01 ; elapsed = 00:00:03 . Memory (MB): peak = 2204.469 ; gain = 52.004
---------------------------------------------------------------------------------

Report Check Netlist: 
+------+------------------+-------+---------+-------+------------------+
|      |Item              |Errors |Warnings |Status |Description       |
+------+------------------+-------+---------+-------+------------------+
|1     |multi_driven_nets |      0|        0|Passed |Multi driven nets |
+------+------------------+-------+---------+-------+------------------+
WARNING: [Synth 8-3295] tying undriven pin oledGrpTask:sw15 to constant 0 [C:/Users/tangs/OneDrive/Documents/GitHub/EE2026/MouseAudioDisplay/MouseAudioDisplay.srcs/sources_1/new/Top_Student.v:162]
---------------------------------------------------------------------------------
Start Handling Custom Attributes
---------------------------------------------------------------------------------
---------------------------------------------------------------------------------
Finished Handling Custom Attributes : Time (s): cpu = 00:00:01 ; elapsed = 00:00:03 . Memory (MB): peak = 2204.469 ; gain = 52.004
---------------------------------------------------------------------------------
---------------------------------------------------------------------------------
Finished RTL Optimization Phase 1 : Time (s): cpu = 00:00:01 ; elapsed = 00:00:03 . Memory (MB): peak = 2204.469 ; gain = 52.004
---------------------------------------------------------------------------------
INFO: [Project 1-570] Preparing netlist for logic optimization
INFO: [Opt 31-141] Inserted 7 OBUFs to IO ports without IO buffers.

Processing XDC Constraints
Initializing timing engine
Parsing XDC File [C:/Users/tangs/OneDrive/Documents/GitHub/EE2026/MouseAudioDisplay/MouseAudioDisplay.srcs/constrs_1/new/Basys3_Master.xdc]
WARNING: [Vivado 12-584] No ports matched 'sw[15]'. [C:/Users/tangs/OneDrive/Documents/GitHub/EE2026/MouseAudioDisplay/MouseAudioDisplay.srcs/constrs_1/new/Basys3_Master.xdc:42]
CRITICAL WARNING: [Common 17-55] 'set_property' expects at least one object. [C:/Users/tangs/OneDrive/Documents/GitHub/EE2026/MouseAudioDisplay/MouseAudioDisplay.srcs/constrs_1/new/Basys3_Master.xdc:42]
Resolution: If [get_<value>] was used to populate the object, check to make sure this command returns at least one valid object.
Finished Parsing XDC File [C:/Users/tangs/OneDrive/Documents/GitHub/EE2026/MouseAudioDisplay/MouseAudioDisplay.srcs/constrs_1/new/Basys3_Master.xdc]
Completed Processing XDC Constraints

INFO: [Opt 31-138] Pushed 0 inverter(s) to 0 load pin(s).
refresh_design: Time (s): cpu = 00:00:05 ; elapsed = 00:00:08 . Memory (MB): peak = 2216.867 ; gain = 64.402
reset_run synth_1
launch_runs impl_1 -to_step write_bitstream -jobs 6
[Wed Mar 29 10:35:09 2023] Launched synth_1...
Run output will be captured here: C:/Users/tangs/OneDrive/Documents/GitHub/EE2026/MouseAudioDisplay/MouseAudioDisplay.runs/synth_1/runme.log
[Wed Mar 29 10:35:09 2023] Launched impl_1...
Run output will be captured here: C:/Users/tangs/OneDrive/Documents/GitHub/EE2026/MouseAudioDisplay/MouseAudioDisplay.runs/impl_1/runme.log
set_property PROBES.FILE {} [get_hw_devices xc7a35t_0]
set_property FULL_PROBES.FILE {} [get_hw_devices xc7a35t_0]
set_property PROGRAM.FILE {C:/Users/tangs/OneDrive/Documents/GitHub/EE2026/MouseAudioDisplay/MouseAudioDisplay.runs/impl_1/Top_Student.bit} [get_hw_devices xc7a35t_0]
program_hw_devices [get_hw_devices xc7a35t_0]
INFO: [Labtools 27-3164] End of startup status: HIGH
refresh_hw_device [lindex [get_hw_devices xc7a35t_0] 0]
INFO: [Labtools 27-1434] Device xc7a35t (JTAG device index = 0) is programmed with a design that has no supported debug core(s) in it.
WARNING: [Labtools 27-3361] The debug hub core was not detected.
Resolution: 
1. Make sure the clock connected to the debug hub (dbg_hub) core is a free running clock and is active.
2. Make sure the BSCAN_SWITCH_USER_MASK device property in Vivado Hardware Manager reflects the user scan chain setting in the design and refresh the device.  To determine the user scan chain setting in the design, open the implemented design and use 'get_property C_USER_SCAN_CHAIN [get_debug_cores dbg_hub]'.
For more details on setting the scan chain property, consult the Vivado Debug and Programming User Guide (UG908).
reset_run synth_1
launch_runs impl_1 -to_step write_bitstream -jobs 6
[Wed Mar 29 10:38:07 2023] Launched synth_1...
Run output will be captured here: C:/Users/tangs/OneDrive/Documents/GitHub/EE2026/MouseAudioDisplay/MouseAudioDisplay.runs/synth_1/runme.log
[Wed Mar 29 10:38:07 2023] Launched impl_1...
Run output will be captured here: C:/Users/tangs/OneDrive/Documents/GitHub/EE2026/MouseAudioDisplay/MouseAudioDisplay.runs/impl_1/runme.log
set_property PROBES.FILE {} [get_hw_devices xc7a35t_0]
set_property FULL_PROBES.FILE {} [get_hw_devices xc7a35t_0]
set_property PROGRAM.FILE {C:/Users/tangs/OneDrive/Documents/GitHub/EE2026/MouseAudioDisplay/MouseAudioDisplay.runs/impl_1/Top_Student.bit} [get_hw_devices xc7a35t_0]
program_hw_devices [get_hw_devices xc7a35t_0]
INFO: [Labtools 27-3164] End of startup status: HIGH
refresh_hw_device [lindex [get_hw_devices xc7a35t_0] 0]
INFO: [Labtools 27-1434] Device xc7a35t (JTAG device index = 0) is programmed with a design that has no supported debug core(s) in it.
WARNING: [Labtools 27-3361] The debug hub core was not detected.
Resolution: 
1. Make sure the clock connected to the debug hub (dbg_hub) core is a free running clock and is active.
2. Make sure the BSCAN_SWITCH_USER_MASK device property in Vivado Hardware Manager reflects the user scan chain setting in the design and refresh the device.  To determine the user scan chain setting in the design, open the implemented design and use 'get_property C_USER_SCAN_CHAIN [get_debug_cores dbg_hub]'.
For more details on setting the scan chain property, consult the Vivado Debug and Programming User Guide (UG908).
set_property PROBES.FILE {} [get_hw_devices xc7a35t_0]
set_property FULL_PROBES.FILE {} [get_hw_devices xc7a35t_0]
set_property PROGRAM.FILE {C:/Users/tangs/OneDrive/Documents/GitHub/EE2026/MouseAudioDisplay/MouseAudioDisplay.runs/impl_1/Top_Student.bit} [get_hw_devices xc7a35t_0]
program_hw_devices [get_hw_devices xc7a35t_0]
INFO: [Labtools 27-3164] End of startup status: HIGH
refresh_hw_device [lindex [get_hw_devices xc7a35t_0] 0]
INFO: [Labtools 27-1434] Device xc7a35t (JTAG device index = 0) is programmed with a design that has no supported debug core(s) in it.
WARNING: [Labtools 27-3361] The debug hub core was not detected.
Resolution: 
1. Make sure the clock connected to the debug hub (dbg_hub) core is a free running clock and is active.
2. Make sure the BSCAN_SWITCH_USER_MASK device property in Vivado Hardware Manager reflects the user scan chain setting in the design and refresh the device.  To determine the user scan chain setting in the design, open the implemented design and use 'get_property C_USER_SCAN_CHAIN [get_debug_cores dbg_hub]'.
For more details on setting the scan chain property, consult the Vivado Debug and Programming User Guide (UG908).
update_compile_order -fileset sources_1
reset_run synth_1
launch_runs impl_1 -to_step write_bitstream -jobs 6
[Wed Mar 29 10:41:09 2023] Launched synth_1...
Run output will be captured here: C:/Users/tangs/OneDrive/Documents/GitHub/EE2026/MouseAudioDisplay/MouseAudioDisplay.runs/synth_1/runme.log
[Wed Mar 29 10:41:09 2023] Launched impl_1...
Run output will be captured here: C:/Users/tangs/OneDrive/Documents/GitHub/EE2026/MouseAudioDisplay/MouseAudioDisplay.runs/impl_1/runme.log
reset_run synth_1
launch_runs impl_1 -to_step write_bitstream -jobs 6
[Wed Mar 29 10:41:30 2023] Launched synth_1...
Run output will be captured here: C:/Users/tangs/OneDrive/Documents/GitHub/EE2026/MouseAudioDisplay/MouseAudioDisplay.runs/synth_1/runme.log
[Wed Mar 29 10:41:30 2023] Launched impl_1...
Run output will be captured here: C:/Users/tangs/OneDrive/Documents/GitHub/EE2026/MouseAudioDisplay/MouseAudioDisplay.runs/impl_1/runme.log
set_property PROBES.FILE {} [get_hw_devices xc7a35t_0]
set_property FULL_PROBES.FILE {} [get_hw_devices xc7a35t_0]
set_property PROGRAM.FILE {C:/Users/tangs/OneDrive/Documents/GitHub/EE2026/MouseAudioDisplay/MouseAudioDisplay.runs/impl_1/Top_Student.bit} [get_hw_devices xc7a35t_0]
program_hw_devices [get_hw_devices xc7a35t_0]
INFO: [Labtools 27-3164] End of startup status: HIGH
refresh_hw_device [lindex [get_hw_devices xc7a35t_0] 0]
INFO: [Labtools 27-1434] Device xc7a35t (JTAG device index = 0) is programmed with a design that has no supported debug core(s) in it.
WARNING: [Labtools 27-3361] The debug hub core was not detected.
Resolution: 
1. Make sure the clock connected to the debug hub (dbg_hub) core is a free running clock and is active.
2. Make sure the BSCAN_SWITCH_USER_MASK device property in Vivado Hardware Manager reflects the user scan chain setting in the design and refresh the device.  To determine the user scan chain setting in the design, open the implemented design and use 'get_property C_USER_SCAN_CHAIN [get_debug_cores dbg_hub]'.
For more details on setting the scan chain property, consult the Vivado Debug and Programming User Guide (UG908).
update_compile_order -fileset sources_1
reset_run synth_1
launch_runs impl_1 -to_step write_bitstream -jobs 6
[Wed Mar 29 11:07:32 2023] Launched synth_1...
Run output will be captured here: C:/Users/tangs/OneDrive/Documents/GitHub/EE2026/MouseAudioDisplay/MouseAudioDisplay.runs/synth_1/runme.log
[Wed Mar 29 11:07:32 2023] Launched impl_1...
Run output will be captured here: C:/Users/tangs/OneDrive/Documents/GitHub/EE2026/MouseAudioDisplay/MouseAudioDisplay.runs/impl_1/runme.log
set_property PROBES.FILE {} [get_hw_devices xc7a35t_0]
set_property FULL_PROBES.FILE {} [get_hw_devices xc7a35t_0]
set_property PROGRAM.FILE {C:/Users/tangs/OneDrive/Documents/GitHub/EE2026/MouseAudioDisplay/MouseAudioDisplay.runs/impl_1/Top_Student.bit} [get_hw_devices xc7a35t_0]
program_hw_devices [get_hw_devices xc7a35t_0]
INFO: [Labtools 27-3164] End of startup status: HIGH
refresh_hw_device [lindex [get_hw_devices xc7a35t_0] 0]
INFO: [Labtools 27-1434] Device xc7a35t (JTAG device index = 0) is programmed with a design that has no supported debug core(s) in it.
WARNING: [Labtools 27-3361] The debug hub core was not detected.
Resolution: 
1. Make sure the clock connected to the debug hub (dbg_hub) core is a free running clock and is active.
2. Make sure the BSCAN_SWITCH_USER_MASK device property in Vivado Hardware Manager reflects the user scan chain setting in the design and refresh the device.  To determine the user scan chain setting in the design, open the implemented design and use 'get_property C_USER_SCAN_CHAIN [get_debug_cores dbg_hub]'.
For more details on setting the scan chain property, consult the Vivado Debug and Programming User Guide (UG908).
reset_run synth_1
launch_runs impl_1 -to_step write_bitstream -jobs 6
[Wed Mar 29 11:22:45 2023] Launched synth_1...
Run output will be captured here: C:/Users/tangs/OneDrive/Documents/GitHub/EE2026/MouseAudioDisplay/MouseAudioDisplay.runs/synth_1/runme.log
[Wed Mar 29 11:22:45 2023] Launched impl_1...
Run output will be captured here: C:/Users/tangs/OneDrive/Documents/GitHub/EE2026/MouseAudioDisplay/MouseAudioDisplay.runs/impl_1/runme.log
reset_run synth_1
launch_runs impl_1 -to_step write_bitstream -jobs 6
[Wed Mar 29 11:27:13 2023] Launched synth_1...
Run output will be captured here: C:/Users/tangs/OneDrive/Documents/GitHub/EE2026/MouseAudioDisplay/MouseAudioDisplay.runs/synth_1/runme.log
[Wed Mar 29 11:27:13 2023] Launched impl_1...
Run output will be captured here: C:/Users/tangs/OneDrive/Documents/GitHub/EE2026/MouseAudioDisplay/MouseAudioDisplay.runs/impl_1/runme.log
set_property PROBES.FILE {} [get_hw_devices xc7a35t_0]
set_property FULL_PROBES.FILE {} [get_hw_devices xc7a35t_0]
set_property PROGRAM.FILE {C:/Users/tangs/OneDrive/Documents/GitHub/EE2026/MouseAudioDisplay/MouseAudioDisplay.runs/impl_1/Top_Student.bit} [get_hw_devices xc7a35t_0]
program_hw_devices [get_hw_devices xc7a35t_0]
INFO: [Labtools 27-3164] End of startup status: HIGH
refresh_hw_device [lindex [get_hw_devices xc7a35t_0] 0]
INFO: [Labtools 27-1434] Device xc7a35t (JTAG device index = 0) is programmed with a design that has no supported debug core(s) in it.
WARNING: [Labtools 27-3361] The debug hub core was not detected.
Resolution: 
1. Make sure the clock connected to the debug hub (dbg_hub) core is a free running clock and is active.
2. Make sure the BSCAN_SWITCH_USER_MASK device property in Vivado Hardware Manager reflects the user scan chain setting in the design and refresh the device.  To determine the user scan chain setting in the design, open the implemented design and use 'get_property C_USER_SCAN_CHAIN [get_debug_cores dbg_hub]'.
For more details on setting the scan chain property, consult the Vivado Debug and Programming User Guide (UG908).
set_property PROBES.FILE {} [get_hw_devices xc7a35t_0]
set_property FULL_PROBES.FILE {} [get_hw_devices xc7a35t_0]
set_property PROGRAM.FILE {C:/Users/tangs/OneDrive/Documents/GitHub/EE2026/MouseAudioDisplay/MouseAudioDisplay.runs/impl_1/Top_Student.bit} [get_hw_devices xc7a35t_0]
program_hw_devices [get_hw_devices xc7a35t_0]
INFO: [Labtools 27-3164] End of startup status: HIGH
refresh_hw_device [lindex [get_hw_devices xc7a35t_0] 0]
INFO: [Labtools 27-1434] Device xc7a35t (JTAG device index = 0) is programmed with a design that has no supported debug core(s) in it.
WARNING: [Labtools 27-3361] The debug hub core was not detected.
Resolution: 
1. Make sure the clock connected to the debug hub (dbg_hub) core is a free running clock and is active.
2. Make sure the BSCAN_SWITCH_USER_MASK device property in Vivado Hardware Manager reflects the user scan chain setting in the design and refresh the device.  To determine the user scan chain setting in the design, open the implemented design and use 'get_property C_USER_SCAN_CHAIN [get_debug_cores dbg_hub]'.
For more details on setting the scan chain property, consult the Vivado Debug and Programming User Guide (UG908).
reset_run synth_1
launch_runs impl_1 -to_step write_bitstream -jobs 6
[Wed Mar 29 11:30:29 2023] Launched synth_1...
Run output will be captured here: C:/Users/tangs/OneDrive/Documents/GitHub/EE2026/MouseAudioDisplay/MouseAudioDisplay.runs/synth_1/runme.log
[Wed Mar 29 11:30:29 2023] Launched impl_1...
Run output will be captured here: C:/Users/tangs/OneDrive/Documents/GitHub/EE2026/MouseAudioDisplay/MouseAudioDisplay.runs/impl_1/runme.log
set_property PROBES.FILE {} [get_hw_devices xc7a35t_0]
set_property FULL_PROBES.FILE {} [get_hw_devices xc7a35t_0]
set_property PROGRAM.FILE {C:/Users/tangs/OneDrive/Documents/GitHub/EE2026/MouseAudioDisplay/MouseAudioDisplay.runs/impl_1/Top_Student.bit} [get_hw_devices xc7a35t_0]
program_hw_devices [get_hw_devices xc7a35t_0]
INFO: [Labtools 27-3164] End of startup status: HIGH
refresh_hw_device [lindex [get_hw_devices xc7a35t_0] 0]
INFO: [Labtools 27-1434] Device xc7a35t (JTAG device index = 0) is programmed with a design that has no supported debug core(s) in it.
WARNING: [Labtools 27-3361] The debug hub core was not detected.
Resolution: 
1. Make sure the clock connected to the debug hub (dbg_hub) core is a free running clock and is active.
2. Make sure the BSCAN_SWITCH_USER_MASK device property in Vivado Hardware Manager reflects the user scan chain setting in the design and refresh the device.  To determine the user scan chain setting in the design, open the implemented design and use 'get_property C_USER_SCAN_CHAIN [get_debug_cores dbg_hub]'.
For more details on setting the scan chain property, consult the Vivado Debug and Programming User Guide (UG908).
reset_run synth_1
launch_runs impl_1 -to_step write_bitstream -jobs 6
[Wed Mar 29 11:34:22 2023] Launched synth_1...
Run output will be captured here: C:/Users/tangs/OneDrive/Documents/GitHub/EE2026/MouseAudioDisplay/MouseAudioDisplay.runs/synth_1/runme.log
[Wed Mar 29 11:34:22 2023] Launched impl_1...
Run output will be captured here: C:/Users/tangs/OneDrive/Documents/GitHub/EE2026/MouseAudioDisplay/MouseAudioDisplay.runs/impl_1/runme.log
set_property PROBES.FILE {} [get_hw_devices xc7a35t_0]
set_property FULL_PROBES.FILE {} [get_hw_devices xc7a35t_0]
set_property PROGRAM.FILE {C:/Users/tangs/OneDrive/Documents/GitHub/EE2026/MouseAudioDisplay/MouseAudioDisplay.runs/impl_1/Top_Student.bit} [get_hw_devices xc7a35t_0]
program_hw_devices [get_hw_devices xc7a35t_0]
INFO: [Labtools 27-3164] End of startup status: HIGH
refresh_hw_device [lindex [get_hw_devices xc7a35t_0] 0]
INFO: [Labtools 27-1434] Device xc7a35t (JTAG device index = 0) is programmed with a design that has no supported debug core(s) in it.
WARNING: [Labtools 27-3361] The debug hub core was not detected.
Resolution: 
1. Make sure the clock connected to the debug hub (dbg_hub) core is a free running clock and is active.
2. Make sure the BSCAN_SWITCH_USER_MASK device property in Vivado Hardware Manager reflects the user scan chain setting in the design and refresh the device.  To determine the user scan chain setting in the design, open the implemented design and use 'get_property C_USER_SCAN_CHAIN [get_debug_cores dbg_hub]'.
For more details on setting the scan chain property, consult the Vivado Debug and Programming User Guide (UG908).
reset_run synth_1
launch_runs impl_1 -to_step write_bitstream -jobs 6
[Wed Mar 29 11:46:21 2023] Launched synth_1...
Run output will be captured here: C:/Users/tangs/OneDrive/Documents/GitHub/EE2026/MouseAudioDisplay/MouseAudioDisplay.runs/synth_1/runme.log
[Wed Mar 29 11:46:21 2023] Launched impl_1...
Run output will be captured here: C:/Users/tangs/OneDrive/Documents/GitHub/EE2026/MouseAudioDisplay/MouseAudioDisplay.runs/impl_1/runme.log
set_property PROBES.FILE {} [get_hw_devices xc7a35t_0]
set_property FULL_PROBES.FILE {} [get_hw_devices xc7a35t_0]
set_property PROGRAM.FILE {C:/Users/tangs/OneDrive/Documents/GitHub/EE2026/MouseAudioDisplay/MouseAudioDisplay.runs/impl_1/Top_Student.bit} [get_hw_devices xc7a35t_0]
program_hw_devices [get_hw_devices xc7a35t_0]
INFO: [Labtools 27-3164] End of startup status: HIGH
refresh_hw_device [lindex [get_hw_devices xc7a35t_0] 0]
INFO: [Labtools 27-1434] Device xc7a35t (JTAG device index = 0) is programmed with a design that has no supported debug core(s) in it.
WARNING: [Labtools 27-3361] The debug hub core was not detected.
Resolution: 
1. Make sure the clock connected to the debug hub (dbg_hub) core is a free running clock and is active.
2. Make sure the BSCAN_SWITCH_USER_MASK device property in Vivado Hardware Manager reflects the user scan chain setting in the design and refresh the device.  To determine the user scan chain setting in the design, open the implemented design and use 'get_property C_USER_SCAN_CHAIN [get_debug_cores dbg_hub]'.
For more details on setting the scan chain property, consult the Vivado Debug and Programming User Guide (UG908).
set_property PROBES.FILE {} [get_hw_devices xc7a35t_0]
set_property FULL_PROBES.FILE {} [get_hw_devices xc7a35t_0]
set_property PROGRAM.FILE {C:/Users/tangs/OneDrive/Documents/GitHub/EE2026/MouseAudioDisplay/MouseAudioDisplay.runs/impl_1/Top_Student.bit} [get_hw_devices xc7a35t_0]
program_hw_devices [get_hw_devices xc7a35t_0]
INFO: [Labtools 27-3164] End of startup status: HIGH
refresh_hw_device [lindex [get_hw_devices xc7a35t_0] 0]
INFO: [Labtools 27-1434] Device xc7a35t (JTAG device index = 0) is programmed with a design that has no supported debug core(s) in it.
WARNING: [Labtools 27-3361] The debug hub core was not detected.
Resolution: 
1. Make sure the clock connected to the debug hub (dbg_hub) core is a free running clock and is active.
2. Make sure the BSCAN_SWITCH_USER_MASK device property in Vivado Hardware Manager reflects the user scan chain setting in the design and refresh the device.  To determine the user scan chain setting in the design, open the implemented design and use 'get_property C_USER_SCAN_CHAIN [get_debug_cores dbg_hub]'.
For more details on setting the scan chain property, consult the Vivado Debug and Programming User Guide (UG908).
reset_run synth_1
launch_runs impl_1 -to_step write_bitstream -jobs 6
[Wed Mar 29 11:54:22 2023] Launched synth_1...
Run output will be captured here: C:/Users/tangs/OneDrive/Documents/GitHub/EE2026/MouseAudioDisplay/MouseAudioDisplay.runs/synth_1/runme.log
[Wed Mar 29 11:54:22 2023] Launched impl_1...
Run output will be captured here: C:/Users/tangs/OneDrive/Documents/GitHub/EE2026/MouseAudioDisplay/MouseAudioDisplay.runs/impl_1/runme.log
set_property PROBES.FILE {} [get_hw_devices xc7a35t_0]
set_property FULL_PROBES.FILE {} [get_hw_devices xc7a35t_0]
set_property PROGRAM.FILE {C:/Users/tangs/OneDrive/Documents/GitHub/EE2026/MouseAudioDisplay/MouseAudioDisplay.runs/impl_1/Top_Student.bit} [get_hw_devices xc7a35t_0]
program_hw_devices [get_hw_devices xc7a35t_0]
INFO: [Labtools 27-3164] End of startup status: HIGH
refresh_hw_device [lindex [get_hw_devices xc7a35t_0] 0]
INFO: [Labtools 27-1434] Device xc7a35t (JTAG device index = 0) is programmed with a design that has no supported debug core(s) in it.
WARNING: [Labtools 27-3361] The debug hub core was not detected.
Resolution: 
1. Make sure the clock connected to the debug hub (dbg_hub) core is a free running clock and is active.
2. Make sure the BSCAN_SWITCH_USER_MASK device property in Vivado Hardware Manager reflects the user scan chain setting in the design and refresh the device.  To determine the user scan chain setting in the design, open the implemented design and use 'get_property C_USER_SCAN_CHAIN [get_debug_cores dbg_hub]'.
For more details on setting the scan chain property, consult the Vivado Debug and Programming User Guide (UG908).
reset_run synth_1
launch_runs impl_1 -to_step write_bitstream -jobs 6
[Wed Mar 29 11:57:59 2023] Launched synth_1...
Run output will be captured here: C:/Users/tangs/OneDrive/Documents/GitHub/EE2026/MouseAudioDisplay/MouseAudioDisplay.runs/synth_1/runme.log
[Wed Mar 29 11:57:59 2023] Launched impl_1...
Run output will be captured here: C:/Users/tangs/OneDrive/Documents/GitHub/EE2026/MouseAudioDisplay/MouseAudioDisplay.runs/impl_1/runme.log
set_property PROBES.FILE {} [get_hw_devices xc7a35t_0]
set_property FULL_PROBES.FILE {} [get_hw_devices xc7a35t_0]
set_property PROGRAM.FILE {C:/Users/tangs/OneDrive/Documents/GitHub/EE2026/MouseAudioDisplay/MouseAudioDisplay.runs/impl_1/Top_Student.bit} [get_hw_devices xc7a35t_0]
program_hw_devices [get_hw_devices xc7a35t_0]
INFO: [Labtools 27-3164] End of startup status: HIGH
refresh_hw_device [lindex [get_hw_devices xc7a35t_0] 0]
INFO: [Labtools 27-1434] Device xc7a35t (JTAG device index = 0) is programmed with a design that has no supported debug core(s) in it.
WARNING: [Labtools 27-3361] The debug hub core was not detected.
Resolution: 
1. Make sure the clock connected to the debug hub (dbg_hub) core is a free running clock and is active.
2. Make sure the BSCAN_SWITCH_USER_MASK device property in Vivado Hardware Manager reflects the user scan chain setting in the design and refresh the device.  To determine the user scan chain setting in the design, open the implemented design and use 'get_property C_USER_SCAN_CHAIN [get_debug_cores dbg_hub]'.
For more details on setting the scan chain property, consult the Vivado Debug and Programming User Guide (UG908).
reset_run impl_1 -prev_step 
launch_runs impl_1 -to_step write_bitstream -jobs 6
WARNING: [Vivado 12-872] Run step 'Design Initialization' is out-of-date.
[Wed Mar 29 12:04:59 2023] Launched impl_1...
Run output will be captured here: C:/Users/tangs/OneDrive/Documents/GitHub/EE2026/MouseAudioDisplay/MouseAudioDisplay.runs/impl_1/runme.log
set_property PROBES.FILE {} [get_hw_devices xc7a35t_0]
set_property FULL_PROBES.FILE {} [get_hw_devices xc7a35t_0]
set_property PROGRAM.FILE {C:/Users/tangs/OneDrive/Documents/GitHub/EE2026/MouseAudioDisplay/MouseAudioDisplay.runs/impl_1/Top_Student.bit} [get_hw_devices xc7a35t_0]
program_hw_devices [get_hw_devices xc7a35t_0]
INFO: [Labtools 27-3164] End of startup status: HIGH
refresh_hw_device [lindex [get_hw_devices xc7a35t_0] 0]
INFO: [Labtools 27-1434] Device xc7a35t (JTAG device index = 0) is programmed with a design that has no supported debug core(s) in it.
WARNING: [Labtools 27-3361] The debug hub core was not detected.
Resolution: 
1. Make sure the clock connected to the debug hub (dbg_hub) core is a free running clock and is active.
2. Make sure the BSCAN_SWITCH_USER_MASK device property in Vivado Hardware Manager reflects the user scan chain setting in the design and refresh the device.  To determine the user scan chain setting in the design, open the implemented design and use 'get_property C_USER_SCAN_CHAIN [get_debug_cores dbg_hub]'.
For more details on setting the scan chain property, consult the Vivado Debug and Programming User Guide (UG908).
reset_run synth_1
launch_runs impl_1 -to_step write_bitstream -jobs 6
[Wed Mar 29 12:11:43 2023] Launched synth_1...
Run output will be captured here: C:/Users/tangs/OneDrive/Documents/GitHub/EE2026/MouseAudioDisplay/MouseAudioDisplay.runs/synth_1/runme.log
[Wed Mar 29 12:11:43 2023] Launched impl_1...
Run output will be captured here: C:/Users/tangs/OneDrive/Documents/GitHub/EE2026/MouseAudioDisplay/MouseAudioDisplay.runs/impl_1/runme.log
set_property PROBES.FILE {} [get_hw_devices xc7a35t_0]
set_property FULL_PROBES.FILE {} [get_hw_devices xc7a35t_0]
set_property PROGRAM.FILE {C:/Users/tangs/OneDrive/Documents/GitHub/EE2026/MouseAudioDisplay/MouseAudioDisplay.runs/impl_1/Top_Student.bit} [get_hw_devices xc7a35t_0]
program_hw_devices [get_hw_devices xc7a35t_0]
INFO: [Labtools 27-3164] End of startup status: HIGH
refresh_hw_device [lindex [get_hw_devices xc7a35t_0] 0]
INFO: [Labtools 27-1434] Device xc7a35t (JTAG device index = 0) is programmed with a design that has no supported debug core(s) in it.
WARNING: [Labtools 27-3361] The debug hub core was not detected.
Resolution: 
1. Make sure the clock connected to the debug hub (dbg_hub) core is a free running clock and is active.
2. Make sure the BSCAN_SWITCH_USER_MASK device property in Vivado Hardware Manager reflects the user scan chain setting in the design and refresh the device.  To determine the user scan chain setting in the design, open the implemented design and use 'get_property C_USER_SCAN_CHAIN [get_debug_cores dbg_hub]'.
For more details on setting the scan chain property, consult the Vivado Debug and Programming User Guide (UG908).
