#-----------------------------------------------------------
# Vivado v2018.2 (64-bit)
# SW Build 2258646 on Thu Jun 14 20:03:12 MDT 2018
# IP Build 2256618 on Thu Jun 14 22:10:49 MDT 2018
# Start of session at: Wed Mar 22 22:13:46 2023
# Process ID: 5344
# Current directory: C:/Users/Joshua/Documents/GitHub/EE2026/MouseAudioDisplay
# Command line: vivado.exe -gui_launcher_event rodinguilauncherevent6032 C:\Users\Joshua\Documents\GitHub\EE2026\MouseAudioDisplay\MouseAudioDisplay.xpr
# Log file: C:/Users/Joshua/Documents/GitHub/EE2026/MouseAudioDisplay/vivado.log
# Journal file: C:/Users/Joshua/Documents/GitHub/EE2026/MouseAudioDisplay\vivado.jou
#-----------------------------------------------------------
start_gui
open_project C:/Users/Joshua/Documents/GitHub/EE2026/MouseAudioDisplay/MouseAudioDisplay.xpr
INFO: [Project 1-313] Project file moved from 'C:/Users/Student/Desktop/MouseAudioDisplayCombi/.Xil/Vivado-16336-EED0900A/PrjAr/_X_' since last save.
Scanning sources...
Finished scanning sources
INFO: [IP_Flow 19-234] Refreshing IP repositories
INFO: [IP_Flow 19-1704] No user IP repositories specified
INFO: [IP_Flow 19-2313] Loaded Vivado IP repository 'C:/Xilinx/Vivado/2018.2/data/ip'.
open_project: Time (s): cpu = 00:00:09 ; elapsed = 00:00:06 . Memory (MB): peak = 881.980 ; gain = 151.223
update_compile_order -fileset sources_1
close [ open C:/Users/Joshua/Documents/GitHub/EE2026/MouseAudioDisplay/MouseAudioDisplay.srcs/sources_1/new/random_generator.v w ]
add_files C:/Users/Joshua/Documents/GitHub/EE2026/MouseAudioDisplay/MouseAudioDisplay.srcs/sources_1/new/random_generator.v
update_compile_order -fileset sources_1
update_compile_order -fileset sources_1
export_ip_user_files -of_objects  [get_files C:/Users/Joshua/Documents/GitHub/EE2026/MouseAudioDisplay/MouseAudioDisplay.srcs/sources_1/new/display_led.v] -no_script -reset -force -quiet
remove_files  C:/Users/Joshua/Documents/GitHub/EE2026/MouseAudioDisplay/MouseAudioDisplay.srcs/sources_1/new/display_led.v
exit
INFO: [Common 17-206] Exiting Vivado at Wed Mar 22 22:49:58 2023...
