Copyright 1986-2018 Xilinx, Inc. All Rights Reserved.
----------------------------------------------------------------------------------------
| Tool Version : Vivado v.2018.2 (win64) Build 2258646 Thu Jun 14 20:03:12 MDT 2018
| Date         : Tue Mar 28 01:55:49 2023
| Host         : DESKTOP-GHKQD81 running 64-bit major release  (build 9200)
| Command      : report_control_sets -verbose -file Top_Student_control_sets_placed.rpt
| Design       : Top_Student
| Device       : xc7a35t
----------------------------------------------------------------------------------------

Control Set Information

Table of Contents
-----------------
1. Summary
2. Histogram
3. Flip-Flop Distribution
4. Detailed Control Set Information

1. Summary
----------

+----------------------------------------------------------+-------+
|                          Status                          | Count |
+----------------------------------------------------------+-------+
| Number of unique control sets                            |    56 |
| Unused register locations in slices containing registers |   120 |
+----------------------------------------------------------+-------+


2. Histogram
------------

+--------+--------------+
| Fanout | Control Sets |
+--------+--------------+
|      2 |           10 |
|      4 |            1 |
|      6 |            3 |
|      8 |            4 |
|     10 |            1 |
|     14 |            2 |
|    16+ |           35 |
+--------+--------------+


3. Flip-Flop Distribution
-------------------------

+--------------+-----------------------+------------------------+-----------------+--------------+
| Clock Enable | Synchronous Set/Reset | Asynchronous Set/Reset | Total Registers | Total Slices |
+--------------+-----------------------+------------------------+-----------------+--------------+
| No           | No                    | No                     |             370 |           85 |
| No           | No                    | Yes                    |               0 |            0 |
| No           | Yes                   | No                     |             736 |           98 |
| Yes          | No                    | No                     |             608 |           99 |
| Yes          | No                    | Yes                    |               0 |            0 |
| Yes          | Yes                   | No                     |             126 |           24 |
+--------------+-----------------------+------------------------+-----------------+--------------+


4. Detailed Control Set Information
-----------------------------------

+---------------------------------------------+------------------------------------------------------+------------------------------------------------------+------------------+----------------+
|                 Clock Signal                |                     Enable Signal                    |                   Set/Reset Signal                   | Slice Load Count | Bel Load Count |
+---------------------------------------------+------------------------------------------------------+------------------------------------------------------+------------------+----------------+
|  mouse/spi_word_reg[34]_10                  |                                                      |                                                      |                1 |              2 |
|  mouse/spi_word_reg[34]_12                  |                                                      |                                                      |                1 |              2 |
|  mouse/spi_word_reg[34]_6                   |                                                      |                                                      |                1 |              2 |
|  mouse/spi_word_reg[34]_11                  |                                                      |                                                      |                1 |              2 |
|  mouse/spi_word_reg[34]_14                  |                                                      |                                                      |                1 |              2 |
|  mouse/spi_word_reg[34]_15                  |                                                      |                                                      |                1 |              2 |
|  mouse/spi_word_reg[34]_9                   |                                                      |                                                      |                1 |              2 |
|  lvl/clk1/clk_out                           |                                                      |                                                      |                1 |              2 |
|  mouseTask/pixel_color_reg[15]_i_2_n_0      |                                                      |                                                      |                1 |              2 |
| ~count_6_25MHz_BUFG                         |                                                      |                                                      |                1 |              2 |
|  oledTask/pixel_color_reg[15]_i_2__0_n_0    |                                                      |                                                      |                1 |              4 |
|  clk3/count_0_16s                           |                                                      |                                                      |                1 |              6 |
|  oledGrpTask/pixel_color_reg[15]_i_2__1_n_0 |                                                      |                                                      |                2 |              6 |
|  nolabel_line172/nolabel_line41/clk_out     |                                                      |                                                      |                1 |              6 |
|  lvl/clk1/clk_out                           | lvl/volume0                                          |                                                      |                1 |              8 |
|  clock_IBUF_BUFG                            | mouse/Inst_Ps2Interface/shift_frame                  | mouse/Inst_Ps2Interface/reset_bit_count              |                2 |              8 |
|  clock_IBUF_BUFG                            |                                                      | mouse/Inst_Ps2Interface/data_inter0                  |                1 |              8 |
|  clock_IBUF_BUFG                            |                                                      | mouse/Inst_Ps2Interface/clk_inter0                   |                1 |              8 |
|  count_6_25MHz_BUFG                         | nolabel_line171/rgb[10]_i_2__0_n_0                   | nolabel_line171/cursor                               |                3 |             10 |
|  clock_IBUF_BUFG                            | mouse/Inst_Ps2Interface/delay_63clk_count[6]_i_2_n_0 | mouse/Inst_Ps2Interface/delay_63clk_count[6]_i_1_n_0 |                2 |             14 |
|  clock_IBUF_BUFG                            | mouse/Inst_Ps2Interface/right_down_reg               |                                                      |                3 |             14 |
|  clock_IBUF_BUFG                            | mouse/Inst_Ps2Interface/x_inc_reg[0]                 |                                                      |                1 |             16 |
|  clock_IBUF_BUFG                            | mouse/Inst_Ps2Interface/load_rx_data                 |                                                      |                1 |             16 |
|  clock_IBUF_BUFG                            | mouse/write_data                                     |                                                      |                2 |             16 |
|  count_6_25MHz_BUFG                         | nolabel_line171/rgb[15]_i_2__0_n_0                   | nolabel_line171/rgb[15]_i_1__0_n_0                   |                4 |             16 |
|  clock_IBUF_BUFG                            | mouse/Inst_Ps2Interface/y_inc_reg[0]                 |                                                      |                3 |             16 |
|  lvl/E[0]                                   |                                                      |                                                      |                3 |             18 |
|  clock_IBUF_BUFG                            | mouse/Inst_Ps2Interface/frame[9]_i_1_n_0             |                                                      |                2 |             20 |
|  clock_IBUF_BUFG                            | mouse/Inst_Ps2Interface/delay_20us_count[10]_i_2_n_0 | mouse/Inst_Ps2Interface/delay_20us_count[10]_i_1_n_0 |                3 |             22 |
|  mouse/E[0]                                 |                                                      |                                                      |                5 |             22 |
|  clock_IBUF_BUFG                            |                                                      | clk20k/J_MIC_Pin1_OBUF                               |                3 |             24 |
|  clock_IBUF_BUFG                            | mouse/x_new_reg_n_0                                  |                                                      |                3 |             24 |
|  clock_IBUF_BUFG                            | mouse/y_new_reg_n_0                                  |                                                      |                4 |             24 |
|  lvl/clk1/clk_out                           | lvl/max_mic0                                         |                                                      |                2 |             24 |
|  lvl/clk1/clk_out                           |                                                      | lvl/count_sample[12]_i_1_n_0                         |                3 |             24 |
|  clk20k/J_MIC_Pin1_OBUF                     |                                                      |                                                      |                4 |             24 |
| ~ai/J_MIC_Pin4_OBUF                         |                                                      |                                                      |                2 |             24 |
|  clock_IBUF_BUFG                            | mouse/Inst_Ps2Interface/delay_100us_count[0]_i_2_n_0 | mouse/Inst_Ps2Interface/clear                        |                4 |             28 |
|  count_6_25MHz_BUFG                         | nolabel_line172/char_count_rep[12]_i_1_n_0           | mouse/SR[0]                                          |                6 |             28 |
| ~count_6_25MHz_BUFG                         |                                                      | oled/frame_counter[16]_i_1_n_0                       |                5 |             34 |
| ~count_6_25MHz_BUFG                         | oled/delay[0]_i_1_n_0                                |                                                      |                5 |             40 |
|  clock_IBUF_BUFG                            |                                                      | mouse/reset_timeout_cnt_reg_n_0                      |                5 |             48 |
|  clock_IBUF_BUFG                            |                                                      | mouse/reset_periodic_check_cnt__0                    |                7 |             52 |
| ~count_6_25MHz_BUFG                         | oled/state                                           |                                                      |               10 |             64 |
|  clock_IBUF_BUFG                            |                                                      | clk20k/clear                                         |                8 |             64 |
|  clock_IBUF_BUFG                            |                                                      | clk3/count[0]_i_1__1_n_0                             |                8 |             64 |
|  clock_IBUF_BUFG                            |                                                      | lvl/clk1/clear                                       |                8 |             64 |
|  clock_IBUF_BUFG                            |                                                      | clk100/count[0]_i_1__2_n_0                           |                8 |             64 |
|  clock_IBUF_BUFG                            |                                                      | clk2/clear                                           |                8 |             64 |
|  clock_IBUF_BUFG                            |                                                      | mw/clk1/clear                                        |                8 |             64 |
|  count_100hz_BUFG                           | scroll_count[31]_i_1_n_0                             |                                                      |               11 |             64 |
|  clock_IBUF_BUFG                            |                                                      | nolabel_line172/nolabel_line41/clear                 |                8 |             64 |
|  count_6_25MHz_BUFG                         | nolabel_line172/char_count_rep[12]_i_1_n_0           |                                                      |               18 |             78 |
| ~count_6_25MHz_BUFG                         |                                                      | oled/spi_word[39]_i_1_n_0                            |               17 |             90 |
|  count_10Hz                                 | mw/capture[22][3]_i_1_n_0                            |                                                      |               33 |            184 |
|  clock_IBUF_BUFG                            |                                                      |                                                      |               56 |            240 |
+---------------------------------------------+------------------------------------------------------+------------------------------------------------------+------------------+----------------+


